2024-07-05 08:58:12 Line: 11, : Request start: ::1
2024-07-05 08:58:13 Line: 102, APISubiektGT\SubiektGT\SubiektObj->get: Pobrano dane obiektu id: 5
2024-07-05 08:58:13 Line: 95, APISubiektGT\SubiektGT\product->get: Request finish: ::1
2024-07-05 09:07:35 Line: 11, : Request start: ::1
2024-07-05 09:07:35 Line: 280, APISubiektGT\SubiektGT\Product->update: Zaktualizowano produkt: MG1
2024-07-05 09:07:35 Line: 95, APISubiektGT\SubiektGT\product->update: Request finish: ::1
2024-07-05 09:07:59 Line: 11, : Request start: ::1
2024-07-05 09:08:00 Line: 280, APISubiektGT\SubiektGT\Product->update: Zaktualizowano produkt: MG1
2024-07-05 09:08:00 Line: 95, APISubiektGT\SubiektGT\product->update: Request finish: ::1
2024-07-05 09:08:20 Line: 11, : Request start: ::1
2024-07-05 09:08:20 Line: 280, APISubiektGT\SubiektGT\Product->update: Zaktualizowano produkt: MG1
2024-07-05 09:08:20 Line: 95, APISubiektGT\SubiektGT\product->update: Request finish: ::1
2024-07-05 09:08:28 Line: 11, : Request start: ::1
2024-07-05 09:08:28 Line: 95, APISubiektGT\SubiektGT\product->update: Request finish: ::1
2024-07-05 09:08:40 Line: 11, : Request start: ::1
2024-07-05 09:08:40 Line: 280, APISubiektGT\SubiektGT\Product->update: Zaktualizowano produkt: MG1
2024-07-05 09:08:40 Line: 95, APISubiektGT\SubiektGT\product->update: Request finish: ::1
2024-07-05 09:08:57 Line: 11, : Request start: ::1
2024-07-05 09:08:58 Line: 280, APISubiektGT\SubiektGT\Product->update: Zaktualizowano produkt: MG1
2024-07-05 09:08:58 Line: 95, APISubiektGT\SubiektGT\product->update: Request finish: ::1
2024-07-05 09:26:49 Line: 11, : Request start: ::1
2024-07-05 09:26:50 Line: 102, APISubiektGT\SubiektGT\SubiektObj->get: Pobrano dane obiektu id: 5
2024-07-05 09:26:50 Line: 95, APISubiektGT\SubiektGT\product->get: Request finish: ::1
2024-07-05 09:27:41 Line: 11, : Request start: ::1
2024-07-05 09:27:42 Line: 178, APISubiektGT\SubiektGT\Product->getPriceCalculations: Pobrano kalkulacje cen: MG1
2024-07-05 09:27:42 Line: 95, APISubiektGT\SubiektGT\product->getPriceCalculations: Request finish: ::1
2024-07-05 09:27:53 Line: 11, : Request start: ::1
2024-07-05 09:27:53 Line: 178, APISubiektGT\SubiektGT\Product->getPriceCalculations: Pobrano kalkulacje cen: MG1
2024-07-05 09:27:53 Line: 95, APISubiektGT\SubiektGT\product->getPriceCalculations: Request finish: ::1
2024-07-05 09:27:56 Line: 11, : Request start: ::1
2024-07-05 09:27:56 Line: 178, APISubiektGT\SubiektGT\Product->getPriceCalculations: Pobrano kalkulacje cen: MG1
2024-07-05 09:27:56 Line: 95, APISubiektGT\SubiektGT\product->getPriceCalculations: Request finish: ::1
2024-07-05 09:28:29 Line: 11, : Request start: ::1
2024-07-05 09:28:30 Line: 178, APISubiektGT\SubiektGT\Product->getPriceCalculations: Pobrano kalkulacje cen: MG1
2024-07-05 09:28:30 Line: 95, APISubiektGT\SubiektGT\product->getPriceCalculations: Request finish: ::1
2024-07-05 09:28:40 Line: 11, : Request start: ::1
2024-07-05 09:28:57 Line: 11, : Request start: ::1
2024-07-05 09:28:58 Line: 95, APISubiektGT\SubiektGT\product->getListByStore: Request finish: ::1
2024-07-05 09:29:34 Line: 11, : Request start: ::1
2024-07-05 09:29:34 Line: 95, APISubiektGT\SubiektGT\product->getGt: Request finish: ::1
2024-07-05 09:38:21 Line: 11, : Request start: ::1
2024-07-05 09:38:21 Line: 102, APISubiektGT\SubiektGT\SubiektObj->get: Pobrano dane obiektu id: 5
2024-07-05 09:38:21 Line: 95, APISubiektGT\SubiektGT\product->get: Request finish: ::1
2024-07-05 09:38:37 Line: 11, : Request start: ::1
2024-07-05 09:38:37 Line: 102, APISubiektGT\SubiektGT\SubiektObj->get: Pobrano dane obiektu id: 5
2024-07-05 09:38:37 Line: 95, APISubiektGT\SubiektGT\product->get: Request finish: ::1
2024-07-05 09:40:28 Line: 11, : Request start: ::1
2024-07-05 09:40:28 Line: 102, APISubiektGT\SubiektGT\SubiektObj->get: Pobrano dane obiektu id: 5
2024-07-05 09:40:28 Line: 95, APISubiektGT\SubiektGT\product->get: Request finish: ::1
2024-07-05 09:40:40 Line: 11, : Request start: ::1
2024-07-05 09:48:55 Line: 11, : Request start: ::1
2024-07-05 09:48:55 Line: 102, APISubiektGT\SubiektGT\SubiektObj->get: Pobrano dane obiektu id: 5
2024-07-05 09:48:55 Line: 95, APISubiektGT\SubiektGT\product->get: Request finish: ::1
2024-07-05 09:49:48 Line: 11, : Request start: ::1
2024-07-05 09:49:56 Line: 11, : Request start: ::1
2024-07-05 09:49:56 Line: 102, APISubiektGT\SubiektGT\SubiektObj->get: Pobrano dane obiektu id: 5
2024-07-05 09:49:56 Line: 95, APISubiektGT\SubiektGT\product->get: Request finish: ::1
2024-07-05 09:51:14 Line: 11, : Request start: ::1
2024-07-05 09:51:15 Line: 95, APISubiektGT\SubiektGT\product->getGt: Request finish: ::1
2024-07-05 09:52:34 Line: 11, : Request start: ::1
2024-07-05 09:52:34 Line: 102, APISubiektGT\SubiektGT\SubiektObj->get: Pobrano dane obiektu id: 5
2024-07-05 09:52:34 Line: 95, APISubiektGT\SubiektGT\product->get: Request finish: ::1
2024-07-05 09:54:47 Line: 11, : Request start: ::1
2024-07-05 09:54:48 Line: 95, APISubiektGT\SubiektGT\product->getQtysByCode: Request finish: ::1
2024-07-05 09:54:55 Line: 11, : Request start: ::1
2024-07-05 09:54:55 Line: 101, APISubiektGT\SubiektGT\SubiektObj->get: Pobrano dane obiektu id: 5
2024-07-05 09:54:55 Line: 95, APISubiektGT\SubiektGT\product->get: Request finish: ::1
2024-07-05 09:57:32 Line: 11, : Request start: ::1
2024-07-05 09:57:32 Line: 101, APISubiektGT\SubiektGT\SubiektObj->get: Pobrano dane obiektu id: 5
2024-07-05 09:57:32 Line: 95, APISubiektGT\SubiektGT\product->get: Request finish: ::1
2024-07-05 09:57:46 Line: 11, : Request start: ::1
2024-07-05 09:57:46 Line: 101, APISubiektGT\SubiektGT\SubiektObj->get: Pobrano dane obiektu id: 5
2024-07-05 09:57:46 Line: 95, APISubiektGT\SubiektGT\product->get: Request finish: ::1
2024-07-05 10:00:25 Line: 11, : Request start: ::1
2024-07-05 10:00:25 Line: 101, APISubiektGT\SubiektGT\SubiektObj->get: Pobrano dane obiektu id: 5
2024-07-05 10:00:25 Line: 95, APISubiektGT\SubiektGT\product->get: Request finish: ::1
2024-07-05 10:01:53 Line: 11, : Request start: ::1
2024-07-05 10:01:53 Line: 104, APISubiektGT\SubiektGT\SubiektObj->get: Pobrano dane obiektu id: 5
2024-07-05 10:01:53 Line: 95, APISubiektGT\SubiektGT\product->get: Request finish: ::1
2024-07-05 10:06:28 Line: 11, : Request start: ::1
2024-07-05 10:06:29 Line: 104, APISubiektGT\SubiektGT\SubiektObj->get: Pobrano dane obiektu id: 5
2024-07-05 10:06:29 Line: 95, APISubiektGT\SubiektGT\product->get: Request finish: ::1
2024-07-05 10:07:05 Line: 11, : Request start: ::1
2024-07-05 10:07:05 Line: 104, APISubiektGT\SubiektGT\SubiektObj->get: Pobrano dane obiektu id: 5
2024-07-05 10:07:05 Line: 95, APISubiektGT\SubiektGT\product->get: Request finish: ::1
2024-07-05 10:09:47 Line: 11, : Request start: ::1
2024-07-05 10:09:47 Line: 104, APISubiektGT\SubiektGT\SubiektObj->get: Pobrano dane obiektu id: 5
2024-07-05 10:09:47 Line: 95, APISubiektGT\SubiektGT\product->get: Request finish: ::1
2024-07-05 10:10:01 Line: 11, : Request start: ::1
2024-07-05 10:10:01 Line: 104, APISubiektGT\SubiektGT\SubiektObj->get: Pobrano dane obiektu id: 5
2024-07-05 10:10:01 Line: 95, APISubiektGT\SubiektGT\product->get: Request finish: ::1
2024-07-05 10:11:11 Line: 11, : Request start: ::1
2024-07-05 10:11:13 Line: 11, : Request start: ::1
2024-07-05 10:11:13 Line: 95, APISubiektGT\SubiektGT\product->printPricesObject: Request finish: ::1
2024-07-05 10:13:07 Line: 11, : Request start: ::1
2024-07-05 10:13:07 Line: 95, APISubiektGT\SubiektGT\product->printPricesObject: Request finish: ::1
2024-07-05 10:13:19 Line: 11, : Request start: ::1
2024-07-05 10:13:19 Line: 95, APISubiektGT\SubiektGT\product->printPricesObject: Request finish: ::1
2024-07-05 10:14:20 Line: 11, : Request start: ::1
2024-07-05 10:14:20 Line: 95, APISubiektGT\SubiektGT\product->printPricesObject: Request finish: ::1
2024-07-05 10:15:28 Line: 11, : Request start: ::1
2024-07-05 10:15:29 Line: 95, APISubiektGT\SubiektGT\product->printPricesObject: Request finish: ::1
2024-07-05 10:15:35 Line: 11, : Request start: ::1
2024-07-05 10:15:35 Line: 104, APISubiektGT\SubiektGT\SubiektObj->get: Pobrano dane obiektu id: 5
2024-07-05 10:15:35 Line: 95, APISubiektGT\SubiektGT\product->get: Request finish: ::1
2024-07-05 10:31:48 Line: 11, : Request start: ::1
2024-07-05 10:31:48 Line: 104, APISubiektGT\SubiektGT\SubiektObj->get: Pobrano dane obiektu id: 5
2024-07-05 10:31:48 Line: 95, APISubiektGT\SubiektGT\product->get: Request finish: ::1
2024-07-05 10:32:34 Line: 11, : Request start: ::1
2024-07-05 10:32:34 Line: 95, APISubiektGT\SubiektGT\product->printPricesObject: Request finish: ::1
2024-07-05 10:32:43 Line: 11, : Request start: ::1
2024-07-05 10:32:44 Line: 95, APISubiektGT\SubiektGT\product->printPricesObject: Request finish: ::1
2024-07-05 10:33:04 Line: 11, : Request start: ::1
2024-07-05 10:33:04 Line: 95, APISubiektGT\SubiektGT\product->printPricesObject: Request finish: ::1
2024-07-05 10:33:11 Line: 11, : Request start: ::1
2024-07-05 10:33:12 Line: 95, APISubiektGT\SubiektGT\product->printPricesObject: Request finish: ::1
2024-07-05 10:34:09 Line: 11, : Request start: ::1
2024-07-05 10:34:09 Line: 104, APISubiektGT\SubiektGT\SubiektObj->get: Pobrano dane obiektu id: 5
2024-07-05 10:34:09 Line: 95, APISubiektGT\SubiektGT\product->get: Request finish: ::1
2024-07-05 10:34:27 Line: 11, : Request start: ::1
2024-07-05 10:34:27 Line: 104, APISubiektGT\SubiektGT\SubiektObj->get: Pobrano dane obiektu id: 5
2024-07-05 10:34:27 Line: 95, APISubiektGT\SubiektGT\product->get: Request finish: ::1
2024-07-05 10:35:31 Line: 11, : Request start: ::1
2024-07-05 10:35:31 Line: 104, APISubiektGT\SubiektGT\SubiektObj->get: Pobrano dane obiektu id: 5
2024-07-05 10:35:31 Line: 95, APISubiektGT\SubiektGT\product->get: Request finish: ::1
2024-07-05 10:37:20 Line: 11, : Request start: ::1
2024-07-05 10:37:20 Line: 104, APISubiektGT\SubiektGT\SubiektObj->get: Pobrano dane obiektu id: 5
2024-07-05 10:37:20 Line: 95, APISubiektGT\SubiektGT\product->get: Request finish: ::1
2024-07-05 10:38:25 Line: 11, : Request start: ::1
2024-07-05 10:38:25 Line: 95, APISubiektGT\SubiektGT\product->printPricesObject: Request finish: ::1
2024-07-05 10:38:31 Line: 11, : Request start: ::1
2024-07-05 10:38:31 Line: 95, APISubiektGT\SubiektGT\product->printPricesObject: Request finish: ::1
2024-07-05 10:38:34 Line: 11, : Request start: ::1
2024-07-05 10:38:34 Line: 95, APISubiektGT\SubiektGT\product->printPricesObject: Request finish: ::1
2024-07-05 10:38:42 Line: 11, : Request start: ::1
2024-07-05 10:38:42 Line: 95, APISubiektGT\SubiektGT\product->printPricesObject: Request finish: ::1
2024-07-05 10:38:45 Line: 11, : Request start: ::1
2024-07-05 10:38:45 Line: 95, APISubiektGT\SubiektGT\product->printPricesObject: Request finish: ::1
2024-07-05 10:39:01 Line: 11, : Request start: ::1
2024-07-05 10:39:01 Line: 95, APISubiektGT\SubiektGT\product->printPricesObject: Request finish: ::1
2024-07-05 10:39:03 Line: 11, : Request start: ::1
2024-07-05 10:39:03 Line: 95, APISubiektGT\SubiektGT\product->printPricesObject: Request finish: ::1
2024-07-05 10:39:06 Line: 11, : Request start: ::1
2024-07-05 10:39:06 Line: 95, APISubiektGT\SubiektGT\product->printPricesObject: Request finish: ::1
2024-07-05 10:40:04 Line: 11, : Request start: ::1
2024-07-05 10:40:04 Line: 316, APISubiektGT\SubiektGT\Product->printPricesObject: Pobrano ceny produkt: MG1
2024-07-05 10:40:04 Line: 95, APISubiektGT\SubiektGT\product->printPricesObject: Request finish: ::1
2024-07-05 10:40:23 Line: 11, : Request start: ::1
2024-07-05 10:40:23 Line: 316, APISubiektGT\SubiektGT\Product->printPricesObject: Pobrano ceny produkt: MG1
2024-07-05 10:40:23 Line: 95, APISubiektGT\SubiektGT\product->printPricesObject: Request finish: ::1
2024-07-05 10:40:34 Line: 11, : Request start: ::1
2024-07-05 10:43:15 Line: 11, : Request start: ::1
2024-07-05 10:43:15 Line: 316, APISubiektGT\SubiektGT\Product->printPricesObject: Pobrano ceny produkt: MG1
2024-07-05 10:43:15 Line: 95, APISubiektGT\SubiektGT\product->printPricesObject: Request finish: ::1
2024-07-05 10:43:26 Line: 11, : Request start: ::1
2024-07-05 10:43:26 Line: 316, APISubiektGT\SubiektGT\Product->printPricesObject: Pobrano ceny produkt: MG1
2024-07-05 10:43:41 Line: 11, : Request start: ::1
2024-07-05 10:43:42 Line: 316, APISubiektGT\SubiektGT\Product->printPricesObject: Pobrano ceny produkt: MG1
2024-07-05 10:43:42 Line: 95, APISubiektGT\SubiektGT\product->printPricesObject: Request finish: ::1
2024-07-05 10:44:54 Line: 11, : Request start: ::1
2024-07-05 10:44:54 Line: 316, APISubiektGT\SubiektGT\Product->printPricesObject: Pobrano ceny produkt: MG1
2024-07-05 10:45:02 Line: 11, : Request start: ::1
2024-07-05 10:45:02 Line: 316, APISubiektGT\SubiektGT\Product->printPricesObject: Pobrano ceny produkt: MG1
2024-07-05 10:45:02 Line: 95, APISubiektGT\SubiektGT\product->printPricesObject: Request finish: ::1
2024-07-05 10:46:08 Line: 11, : Request start: ::1
2024-07-05 10:46:08 Line: 104, APISubiektGT\SubiektGT\SubiektObj->get: Pobrano dane obiektu id: 5
2024-07-05 10:46:08 Line: 95, APISubiektGT\SubiektGT\product->get: Request finish: ::1
2024-07-05 10:47:12 Line: 11, : Request start: ::1
2024-07-05 10:47:13 Line: 104, APISubiektGT\SubiektGT\SubiektObj->get: Pobrano dane obiektu id: 5
2024-07-05 10:47:13 Line: 95, APISubiektGT\SubiektGT\product->get: Request finish: ::1
2024-07-05 10:47:18 Line: 11, : Request start: ::1
2024-07-05 10:47:18 Line: 316, APISubiektGT\SubiektGT\Product->printPricesObject: Pobrano ceny produkt: MG1
2024-07-05 10:56:00 Line: 11, : Request start: ::1
2024-07-05 10:56:00 Line: 343, APISubiektGT\SubiektGT\Product->printPricesObject: Pobrano ceny produkt: MG1
2024-07-05 10:56:08 Line: 11, : Request start: ::1
2024-07-05 10:56:08 Line: 343, APISubiektGT\SubiektGT\Product->printPricesObject: Pobrano ceny produkt: MG1
2024-07-05 10:56:08 Line: 95, APISubiektGT\SubiektGT\product->printPricesObject: Request finish: ::1
2024-07-05 11:13:15 Line: 11, : Request start: ::1
2024-07-05 11:13:15 Line: 104, APISubiektGT\SubiektGT\SubiektObj->get: Pobrano dane obiektu id: 5
2024-07-05 11:13:15 Line: 95, APISubiektGT\SubiektGT\product->get: Request finish: ::1
2024-07-05 11:13:55 Line: 11, : Request start: ::1
2024-07-05 11:13:55 Line: 327, APISubiektGT\SubiektGT\Product->update: Zaktualizowano produkt: MG1
2024-07-05 11:13:55 Line: 95, APISubiektGT\SubiektGT\product->update: Request finish: ::1
2024-07-05 20:41:39 Line: 11, : Request start: ::1
2024-07-05 20:41:41 Line: 327, APISubiektGT\SubiektGT\Product->update: Zaktualizowano produkt: MG1
2024-07-05 20:41:41 Line: 95, APISubiektGT\SubiektGT\product->update: Request finish: ::1
2024-07-05 20:41:46 Line: 11, : Request start: ::1
2024-07-05 20:41:47 Line: 327, APISubiektGT\SubiektGT\Product->update: Zaktualizowano produkt: MG1
2024-07-05 20:41:47 Line: 95, APISubiektGT\SubiektGT\product->update: Request finish: ::1
2024-07-05 21:24:32 Line: 11, : Request start: ::1
2024-07-05 21:24:32 Line: 11, : Request start: ::1
2024-07-05 21:24:33 Line: 11, : Request start: ::1
2024-07-05 21:24:33 Line: 11, : Request start: ::1
2024-07-05 21:24:33 Line: 11, : Request start: ::1
2024-07-05 21:24:34 Line: 11, : Request start: ::1
2024-07-05 21:24:34 Line: 11, : Request start: ::1
2024-07-05 21:24:34 Line: 11, : Request start: ::1
2024-07-05 21:24:34 Line: 11, : Request start: ::1
2024-07-05 21:24:35 Line: 11, : Request start: ::1
2024-07-05 21:24:35 Line: 11, : Request start: ::1
2024-07-05 21:24:35 Line: 11, : Request start: ::1
2024-07-05 21:24:36 Line: 11, : Request start: ::1
2024-07-05 21:24:36 Line: 11, : Request start: ::1
2024-07-05 21:24:36 Line: 11, : Request start: ::1
2024-07-05 21:24:37 Line: 11, : Request start: ::1
2024-07-05 21:24:37 Line: 11, : Request start: ::1
2024-07-05 21:24:37 Line: 11, : Request start: ::1
2024-07-05 21:24:38 Line: 11, : Request start: ::1
2024-07-05 21:24:38 Line: 11, : Request start: ::1
2024-07-05 21:24:38 Line: 11, : Request start: ::1
2024-07-05 21:24:38 Line: 11, : Request start: ::1
2024-07-05 21:24:39 Line: 11, : Request start: ::1
2024-07-05 21:24:39 Line: 11, : Request start: ::1
2024-07-05 21:24:39 Line: 11, : Request start: ::1
2024-07-05 21:24:40 Line: 11, : Request start: ::1
2024-07-05 21:24:40 Line: 11, : Request start: ::1
2024-07-05 21:24:40 Line: 11, : Request start: ::1
2024-07-05 21:24:41 Line: 11, : Request start: ::1
2024-07-05 21:24:41 Line: 11, : Request start: ::1
2024-07-05 21:24:41 Line: 11, : Request start: ::1
2024-07-05 21:24:42 Line: 11, : Request start: ::1
2024-07-05 21:24:42 Line: 11, : Request start: ::1
2024-07-05 21:24:42 Line: 11, : Request start: ::1
2024-07-05 21:24:43 Line: 11, : Request start: ::1
2024-07-05 21:24:43 Line: 11, : Request start: ::1
2024-07-05 21:24:43 Line: 11, : Request start: ::1
2024-07-05 21:24:44 Line: 11, : Request start: ::1
2024-07-05 21:24:44 Line: 11, : Request start: ::1
2024-07-05 21:24:44 Line: 11, : Request start: ::1
2024-07-05 21:24:45 Line: 11, : Request start: ::1
2024-07-05 21:24:45 Line: 11, : Request start: ::1
2024-07-05 21:24:45 Line: 11, : Request start: ::1
2024-07-05 21:24:46 Line: 11, : Request start: ::1
2024-07-05 21:24:46 Line: 11, : Request start: ::1
2024-07-05 21:24:46 Line: 11, : Request start: ::1
2024-07-05 21:24:46 Line: 11, : Request start: ::1
2024-07-05 21:24:47 Line: 11, : Request start: ::1
2024-07-05 21:24:47 Line: 11, : Request start: ::1
2024-07-05 21:24:47 Line: 11, : Request start: ::1
2024-07-05 21:24:48 Line: 11, : Request start: ::1
2024-07-05 21:24:48 Line: 11, : Request start: ::1
2024-07-05 21:24:48 Line: 11, : Request start: ::1
2024-07-05 21:24:49 Line: 11, : Request start: ::1
2024-07-05 21:24:49 Line: 11, : Request start: ::1
2024-07-05 21:24:49 Line: 11, : Request start: ::1
2024-07-05 21:24:49 Line: 11, : Request start: ::1
2024-07-05 21:24:50 Line: 11, : Request start: ::1
2024-07-05 21:24:50 Line: 11, : Request start: ::1
2024-07-05 21:24:50 Line: 11, : Request start: ::1
2024-07-05 21:24:51 Line: 11, : Request start: ::1
2024-07-05 21:24:51 Line: 11, : Request start: ::1
2024-07-05 21:24:51 Line: 11, : Request start: ::1
2024-07-05 21:24:52 Line: 11, : Request start: ::1
2024-07-05 21:24:52 Line: 11, : Request start: ::1
2024-07-05 21:24:52 Line: 11, : Request start: ::1
2024-07-05 21:24:52 Line: 11, : Request start: ::1
2024-07-05 21:24:53 Line: 11, : Request start: ::1
2024-07-05 21:24:53 Line: 11, : Request start: ::1
2024-07-05 21:24:53 Line: 11, : Request start: ::1
2024-07-05 21:24:54 Line: 11, : Request start: ::1
2024-07-05 21:24:54 Line: 11, : Request start: ::1
2024-07-05 21:24:54 Line: 11, : Request start: ::1
2024-07-05 21:24:55 Line: 11, : Request start: ::1
2024-07-05 21:24:55 Line: 11, : Request start: ::1
2024-07-05 21:24:55 Line: 11, : Request start: ::1
2024-07-05 21:24:55 Line: 11, : Request start: ::1
2024-07-05 21:24:56 Line: 11, : Request start: ::1
2024-07-05 21:24:56 Line: 11, : Request start: ::1
2024-07-05 21:24:56 Line: 11, : Request start: ::1
2024-07-05 21:24:57 Line: 11, : Request start: ::1
2024-07-05 21:24:57 Line: 11, : Request start: ::1
2024-07-05 21:24:57 Line: 11, : Request start: ::1
2024-07-05 21:24:58 Line: 11, : Request start: ::1
2024-07-05 21:24:58 Line: 11, : Request start: ::1
2024-07-05 21:24:58 Line: 11, : Request start: ::1
2024-07-05 21:24:58 Line: 11, : Request start: ::1
2024-07-05 21:24:59 Line: 11, : Request start: ::1
2024-07-05 21:24:59 Line: 11, : Request start: ::1
2024-07-05 21:24:59 Line: 11, : Request start: ::1
2024-07-05 21:25:00 Line: 11, : Request start: ::1
2024-07-05 21:25:00 Line: 11, : Request start: ::1
2024-07-05 21:25:00 Line: 11, : Request start: ::1
2024-07-05 21:25:00 Line: 11, : Request start: ::1
2024-07-05 21:25:01 Line: 11, : Request start: ::1
2024-07-05 21:25:01 Line: 11, : Request start: ::1
2024-07-05 21:25:01 Line: 11, : Request start: ::1
2024-07-05 21:25:02 Line: 11, : Request start: ::1
2024-07-05 21:25:02 Line: 11, : Request start: ::1
2024-07-05 21:25:02 Line: 11, : Request start: ::1
2024-07-05 21:25:03 Line: 11, : Request start: ::1
2024-07-05 21:25:03 Line: 11, : Request start: ::1
2024-07-05 21:25:03 Line: 11, : Request start: ::1
2024-07-05 21:25:04 Line: 11, : Request start: ::1
2024-07-05 21:25:04 Line: 11, : Request start: ::1
2024-07-05 21:25:04 Line: 11, : Request start: ::1
2024-07-05 21:25:05 Line: 11, : Request start: ::1
2024-07-05 21:25:05 Line: 11, : Request start: ::1
2024-07-05 21:25:05 Line: 11, : Request start: ::1
2024-07-05 21:25:06 Line: 11, : Request start: ::1
2024-07-05 21:25:06 Line: 11, : Request start: ::1
2024-07-05 21:25:06 Line: 11, : Request start: ::1
2024-07-05 21:25:07 Line: 11, : Request start: ::1
2024-07-05 21:25:07 Line: 11, : Request start: ::1
2024-07-05 21:25:07 Line: 11, : Request start: ::1
2024-07-05 21:25:07 Line: 11, : Request start: ::1
2024-07-05 21:25:08 Line: 11, : Request start: ::1
2024-07-05 21:25:08 Line: 11, : Request start: ::1
2024-07-05 21:25:08 Line: 11, : Request start: ::1
2024-07-05 21:25:09 Line: 11, : Request start: ::1
2024-07-05 21:25:09 Line: 11, : Request start: ::1
2024-07-05 21:25:09 Line: 11, : Request start: ::1
2024-07-05 21:25:10 Line: 11, : Request start: ::1
2024-07-05 21:25:10 Line: 11, : Request start: ::1
2024-07-05 21:25:10 Line: 11, : Request start: ::1
2024-07-05 21:25:10 Line: 11, : Request start: ::1
2024-07-05 21:25:11 Line: 11, : Request start: ::1
2024-07-05 21:25:11 Line: 11, : Request start: ::1
2024-07-05 21:25:11 Line: 11, : Request start: ::1
2024-07-05 21:25:12 Line: 11, : Request start: ::1
2024-07-05 21:25:12 Line: 11, : Request start: ::1
2024-07-05 21:25:12 Line: 11, : Request start: ::1
2024-07-05 21:25:13 Line: 11, : Request start: ::1
2024-07-05 21:25:13 Line: 11, : Request start: ::1
2024-07-05 21:25:13 Line: 11, : Request start: ::1
2024-07-05 21:25:13 Line: 11, : Request start: ::1
2024-07-05 21:25:14 Line: 11, : Request start: ::1
2024-07-05 21:25:14 Line: 11, : Request start: ::1
2024-07-05 21:25:14 Line: 11, : Request start: ::1
2024-07-05 21:25:15 Line: 11, : Request start: ::1
2024-07-05 21:25:15 Line: 11, : Request start: ::1
2024-07-05 21:25:15 Line: 11, : Request start: ::1
2024-07-05 21:25:16 Line: 11, : Request start: ::1
2024-07-05 21:25:16 Line: 11, : Request start: ::1
2024-07-05 21:25:16 Line: 11, : Request start: ::1
2024-07-05 21:25:16 Line: 11, : Request start: ::1
2024-07-05 21:25:17 Line: 11, : Request start: ::1
2024-07-05 21:25:17 Line: 11, : Request start: ::1
2024-07-05 21:25:17 Line: 11, : Request start: ::1
2024-07-05 21:25:18 Line: 11, : Request start: ::1
2024-07-05 21:25:18 Line: 11, : Request start: ::1
2024-07-05 21:25:18 Line: 11, : Request start: ::1
2024-07-05 21:25:19 Line: 11, : Request start: ::1
2024-07-05 21:25:19 Line: 11, : Request start: ::1
2024-07-05 21:25:19 Line: 11, : Request start: ::1
2024-07-05 21:25:19 Line: 11, : Request start: ::1
2024-07-05 21:25:20 Line: 11, : Request start: ::1
2024-07-05 21:25:20 Line: 11, : Request start: ::1
2024-07-05 21:25:20 Line: 11, : Request start: ::1
2024-07-05 21:25:21 Line: 11, : Request start: ::1
2024-07-05 21:25:21 Line: 11, : Request start: ::1
2024-07-05 21:25:21 Line: 11, : Request start: ::1
2024-07-05 21:25:21 Line: 11, : Request start: ::1
2024-07-05 21:25:22 Line: 11, : Request start: ::1
2024-07-05 21:25:22 Line: 11, : Request start: ::1
2024-07-05 21:25:22 Line: 11, : Request start: ::1
2024-07-05 21:25:23 Line: 11, : Request start: ::1
2024-07-05 21:25:23 Line: 11, : Request start: ::1
2024-07-05 21:25:23 Line: 11, : Request start: ::1
2024-07-05 21:25:23 Line: 11, : Request start: ::1
2024-07-05 21:25:24 Line: 11, : Request start: ::1
2024-07-05 21:25:24 Line: 11, : Request start: ::1
2024-07-05 21:25:24 Line: 11, : Request start: ::1
2024-07-05 21:25:25 Line: 11, : Request start: ::1
2024-07-05 21:25:25 Line: 11, : Request start: ::1
2024-07-05 21:25:25 Line: 11, : Request start: ::1
2024-07-05 21:25:25 Line: 11, : Request start: ::1
2024-07-05 21:25:26 Line: 11, : Request start: ::1
2024-07-05 21:25:26 Line: 11, : Request start: ::1
2024-07-05 21:25:26 Line: 11, : Request start: ::1
2024-07-05 21:25:27 Line: 11, : Request start: ::1
2024-07-05 21:25:27 Line: 11, : Request start: ::1
2024-07-05 21:25:27 Line: 11, : Request start: ::1
2024-07-05 21:25:27 Line: 11, : Request start: ::1
2024-07-05 21:25:28 Line: 11, : Request start: ::1
2024-07-05 21:25:28 Line: 11, : Request start: ::1
2024-07-05 21:25:28 Line: 11, : Request start: ::1
2024-07-05 21:25:29 Line: 11, : Request start: ::1
2024-07-05 21:25:29 Line: 11, : Request start: ::1
2024-07-05 21:25:29 Line: 11, : Request start: ::1
2024-07-05 21:25:29 Line: 11, : Request start: ::1
2024-07-05 21:25:30 Line: 11, : Request start: ::1
2024-07-05 21:25:30 Line: 11, : Request start: ::1
2024-07-05 21:25:30 Line: 11, : Request start: ::1
2024-07-05 21:25:31 Line: 11, : Request start: ::1
2024-07-05 21:25:31 Line: 11, : Request start: ::1
2024-07-05 21:25:31 Line: 11, : Request start: ::1
2024-07-05 21:25:31 Line: 11, : Request start: ::1
2024-07-05 21:25:32 Line: 11, : Request start: ::1
2024-07-05 21:25:32 Line: 11, : Request start: ::1
2024-07-05 21:25:32 Line: 11, : Request start: ::1
2024-07-05 21:25:33 Line: 11, : Request start: ::1
2024-07-05 21:25:33 Line: 11, : Request start: ::1
2024-07-05 21:25:33 Line: 11, : Request start: ::1
2024-07-05 21:25:33 Line: 11, : Request start: ::1
2024-07-05 21:25:34 Line: 11, : Request start: ::1
2024-07-05 21:25:34 Line: 11, : Request start: ::1
2024-07-05 21:25:34 Line: 11, : Request start: ::1
2024-07-05 21:25:35 Line: 11, : Request start: ::1
2024-07-05 21:25:35 Line: 11, : Request start: ::1
2024-07-05 21:25:35 Line: 11, : Request start: ::1
2024-07-05 21:25:35 Line: 11, : Request start: ::1
2024-07-05 21:25:36 Line: 11, : Request start: ::1
2024-07-05 21:25:36 Line: 11, : Request start: ::1
2024-07-05 21:25:36 Line: 11, : Request start: ::1
2024-07-05 21:25:37 Line: 11, : Request start: ::1
2024-07-05 21:25:37 Line: 11, : Request start: ::1
2024-07-05 21:25:37 Line: 11, : Request start: ::1
2024-07-05 21:25:38 Line: 11, : Request start: ::1
2024-07-05 21:25:38 Line: 11, : Request start: ::1
2024-07-05 21:25:38 Line: 11, : Request start: ::1
2024-07-05 21:25:38 Line: 11, : Request start: ::1
2024-07-05 21:25:39 Line: 11, : Request start: ::1
2024-07-05 21:25:39 Line: 11, : Request start: ::1
2024-07-05 21:25:39 Line: 11, : Request start: ::1
2024-07-05 21:25:40 Line: 11, : Request start: ::1
2024-07-05 21:25:40 Line: 11, : Request start: ::1
2024-07-05 21:25:40 Line: 11, : Request start: ::1
2024-07-05 21:25:40 Line: 11, : Request start: ::1
2024-07-05 21:25:41 Line: 11, : Request start: ::1
2024-07-05 21:25:41 Line: 11, : Request start: ::1
2024-07-05 21:25:42 Line: 11, : Request start: ::1
2024-07-05 21:25:42 Line: 11, : Request start: ::1
2024-07-05 21:25:42 Line: 11, : Request start: ::1
2024-07-05 21:25:43 Line: 11, : Request start: ::1
2024-07-05 21:25:43 Line: 11, : Request start: ::1
2024-07-05 21:25:43 Line: 11, : Request start: ::1
2024-07-05 21:25:44 Line: 11, : Request start: ::1
2024-07-05 21:25:44 Line: 11, : Request start: ::1
2024-07-05 21:25:44 Line: 11, : Request start: ::1
2024-07-05 21:25:44 Line: 11, : Request start: ::1
2024-07-05 21:25:45 Line: 11, : Request start: ::1
2024-07-05 21:25:45 Line: 11, : Request start: ::1
2024-07-05 21:25:45 Line: 11, : Request start: ::1
2024-07-05 21:25:46 Line: 11, : Request start: ::1
2024-07-05 21:25:46 Line: 11, : Request start: ::1
2024-07-05 21:25:46 Line: 11, : Request start: ::1
2024-07-05 21:25:46 Line: 11, : Request start: ::1
2024-07-05 21:25:47 Line: 11, : Request start: ::1
2024-07-05 21:25:47 Line: 11, : Request start: ::1
2024-07-05 21:25:47 Line: 11, : Request start: ::1
2024-07-05 21:25:48 Line: 11, : Request start: ::1
2024-07-05 21:25:48 Line: 11, : Request start: ::1
2024-07-05 21:25:48 Line: 11, : Request start: ::1
2024-07-05 21:25:49 Line: 11, : Request start: ::1
2024-07-05 21:25:49 Line: 11, : Request start: ::1
2024-07-05 21:25:49 Line: 11, : Request start: ::1
2024-07-05 21:25:49 Line: 11, : Request start: ::1
2024-07-05 21:25:50 Line: 11, : Request start: ::1
2024-07-05 21:25:50 Line: 11, : Request start: ::1
2024-07-05 21:25:50 Line: 11, : Request start: ::1
2024-07-05 21:25:51 Line: 11, : Request start: ::1
2024-07-05 21:25:51 Line: 11, : Request start: ::1
2024-07-05 21:25:51 Line: 11, : Request start: ::1
2024-07-05 21:25:51 Line: 11, : Request start: ::1
2024-07-05 21:25:52 Line: 11, : Request start: ::1
2024-07-05 21:25:52 Line: 11, : Request start: ::1
2024-07-05 21:25:52 Line: 11, : Request start: ::1
2024-07-05 21:25:53 Line: 11, : Request start: ::1
2024-07-05 21:25:53 Line: 11, : Request start: ::1
2024-07-05 21:25:53 Line: 11, : Request start: ::1
2024-07-05 21:25:54 Line: 11, : Request start: ::1
2024-07-05 21:25:54 Line: 11, : Request start: ::1
2024-07-05 21:25:54 Line: 11, : Request start: ::1
2024-07-05 21:25:54 Line: 11, : Request start: ::1
2024-07-05 21:25:55 Line: 11, : Request start: ::1
2024-07-05 21:25:55 Line: 11, : Request start: ::1
2024-07-05 21:25:55 Line: 11, : Request start: ::1
2024-07-05 21:25:56 Line: 11, : Request start: ::1
2024-07-05 21:25:56 Line: 11, : Request start: ::1
2024-07-05 21:25:56 Line: 11, : Request start: ::1
2024-07-05 21:25:57 Line: 11, : Request start: ::1
2024-07-05 21:25:57 Line: 11, : Request start: ::1
2024-07-05 21:25:57 Line: 11, : Request start: ::1
2024-07-05 21:25:57 Line: 11, : Request start: ::1
2024-07-05 21:25:58 Line: 11, : Request start: ::1
2024-07-05 21:25:58 Line: 11, : Request start: ::1
2024-07-05 21:25:58 Line: 11, : Request start: ::1
2024-07-05 21:25:59 Line: 11, : Request start: ::1
2024-07-05 21:25:59 Line: 11, : Request start: ::1
2024-07-05 21:25:59 Line: 11, : Request start: ::1
2024-07-05 21:26:00 Line: 11, : Request start: ::1
2024-07-05 21:26:00 Line: 11, : Request start: ::1
2024-07-05 21:26:00 Line: 11, : Request start: ::1
2024-07-05 21:26:01 Line: 11, : Request start: ::1
2024-07-05 21:26:01 Line: 11, : Request start: ::1
2024-07-05 21:26:01 Line: 11, : Request start: ::1
2024-07-05 21:26:02 Line: 11, : Request start: ::1
2024-07-05 21:26:02 Line: 11, : Request start: ::1
2024-07-05 21:26:02 Line: 11, : Request start: ::1
2024-07-05 21:26:03 Line: 11, : Request start: ::1
2024-07-05 21:26:03 Line: 11, : Request start: ::1
2024-07-05 21:26:03 Line: 11, : Request start: ::1
2024-07-05 21:26:04 Line: 11, : Request start: ::1
2024-07-05 21:26:04 Line: 11, : Request start: ::1
2024-07-05 21:26:04 Line: 11, : Request start: ::1
2024-07-05 21:26:05 Line: 11, : Request start: ::1
2024-07-05 21:26:05 Line: 11, : Request start: ::1
2024-07-05 21:26:05 Line: 11, : Request start: ::1
2024-07-05 21:26:06 Line: 11, : Request start: ::1
2024-07-05 21:26:06 Line: 11, : Request start: ::1
2024-07-05 21:26:06 Line: 11, : Request start: ::1
2024-07-05 21:26:07 Line: 11, : Request start: ::1
2024-07-05 21:26:07 Line: 11, : Request start: ::1
2024-07-05 21:26:07 Line: 11, : Request start: ::1
2024-07-05 21:26:08 Line: 11, : Request start: ::1
2024-07-05 21:26:08 Line: 11, : Request start: ::1
2024-07-05 21:26:08 Line: 11, : Request start: ::1
2024-07-05 21:26:09 Line: 11, : Request start: ::1
2024-07-05 21:26:09 Line: 11, : Request start: ::1
2024-07-05 21:26:09 Line: 11, : Request start: ::1
2024-07-05 21:26:09 Line: 11, : Request start: ::1
2024-07-05 21:26:10 Line: 11, : Request start: ::1
2024-07-05 21:26:10 Line: 11, : Request start: ::1
2024-07-05 21:26:10 Line: 11, : Request start: ::1
2024-07-05 21:26:11 Line: 11, : Request start: ::1
2024-07-05 21:26:11 Line: 11, : Request start: ::1
2024-07-05 21:26:11 Line: 11, : Request start: ::1
2024-07-05 21:26:12 Line: 11, : Request start: ::1
2024-07-05 21:26:12 Line: 11, : Request start: ::1
2024-07-05 21:26:12 Line: 11, : Request start: ::1
2024-07-05 21:26:12 Line: 11, : Request start: ::1
2024-07-05 21:26:13 Line: 11, : Request start: ::1
2024-07-05 21:26:13 Line: 11, : Request start: ::1
2024-07-05 21:26:13 Line: 11, : Request start: ::1
2024-07-05 21:26:14 Line: 11, : Request start: ::1
2024-07-05 21:26:14 Line: 11, : Request start: ::1
2024-07-05 21:26:14 Line: 11, : Request start: ::1
2024-07-05 21:26:15 Line: 11, : Request start: ::1
2024-07-05 21:26:15 Line: 11, : Request start: ::1
2024-07-05 21:26:15 Line: 11, : Request start: ::1
2024-07-05 21:26:16 Line: 11, : Request start: ::1
2024-07-05 21:26:16 Line: 11, : Request start: ::1
2024-07-05 21:26:16 Line: 11, : Request start: ::1
2024-07-05 21:26:16 Line: 11, : Request start: ::1
2024-07-05 21:26:17 Line: 11, : Request start: ::1
2024-07-05 21:26:17 Line: 11, : Request start: ::1
2024-07-05 21:26:17 Line: 11, : Request start: ::1
2024-07-05 21:26:18 Line: 11, : Request start: ::1
2024-07-05 21:26:18 Line: 11, : Request start: ::1
2024-07-05 21:26:18 Line: 11, : Request start: ::1
2024-07-05 21:26:19 Line: 11, : Request start: ::1
2024-07-05 21:26:19 Line: 11, : Request start: ::1
2024-07-05 21:26:19 Line: 11, : Request start: ::1
2024-07-05 21:26:20 Line: 11, : Request start: ::1
2024-07-05 21:26:20 Line: 11, : Request start: ::1
2024-07-05 21:26:20 Line: 11, : Request start: ::1
2024-07-05 21:26:21 Line: 11, : Request start: ::1
2024-07-05 21:26:21 Line: 11, : Request start: ::1
2024-07-05 21:26:21 Line: 11, : Request start: ::1
2024-07-05 21:26:22 Line: 11, : Request start: ::1
2024-07-05 21:26:22 Line: 11, : Request start: ::1
2024-07-05 21:26:23 Line: 11, : Request start: ::1
2024-07-05 21:26:23 Line: 11, : Request start: ::1
2024-07-05 21:26:23 Line: 11, : Request start: ::1
2024-07-05 21:26:24 Line: 11, : Request start: ::1
2024-07-05 21:26:24 Line: 11, : Request start: ::1
2024-07-05 21:26:24 Line: 11, : Request start: ::1
2024-07-05 21:26:25 Line: 11, : Request start: ::1
2024-07-05 21:26:25 Line: 11, : Request start: ::1
2024-07-05 21:26:25 Line: 11, : Request start: ::1
2024-07-05 21:26:26 Line: 11, : Request start: ::1
2024-07-05 21:26:26 Line: 11, : Request start: ::1
2024-07-05 21:26:26 Line: 11, : Request start: ::1
2024-07-05 21:26:27 Line: 11, : Request start: ::1
2024-07-05 21:26:27 Line: 11, : Request start: ::1
2024-07-05 21:26:27 Line: 11, : Request start: ::1
2024-07-05 21:26:27 Line: 11, : Request start: ::1
2024-07-05 21:26:28 Line: 11, : Request start: ::1
2024-07-05 21:26:28 Line: 11, : Request start: ::1
2024-07-05 21:26:28 Line: 11, : Request start: ::1
2024-07-05 21:26:28 Line: 11, : Request start: ::1
2024-07-05 21:26:29 Line: 11, : Request start: ::1
2024-07-05 21:26:29 Line: 11, : Request start: ::1
2024-07-05 21:26:29 Line: 11, : Request start: ::1
2024-07-05 21:26:30 Line: 11, : Request start: ::1
2024-07-05 21:26:30 Line: 11, : Request start: ::1
2024-07-05 21:26:30 Line: 11, : Request start: ::1
2024-07-05 21:26:30 Line: 11, : Request start: ::1
2024-07-05 21:26:31 Line: 11, : Request start: ::1
2024-07-05 21:26:31 Line: 11, : Request start: ::1
2024-07-05 21:26:32 Line: 11, : Request start: ::1
2024-07-05 21:26:32 Line: 11, : Request start: ::1
2024-07-05 21:26:32 Line: 11, : Request start: ::1
2024-07-05 21:26:32 Line: 11, : Request start: ::1
2024-07-05 21:26:33 Line: 11, : Request start: ::1
2024-07-05 21:26:33 Line: 11, : Request start: ::1
2024-07-05 21:26:33 Line: 11, : Request start: ::1
2024-07-05 21:26:34 Line: 11, : Request start: ::1
2024-07-05 21:26:34 Line: 11, : Request start: ::1
2024-07-05 21:26:34 Line: 11, : Request start: ::1
2024-07-05 21:26:34 Line: 11, : Request start: ::1
2024-07-05 21:26:35 Line: 11, : Request start: ::1
2024-07-05 21:26:35 Line: 11, : Request start: ::1
2024-07-05 21:26:35 Line: 11, : Request start: ::1
2024-07-05 21:26:36 Line: 11, : Request start: ::1
2024-07-05 21:26:36 Line: 11, : Request start: ::1
2024-07-05 21:26:36 Line: 11, : Request start: ::1
2024-07-05 21:26:36 Line: 11, : Request start: ::1
2024-07-05 21:26:37 Line: 11, : Request start: ::1
2024-07-05 21:28:59 Line: 11, : Request start: ::1
2024-07-05 21:29:00 Line: 11, : Request start: ::1
2024-07-05 21:29:01 Line: 11, : Request start: ::1
2024-07-05 21:29:01 Line: 11, : Request start: ::1
2024-07-05 21:29:02 Line: 11, : Request start: ::1
2024-07-05 21:29:03 Line: 11, : Request start: ::1
2024-07-05 21:29:04 Line: 11, : Request start: ::1
2024-07-05 21:29:04 Line: 11, : Request start: ::1
2024-07-05 21:29:05 Line: 11, : Request start: ::1
2024-07-05 21:29:06 Line: 11, : Request start: ::1
2024-07-05 21:29:07 Line: 11, : Request start: ::1
2024-07-05 21:29:07 Line: 11, : Request start: ::1
2024-07-05 21:29:08 Line: 11, : Request start: ::1
2024-07-05 21:29:09 Line: 11, : Request start: ::1
2024-07-05 21:29:10 Line: 11, : Request start: ::1
2024-07-05 21:29:11 Line: 11, : Request start: ::1
2024-07-05 21:29:11 Line: 11, : Request start: ::1
2024-07-05 21:29:12 Line: 11, : Request start: ::1
2024-07-05 21:29:13 Line: 11, : Request start: ::1
2024-07-05 21:29:14 Line: 11, : Request start: ::1
2024-07-05 21:29:14 Line: 11, : Request start: ::1
2024-07-05 21:29:15 Line: 11, : Request start: ::1
2024-07-05 21:29:16 Line: 11, : Request start: ::1
2024-07-05 21:29:16 Line: 11, : Request start: ::1
2024-07-05 21:29:17 Line: 11, : Request start: ::1
2024-07-05 21:29:18 Line: 11, : Request start: ::1
2024-07-05 21:29:18 Line: 11, : Request start: ::1
2024-07-05 21:29:19 Line: 11, : Request start: ::1
2024-07-05 21:29:20 Line: 11, : Request start: ::1
2024-07-05 21:29:21 Line: 11, : Request start: ::1
2024-07-05 21:29:22 Line: 11, : Request start: ::1
2024-07-05 21:29:23 Line: 11, : Request start: ::1
2024-07-05 21:29:23 Line: 11, : Request start: ::1
2024-07-05 21:29:24 Line: 11, : Request start: ::1
2024-07-05 21:29:25 Line: 11, : Request start: ::1
2024-07-05 21:29:25 Line: 11, : Request start: ::1
2024-07-05 21:29:26 Line: 11, : Request start: ::1
2024-07-05 21:29:27 Line: 11, : Request start: ::1
2024-07-05 21:29:27 Line: 11, : Request start: ::1
2024-07-05 21:29:28 Line: 11, : Request start: ::1
2024-07-05 21:29:29 Line: 11, : Request start: ::1
2024-07-05 21:30:14 Line: 11, : Request start: ::1
2024-07-05 21:30:15 Line: 11, : Request start: ::1
2024-07-05 21:30:15 Line: 11, : Request start: ::1
2024-07-05 21:30:16 Line: 11, : Request start: ::1
2024-07-05 21:30:17 Line: 11, : Request start: ::1
2024-07-05 21:30:18 Line: 11, : Request start: ::1
2024-07-05 21:30:19 Line: 11, : Request start: ::1
2024-07-05 21:30:19 Line: 11, : Request start: ::1
2024-07-05 21:30:20 Line: 11, : Request start: ::1
2024-07-05 21:30:21 Line: 11, : Request start: ::1
2024-07-05 21:30:22 Line: 11, : Request start: ::1
2024-07-05 21:30:22 Line: 11, : Request start: ::1
2024-07-05 21:30:23 Line: 11, : Request start: ::1
2024-07-05 21:30:24 Line: 11, : Request start: ::1
2024-07-05 21:30:25 Line: 11, : Request start: ::1
2024-07-05 21:30:25 Line: 11, : Request start: ::1
2024-07-05 21:30:26 Line: 11, : Request start: ::1
2024-07-05 21:30:27 Line: 11, : Request start: ::1
2024-07-05 21:30:27 Line: 11, : Request start: ::1
2024-07-05 21:30:28 Line: 11, : Request start: ::1
2024-07-05 21:30:29 Line: 11, : Request start: ::1
2024-07-05 21:30:30 Line: 11, : Request start: ::1
2024-07-05 21:30:31 Line: 11, : Request start: ::1
2024-07-05 21:30:32 Line: 11, : Request start: ::1
2024-07-05 21:30:32 Line: 11, : Request start: ::1
2024-07-05 21:30:33 Line: 11, : Request start: ::1
2024-07-05 21:30:34 Line: 11, : Request start: ::1
2024-07-05 21:30:34 Line: 11, : Request start: ::1
2024-07-05 21:30:35 Line: 11, : Request start: ::1
2024-07-05 21:30:36 Line: 11, : Request start: ::1
2024-07-05 21:30:37 Line: 11, : Request start: ::1
2024-07-05 21:30:38 Line: 11, : Request start: ::1
2024-07-05 21:30:38 Line: 11, : Request start: ::1
2024-07-05 21:30:39 Line: 11, : Request start: ::1
2024-07-05 21:30:40 Line: 11, : Request start: ::1
2024-07-05 21:30:40 Line: 11, : Request start: ::1
2024-07-05 21:30:41 Line: 11, : Request start: ::1
2024-07-05 21:30:42 Line: 11, : Request start: ::1
2024-07-05 21:30:43 Line: 11, : Request start: ::1
2024-07-05 21:30:43 Line: 11, : Request start: ::1
