2024-07-11 15:13:21 Line: 39, C:\Users\moski\Desktop\a\api-subiekt-gt\src\apisubiektgt\subiektgt\customer.php: <b>Source:</b> Unknown<br/><b>Description:</b> Unknown
2024-07-11 15:15:01 Line: 39, C:\Users\moski\Desktop\a\api-subiekt-gt\src\apisubiektgt\subiektgt\customer.php: <b>Source:</b> Unknown<br/><b>Description:</b> Unknown
2024-07-11 16:04:54 Line: 39, C:\Users\moski\Desktop\a\api-subiekt-gt\src\apisubiektgt\subiektgt\customer.php: <b>Source:</b> Unknown<br/><b>Description:</b> Unknown
2024-07-11 16:07:26 Line: 39, C:\Users\moski\Desktop\a\api-subiekt-gt\src\apisubiektgt\subiektgt\customer.php: <b>Source:</b> Unknown<br/><b>Description:</b> Unknown
2024-07-11 16:08:00 Line: 39, C:\Users\moski\Desktop\a\api-subiekt-gt\src\apisubiektgt\subiektgt\customer.php: <b>Source:</b> Unknown<br/><b>Description:</b> Unknown
2024-07-11 16:09:30 Line: 39, C:\Users\moski\Desktop\a\api-subiekt-gt\src\apisubiektgt\subiektgt\customer.php: <b>Source:</b> Unknown<br/><b>Description:</b> Unknown
2024-07-11 16:09:40 Line: 296, C:\Users\moski\Desktop\a\api-subiekt-gt\src\apisubiektgt\subiektgt\order.php: Nie odnaleziono towaru o podanym kodzie: MG1
2024-07-11 16:09:54 Line: 303, C:\Users\moski\Desktop\a\api-subiekt-gt\src\apisubiektgt\subiektgt\product.php: <b>Source:</b> Subiekt.Towar.1<br/><b>Description:</b> B??d zapisu do bazy danych. Zapis spowodowa?by naruszenie integralno?ci danych.
Wi?cej informacji na ten temat w pomocy, w rozdziale "Problemy techniczne".
2024-07-11 16:11:22 Line: 303, C:\Users\moski\Desktop\a\api-subiekt-gt\src\apisubiektgt\subiektgt\product.php: <b>Source:</b> Subiekt.Towar.1<br/><b>Description:</b> B??d zapisu do bazy danych. Zapis spowodowa?by naruszenie integralno?ci danych.
Wi?cej informacji na ten temat w pomocy, w rozdziale "Problemy techniczne".
2024-07-11 16:11:31 Line: 303, C:\Users\moski\Desktop\a\api-subiekt-gt\src\apisubiektgt\subiektgt\product.php: <b>Source:</b> Subiekt.Towar.1<br/><b>Description:</b> B??d zapisu do bazy danych. Zapis spowodowa?by naruszenie integralno?ci danych.
Wi?cej informacji na ten temat w pomocy, w rozdziale "Problemy techniczne".
2024-07-11 16:11:57 Line: 303, C:\Users\moski\Desktop\a\api-subiekt-gt\src\apisubiektgt\subiektgt\product.php: <b>Source:</b> Subiekt.Towar.1<br/><b>Description:</b> B??d zapisu do bazy danych. Zapis spowodowa?by naruszenie integralno?ci danych.
Wi?cej informacji na ten temat w pomocy, w rozdziale "Problemy techniczne".
2024-07-11 16:26:05 Line: 303, C:\Users\moski\Desktop\a\api-subiekt-gt\src\apisubiektgt\subiektgt\product.php: <b>Source:</b> Subiekt.Towar.1<br/><b>Description:</b> B??d zapisu do bazy danych. Zapis spowodowa?by naruszenie integralno?ci danych.
Wi?cej informacji na ten temat w pomocy, w rozdziale "Problemy techniczne".
2024-07-11 17:03:48 Line: 303, C:\Users\moski\Desktop\a\api-subiekt-gt\src\apisubiektgt\subiektgt\product.php: <b>Source:</b> Subiekt.Towar.1<br/><b>Description:</b> B??d zapisu do bazy danych. Zapis spowodowa?by naruszenie integralno?ci danych.
Wi?cej informacji na ten temat w pomocy, w rozdziale "Problemy techniczne".
2024-07-11 17:05:13 Line: 303, C:\Users\moski\Desktop\a\api-subiekt-gt\src\apisubiektgt\subiektgt\product.php: <b>Source:</b> Subiekt.Towar.1<br/><b>Description:</b> B??d zapisu do bazy danych. Zapis spowodowa?by naruszenie integralno?ci danych.
Wi?cej informacji na ten temat w pomocy, w rozdziale "Problemy techniczne".
2024-07-11 17:05:39 Line: 303, C:\Users\moski\Desktop\a\api-subiekt-gt\src\apisubiektgt\subiektgt\product.php: <b>Source:</b> Subiekt.Towar.1<br/><b>Description:</b> B??d zapisu do bazy danych. Zapis spowodowa?by naruszenie integralno?ci danych.
Wi?cej informacji na ten temat w pomocy, w rozdziale "Problemy techniczne".
2024-07-11 17:09:44 Line: 39, C:\Users\moski\Desktop\a\api-subiekt-gt\src\apisubiektgt\subiektgt\customer.php: <b>Source:</b> Unknown<br/><b>Description:</b> Unknown
2024-07-11 17:12:25 Line: 303, C:\Users\moski\Desktop\a\api-subiekt-gt\src\apisubiektgt\subiektgt\product.php: <b>Source:</b> Subiekt.Towar.1<br/><b>Description:</b> B??d zapisu do bazy danych. Zapis spowodowa?by naruszenie integralno?ci danych.
Wi?cej informacji na ten temat w pomocy, w rozdziale "Problemy techniczne".
2024-07-11 17:14:22 Line: 303, C:\Users\moski\Desktop\a\api-subiekt-gt\src\apisubiektgt\subiektgt\product.php: <b>Source:</b> Subiekt.Towar.1<br/><b>Description:</b> B??d zapisu do bazy danych. Zapis spowodowa?by naruszenie integralno?ci danych.
Wi?cej informacji na ten temat w pomocy, w rozdziale "Problemy techniczne".
2024-07-11 17:14:31 Line: 303, C:\Users\moski\Desktop\a\api-subiekt-gt\src\apisubiektgt\subiektgt\product.php: <b>Source:</b> Subiekt.Towar.1<br/><b>Description:</b> B??d zapisu do bazy danych. Zapis spowodowa?by naruszenie integralno?ci danych.
Wi?cej informacji na ten temat w pomocy, w rozdziale "Problemy techniczne".
2024-07-11 17:14:42 Line: 303, C:\Users\moski\Desktop\a\api-subiekt-gt\src\apisubiektgt\subiektgt\product.php: <b>Source:</b> Subiekt.Towar.1<br/><b>Description:</b> B??d zapisu do bazy danych. Zapis spowodowa?by naruszenie integralno?ci danych.
Wi?cej informacji na ten temat w pomocy, w rozdziale "Problemy techniczne".
2024-07-11 17:19:15 Line: 303, C:\Users\moski\Desktop\a\api-subiekt-gt\src\apisubiektgt\subiektgt\product.php: <b>Source:</b> Subiekt.Towar.1<br/><b>Description:</b> B??d zapisu do bazy danych. Zapis spowodowa?by naruszenie integralno?ci danych.
Wi?cej informacji na ten temat w pomocy, w rozdziale "Problemy techniczne".
2024-07-11 17:20:48 Line: 303, C:\Users\moski\Desktop\a\api-subiekt-gt\src\apisubiektgt\subiektgt\product.php: <b>Source:</b> Subiekt.Towar.1<br/><b>Description:</b> B??d zapisu do bazy danych. Zapis spowodowa?by naruszenie integralno?ci danych.
Wi?cej informacji na ten temat w pomocy, w rozdziale "Problemy techniczne".
2024-07-11 17:22:52 Line: 303, C:\Users\moski\Desktop\a\api-subiekt-gt\src\apisubiektgt\subiektgt\product.php: <b>Source:</b> Subiekt.Towar.1<br/><b>Description:</b> B??d zapisu do bazy danych. Zapis spowodowa?by naruszenie integralno?ci danych.
Wi?cej informacji na ten temat w pomocy, w rozdziale "Problemy techniczne".
2024-07-11 17:23:09 Line: 303, C:\Users\moski\Desktop\a\api-subiekt-gt\src\apisubiektgt\subiektgt\product.php: <b>Source:</b> Subiekt.Towar.1<br/><b>Description:</b> B??d zapisu do bazy danych. Zapis spowodowa?by naruszenie integralno?ci danych.
Wi?cej informacji na ten temat w pomocy, w rozdziale "Problemy techniczne".
2024-07-11 17:23:19 Line: 303, C:\Users\moski\Desktop\a\api-subiekt-gt\src\apisubiektgt\subiektgt\product.php: <b>Source:</b> Subiekt.Towar.1<br/><b>Description:</b> B??d zapisu do bazy danych. Zapis spowodowa?by naruszenie integralno?ci danych.
Wi?cej informacji na ten temat w pomocy, w rozdziale "Problemy techniczne".
2024-07-11 17:23:26 Line: 303, C:\Users\moski\Desktop\a\api-subiekt-gt\src\apisubiektgt\subiektgt\product.php: <b>Source:</b> Subiekt.Towar.1<br/><b>Description:</b> B??d zapisu do bazy danych. Zapis spowodowa?by naruszenie integralno?ci danych.
Wi?cej informacji na ten temat w pomocy, w rozdziale "Problemy techniczne".
2024-07-11 17:23:41 Line: 303, C:\Users\moski\Desktop\a\api-subiekt-gt\src\apisubiektgt\subiektgt\product.php: <b>Source:</b> Subiekt.Towar.1<br/><b>Description:</b> B??d zapisu do bazy danych. Zapis spowodowa?by naruszenie integralno?ci danych.
Wi?cej informacji na ten temat w pomocy, w rozdziale "Problemy techniczne".
2024-07-11 17:23:47 Line: 303, C:\Users\moski\Desktop\a\api-subiekt-gt\src\apisubiektgt\subiektgt\product.php: <b>Source:</b> Subiekt.Towar.1<br/><b>Description:</b> B??d zapisu do bazy danych. Zapis spowodowa?by naruszenie integralno?ci danych.
Wi?cej informacji na ten temat w pomocy, w rozdziale "Problemy techniczne".
2024-07-11 17:24:03 Line: 303, C:\Users\moski\Desktop\a\api-subiekt-gt\src\apisubiektgt\subiektgt\product.php: <b>Source:</b> Subiekt.Towar.1<br/><b>Description:</b> B??d zapisu do bazy danych. Zapis spowodowa?by naruszenie integralno?ci danych.
Wi?cej informacji na ten temat w pomocy, w rozdziale "Problemy techniczne".
2024-07-11 17:25:40 Line: 303, C:\Users\moski\Desktop\a\api-subiekt-gt\src\apisubiektgt\subiektgt\product.php: <b>Source:</b> Subiekt.Towar.1<br/><b>Description:</b> B??d zapisu do bazy danych. Zapis spowodowa?by naruszenie integralno?ci danych.
Wi?cej informacji na ten temat w pomocy, w rozdziale "Problemy techniczne".
2024-07-11 17:26:37 Line: 303, C:\Users\moski\Desktop\a\api-subiekt-gt\src\apisubiektgt\subiektgt\product.php: <b>Source:</b> Subiekt.Towar.1<br/><b>Description:</b> B??d zapisu do bazy danych. Zapis spowodowa?by naruszenie integralno?ci danych.
Wi?cej informacji na ten temat w pomocy, w rozdziale "Problemy techniczne".
2024-07-11 17:27:10 Line: 303, C:\Users\moski\Desktop\a\api-subiekt-gt\src\apisubiektgt\subiektgt\product.php: <b>Source:</b> Subiekt.Towar.1<br/><b>Description:</b> B??d zapisu do bazy danych. Zapis spowodowa?by naruszenie integralno?ci danych.
Wi?cej informacji na ten temat w pomocy, w rozdziale "Problemy techniczne".
2024-07-11 17:30:39 Line: 303, C:\Users\moski\Desktop\a\api-subiekt-gt\src\apisubiektgt\subiektgt\product.php: <b>Source:</b> Subiekt.Towar.1<br/><b>Description:</b> B??d zapisu do bazy danych. Zapis spowodowa?by naruszenie integralno?ci danych.
Wi?cej informacji na ten temat w pomocy, w rozdziale "Problemy techniczne".
2024-07-11 17:32:16 Line: 297, C:\Users\moski\Desktop\a\api-subiekt-gt\src\apisubiektgt\subiektgt\order.php: Nie odnaleziono towaru o podanym kodzie: MF00134
2024-07-11 17:32:33 Line: 297, C:\Users\moski\Desktop\a\api-subiekt-gt\src\apisubiektgt\subiektgt\order.php: Nie odnaleziono towaru o podanym kodzie: MF00134
2024-07-11 17:38:45 Line: 39, C:\Users\moski\Desktop\a\api-subiekt-gt\src\apisubiektgt\subiektgt\customer.php: <b>Source:</b> Unknown<br/><b>Description:</b> Unknown
2024-07-11 17:40:31 Line: 39, C:\Users\moski\Desktop\a\api-subiekt-gt\src\apisubiektgt\subiektgt\customer.php: <b>Source:</b> Unknown<br/><b>Description:</b> Unknown
2024-07-11 17:42:03 Line: 39, C:\Users\moski\Desktop\a\api-subiekt-gt\src\apisubiektgt\subiektgt\customer.php: <b>Source:</b> Unknown<br/><b>Description:</b> Unknown
2024-07-11 17:44:21 Line: 39, C:\Users\moski\Desktop\a\api-subiekt-gt\src\apisubiektgt\subiektgt\customer.php: <b>Source:</b> Unknown<br/><b>Description:</b> Unknown
2024-07-11 17:45:06 Line: 39, C:\Users\moski\Desktop\a\api-subiekt-gt\src\apisubiektgt\subiektgt\customer.php: <b>Source:</b> Unknown<br/><b>Description:</b> Unknown
2024-07-11 17:46:43 Line: 39, C:\Users\moski\Desktop\a\api-subiekt-gt\src\apisubiektgt\subiektgt\customer.php: <b>Source:</b> Unknown<br/><b>Description:</b> Unknown
2024-07-11 17:47:29 Line: 39, C:\Users\moski\Desktop\a\api-subiekt-gt\src\apisubiektgt\subiektgt\customer.php: <b>Source:</b> Unknown<br/><b>Description:</b> Unknown
2024-07-11 17:47:44 Line: 39, C:\Users\moski\Desktop\a\api-subiekt-gt\src\apisubiektgt\subiektgt\customer.php: <b>Source:</b> Unknown<br/><b>Description:</b> Unknown
2024-07-11 17:47:57 Line: 39, C:\Users\moski\Desktop\a\api-subiekt-gt\src\apisubiektgt\subiektgt\customer.php: <b>Source:</b> Unknown<br/><b>Description:</b> Unknown
2024-07-11 17:48:01 Line: 31, C:\Users\moski\Desktop\a\api-subiekt-gt\public\api\index.php: JSON read: Syntax error
2024-07-11 17:48:05 Line: 39, C:\Users\moski\Desktop\a\api-subiekt-gt\src\apisubiektgt\subiektgt\customer.php: <b>Source:</b> Unknown<br/><b>Description:</b> Unknown
2024-07-11 17:48:10 Line: 297, C:\Users\moski\Desktop\a\api-subiekt-gt\src\apisubiektgt\subiektgt\order.php: Nie odnaleziono towaru o podanym kodzie: MF00134
2024-07-11 17:51:41 Line: 39, C:\Users\moski\Desktop\a\api-subiekt-gt\src\apisubiektgt\subiektgt\customer.php: <b>Source:</b> Unknown<br/><b>Description:</b> Unknown
2024-07-11 18:20:01 Line: 297, C:\Users\moski\Desktop\a\api-subiekt-gt\src\apisubiektgt\subiektgt\order.php: Nie odnaleziono towaru o podanym kodzie: IW0006
