2024-04-08 09:37:23 Line: 241, C:\Users\moski\Desktop\a\api-subiekt-gt\src\apisubiektgt\subiektgt\product.php: <b>Source:</b> Subiekt.Towar.1<br/><b>Description:</b> B??d zapisu do bazy danych. Zapis spowodowa?by naruszenie integralno?ci danych.
Wi?cej informacji na ten temat w pomocy, w rozdziale "Problemy techniczne".
2024-04-08 09:39:04 Line: 241, C:\Users\moski\Desktop\a\api-subiekt-gt\src\apisubiektgt\subiektgt\product.php: <b>Source:</b> Subiekt.Towar.1<br/><b>Description:</b> B??d zapisu do bazy danych. Zapis spowodowa?by naruszenie integralno?ci danych.
Wi?cej informacji na ten temat w pomocy, w rozdziale "Problemy techniczne".
2024-04-08 10:00:49 Line: 241, C:\Users\moski\Desktop\a\api-subiekt-gt\src\apisubiektgt\subiektgt\product.php: <b>Source:</b> Subiekt.Towar.1<br/><b>Description:</b> B??d zapisu do bazy danych. Zapis spowodowa?by naruszenie integralno?ci danych.
Wi?cej informacji na ten temat w pomocy, w rozdziale "Problemy techniczne".
2024-04-08 12:51:35 Line: 241, C:\Users\moski\Desktop\a\api-subiekt-gt\src\apisubiektgt\subiektgt\product.php: <b>Source:</b> Subiekt.Towar.1<br/><b>Description:</b> B??d zapisu do bazy danych. Zapis spowodowa?by naruszenie integralno?ci danych.
Wi?cej informacji na ten temat w pomocy, w rozdziale "Problemy techniczne".
2024-04-08 12:51:48 Line: 241, C:\Users\moski\Desktop\a\api-subiekt-gt\src\apisubiektgt\subiektgt\product.php: <b>Source:</b> Subiekt.Towar.1<br/><b>Description:</b> B??d zapisu do bazy danych. Zapis spowodowa?by naruszenie integralno?ci danych.
Wi?cej informacji na ten temat w pomocy, w rozdziale "Problemy techniczne".
2024-04-08 12:52:41 Line: 241, C:\Users\moski\Desktop\a\api-subiekt-gt\src\apisubiektgt\subiektgt\product.php: <b>Source:</b> Subiekt.Towar.1<br/><b>Description:</b> B??d zapisu do bazy danych. Zapis spowodowa?by naruszenie integralno?ci danych.
Wi?cej informacji na ten temat w pomocy, w rozdziale "Problemy techniczne".
2024-04-08 13:08:27 Line: 66, C:\Users\moski\Desktop\a\api-subiekt-gt\public\api\index.php: Nieprawid³owy klucz API - api_key!
2024-04-08 13:08:37 Line: 241, C:\Users\moski\Desktop\a\api-subiekt-gt\src\apisubiektgt\subiektgt\product.php: <b>Source:</b> Subiekt.Towar.1<br/><b>Description:</b> B??d zapisu do bazy danych. Zapis spowodowa?by naruszenie integralno?ci danych.
Wi?cej informacji na ten temat w pomocy, w rozdziale "Problemy techniczne".
2024-04-08 13:10:28 Line: 241, C:\Users\moski\Desktop\a\api-subiekt-gt\src\apisubiektgt\subiektgt\product.php: <b>Source:</b> Subiekt.Towar.1<br/><b>Description:</b> B??d zapisu do bazy danych. Zapis spowodowa?by naruszenie integralno?ci danych.
Wi?cej informacji na ten temat w pomocy, w rozdziale "Problemy techniczne".
2024-04-08 13:11:49 Line: 277, C:\Users\moski\Desktop\a\api-subiekt-gt\src\apisubiektgt\subiektgt\order.php: Nie odnaleziono towaru o podanym kodzie: MG2
2024-04-08 13:14:27 Line: 241, C:\Users\moski\Desktop\a\api-subiekt-gt\src\apisubiektgt\subiektgt\product.php: <b>Source:</b> Subiekt.Towar.1<br/><b>Description:</b> B??d zapisu do bazy danych. Zapis spowodowa?by naruszenie integralno?ci danych.
Wi?cej informacji na ten temat w pomocy, w rozdziale "Problemy techniczne".
2024-04-08 13:15:07 Line: 241, C:\Users\moski\Desktop\a\api-subiekt-gt\src\apisubiektgt\subiektgt\product.php: <b>Source:</b> Subiekt.Towar.1<br/><b>Description:</b> B??d zapisu do bazy danych. Zapis spowodowa?by naruszenie integralno?ci danych.
Wi?cej informacji na ten temat w pomocy, w rozdziale "Problemy techniczne".
2024-04-08 13:16:51 Line: 241, C:\Users\moski\Desktop\a\api-subiekt-gt\src\apisubiektgt\subiektgt\product.php: <b>Source:</b> Subiekt.Towar.1<br/><b>Description:</b> B??d zapisu do bazy danych. Zapis spowodowa?by naruszenie integralno?ci danych.
Wi?cej informacji na ten temat w pomocy, w rozdziale "Problemy techniczne".
2024-04-08 13:17:08 Line: 241, C:\Users\moski\Desktop\a\api-subiekt-gt\src\apisubiektgt\subiektgt\product.php: <b>Source:</b> Subiekt.Towar.1<br/><b>Description:</b> B??d zapisu do bazy danych. Zapis spowodowa?by naruszenie integralno?ci danych.
Wi?cej informacji na ten temat w pomocy, w rozdziale "Problemy techniczne".
2024-04-08 13:21:13 Line: 241, C:\Users\moski\Desktop\a\api-subiekt-gt\src\apisubiektgt\subiektgt\product.php: <b>Source:</b> Subiekt.Towar.1<br/><b>Description:</b> B??d zapisu do bazy danych. Zapis spowodowa?by naruszenie integralno?ci danych.
Wi?cej informacji na ten temat w pomocy, w rozdziale "Problemy techniczne".
2024-04-08 15:06:26 Line: 255, C:\Users\moski\Desktop\a\api-subiekt-gt\src\apisubiektgt\subiektgt\product.php: <b>Source:</b> Subiekt.Towar.1<br/><b>Description:</b> B??d zapisu do bazy danych. Zapis spowodowa?by naruszenie integralno?ci danych.
Wi?cej informacji na ten temat w pomocy, w rozdziale "Problemy techniczne".
2024-04-08 15:56:55 Line: 277, C:\Users\moski\Desktop\a\api-subiekt-gt\src\apisubiektgt\subiektgt\order.php: Nie odnaleziono towaru o podanym kodzie: MG2
2024-04-08 16:03:17 Line: 131, C:\Users\moski\Desktop\a\api-subiekt-gt\src\apisubiektgt\subiektgt\order.php: Nie mo¿na utworzyæ dokumentu sprzeda¿y. Dokument: ZK 2/2024. <b>Source:</b> InsERT.GT.1<br/><b>Description:</b> Zamówienie ZK 2/2024 zosta³o ju¿ zrealizowane.
Dokument FS 2/2024 zosta³ wystawiony na podstawie tego zamówienia.
