2024-07-05 09:28:40 Line: 83, C:\Users\moski\Desktop\a\api-subiekt-gt\public\api\index.php: Wywo쿪nie metody: getGtObject jest zabronione!
2024-07-05 09:40:40 Line: 34, C:\Users\moski\Desktop\a\api-subiekt-gt\public\api\index.php: Brak danych w 예daniu!
2024-07-05 10:11:11 Line: 52, C:\Users\moski\Desktop\a\api-subiekt-gt\public\api\index.php: Nieprawid쿽we wywo쿪nie API. Brak metody: printPricesObjectet
2024-07-05 10:40:34 Line: 34, C:\Users\moski\Desktop\a\api-subiekt-gt\public\api\index.php: Brak danych w 예daniu!
2024-07-05 10:43:26 Line: 319, C:\Users\moski\Desktop\a\api-subiekt-gt\src\apisubiektgt\subiektgt\product.php: Unable to lookup `Prices': Nieznana nazwa
2024-07-05 10:44:54 Line: 325, C:\Users\moski\Desktop\a\api-subiekt-gt\src\apisubiektgt\subiektgt\product.php: Unable to lookup `Vat': Nieznana nazwa
2024-07-05 10:47:18 Line: 325, C:\Users\moski\Desktop\a\api-subiekt-gt\src\apisubiektgt\subiektgt\product.php: Unable to lookup `Vat': Nieznana nazwa
2024-07-05 10:56:00 Line: 352, C:\Users\moski\Desktop\a\api-subiekt-gt\src\apisubiektgt\subiektgt\product.php: Unable to lookup `Vat': Nieznana nazwa
2024-07-05 21:24:32 Line: 34, C:\Users\moski\Desktop\a\api-subiekt-gt\public\api\index.php: Brak danych w 예daniu!
2024-07-05 21:24:32 Line: 34, C:\Users\moski\Desktop\a\api-subiekt-gt\public\api\index.php: Brak danych w 예daniu!
2024-07-05 21:24:33 Line: 34, C:\Users\moski\Desktop\a\api-subiekt-gt\public\api\index.php: Brak danych w 예daniu!
2024-07-05 21:24:33 Line: 34, C:\Users\moski\Desktop\a\api-subiekt-gt\public\api\index.php: Brak danych w 예daniu!
2024-07-05 21:24:33 Line: 34, C:\Users\moski\Desktop\a\api-subiekt-gt\public\api\index.php: Brak danych w 예daniu!
2024-07-05 21:24:34 Line: 34, C:\Users\moski\Desktop\a\api-subiekt-gt\public\api\index.php: Brak danych w 예daniu!
2024-07-05 21:24:34 Line: 34, C:\Users\moski\Desktop\a\api-subiekt-gt\public\api\index.php: Brak danych w 예daniu!
2024-07-05 21:24:34 Line: 34, C:\Users\moski\Desktop\a\api-subiekt-gt\public\api\index.php: Brak danych w 예daniu!
2024-07-05 21:24:34 Line: 34, C:\Users\moski\Desktop\a\api-subiekt-gt\public\api\index.php: Brak danych w 예daniu!
2024-07-05 21:24:35 Line: 34, C:\Users\moski\Desktop\a\api-subiekt-gt\public\api\index.php: Brak danych w 예daniu!
2024-07-05 21:24:35 Line: 34, C:\Users\moski\Desktop\a\api-subiekt-gt\public\api\index.php: Brak danych w 예daniu!
2024-07-05 21:24:35 Line: 34, C:\Users\moski\Desktop\a\api-subiekt-gt\public\api\index.php: Brak danych w 예daniu!
2024-07-05 21:24:36 Line: 34, C:\Users\moski\Desktop\a\api-subiekt-gt\public\api\index.php: Brak danych w 예daniu!
2024-07-05 21:24:36 Line: 34, C:\Users\moski\Desktop\a\api-subiekt-gt\public\api\index.php: Brak danych w 예daniu!
2024-07-05 21:24:36 Line: 34, C:\Users\moski\Desktop\a\api-subiekt-gt\public\api\index.php: Brak danych w 예daniu!
2024-07-05 21:24:37 Line: 34, C:\Users\moski\Desktop\a\api-subiekt-gt\public\api\index.php: Brak danych w 예daniu!
2024-07-05 21:24:37 Line: 34, C:\Users\moski\Desktop\a\api-subiekt-gt\public\api\index.php: Brak danych w 예daniu!
2024-07-05 21:24:37 Line: 34, C:\Users\moski\Desktop\a\api-subiekt-gt\public\api\index.php: Brak danych w 예daniu!
2024-07-05 21:24:38 Line: 34, C:\Users\moski\Desktop\a\api-subiekt-gt\public\api\index.php: Brak danych w 예daniu!
2024-07-05 21:24:38 Line: 34, C:\Users\moski\Desktop\a\api-subiekt-gt\public\api\index.php: Brak danych w 예daniu!
2024-07-05 21:24:38 Line: 34, C:\Users\moski\Desktop\a\api-subiekt-gt\public\api\index.php: Brak danych w 예daniu!
2024-07-05 21:24:38 Line: 34, C:\Users\moski\Desktop\a\api-subiekt-gt\public\api\index.php: Brak danych w 예daniu!
2024-07-05 21:24:39 Line: 34, C:\Users\moski\Desktop\a\api-subiekt-gt\public\api\index.php: Brak danych w 예daniu!
2024-07-05 21:24:39 Line: 34, C:\Users\moski\Desktop\a\api-subiekt-gt\public\api\index.php: Brak danych w 예daniu!
2024-07-05 21:24:39 Line: 34, C:\Users\moski\Desktop\a\api-subiekt-gt\public\api\index.php: Brak danych w 예daniu!
2024-07-05 21:24:40 Line: 34, C:\Users\moski\Desktop\a\api-subiekt-gt\public\api\index.php: Brak danych w 예daniu!
2024-07-05 21:24:40 Line: 34, C:\Users\moski\Desktop\a\api-subiekt-gt\public\api\index.php: Brak danych w 예daniu!
2024-07-05 21:24:40 Line: 34, C:\Users\moski\Desktop\a\api-subiekt-gt\public\api\index.php: Brak danych w 예daniu!
2024-07-05 21:24:41 Line: 34, C:\Users\moski\Desktop\a\api-subiekt-gt\public\api\index.php: Brak danych w 예daniu!
2024-07-05 21:24:41 Line: 34, C:\Users\moski\Desktop\a\api-subiekt-gt\public\api\index.php: Brak danych w 예daniu!
2024-07-05 21:24:41 Line: 34, C:\Users\moski\Desktop\a\api-subiekt-gt\public\api\index.php: Brak danych w 예daniu!
2024-07-05 21:24:42 Line: 34, C:\Users\moski\Desktop\a\api-subiekt-gt\public\api\index.php: Brak danych w 예daniu!
2024-07-05 21:24:42 Line: 34, C:\Users\moski\Desktop\a\api-subiekt-gt\public\api\index.php: Brak danych w 예daniu!
2024-07-05 21:24:42 Line: 34, C:\Users\moski\Desktop\a\api-subiekt-gt\public\api\index.php: Brak danych w 예daniu!
2024-07-05 21:24:43 Line: 34, C:\Users\moski\Desktop\a\api-subiekt-gt\public\api\index.php: Brak danych w 예daniu!
2024-07-05 21:24:43 Line: 34, C:\Users\moski\Desktop\a\api-subiekt-gt\public\api\index.php: Brak danych w 예daniu!
2024-07-05 21:24:43 Line: 34, C:\Users\moski\Desktop\a\api-subiekt-gt\public\api\index.php: Brak danych w 예daniu!
2024-07-05 21:24:44 Line: 34, C:\Users\moski\Desktop\a\api-subiekt-gt\public\api\index.php: Brak danych w 예daniu!
2024-07-05 21:24:44 Line: 34, C:\Users\moski\Desktop\a\api-subiekt-gt\public\api\index.php: Brak danych w 예daniu!
2024-07-05 21:24:44 Line: 34, C:\Users\moski\Desktop\a\api-subiekt-gt\public\api\index.php: Brak danych w 예daniu!
2024-07-05 21:24:45 Line: 34, C:\Users\moski\Desktop\a\api-subiekt-gt\public\api\index.php: Brak danych w 예daniu!
2024-07-05 21:24:45 Line: 34, C:\Users\moski\Desktop\a\api-subiekt-gt\public\api\index.php: Brak danych w 예daniu!
2024-07-05 21:24:45 Line: 34, C:\Users\moski\Desktop\a\api-subiekt-gt\public\api\index.php: Brak danych w 예daniu!
2024-07-05 21:24:46 Line: 34, C:\Users\moski\Desktop\a\api-subiekt-gt\public\api\index.php: Brak danych w 예daniu!
2024-07-05 21:24:46 Line: 34, C:\Users\moski\Desktop\a\api-subiekt-gt\public\api\index.php: Brak danych w 예daniu!
2024-07-05 21:24:46 Line: 34, C:\Users\moski\Desktop\a\api-subiekt-gt\public\api\index.php: Brak danych w 예daniu!
2024-07-05 21:24:46 Line: 34, C:\Users\moski\Desktop\a\api-subiekt-gt\public\api\index.php: Brak danych w 예daniu!
2024-07-05 21:24:47 Line: 34, C:\Users\moski\Desktop\a\api-subiekt-gt\public\api\index.php: Brak danych w 예daniu!
2024-07-05 21:24:47 Line: 34, C:\Users\moski\Desktop\a\api-subiekt-gt\public\api\index.php: Brak danych w 예daniu!
2024-07-05 21:24:47 Line: 34, C:\Users\moski\Desktop\a\api-subiekt-gt\public\api\index.php: Brak danych w 예daniu!
2024-07-05 21:24:48 Line: 34, C:\Users\moski\Desktop\a\api-subiekt-gt\public\api\index.php: Brak danych w 예daniu!
2024-07-05 21:24:48 Line: 34, C:\Users\moski\Desktop\a\api-subiekt-gt\public\api\index.php: Brak danych w 예daniu!
2024-07-05 21:24:48 Line: 34, C:\Users\moski\Desktop\a\api-subiekt-gt\public\api\index.php: Brak danych w 예daniu!
2024-07-05 21:24:49 Line: 34, C:\Users\moski\Desktop\a\api-subiekt-gt\public\api\index.php: Brak danych w 예daniu!
2024-07-05 21:24:49 Line: 34, C:\Users\moski\Desktop\a\api-subiekt-gt\public\api\index.php: Brak danych w 예daniu!
2024-07-05 21:24:49 Line: 34, C:\Users\moski\Desktop\a\api-subiekt-gt\public\api\index.php: Brak danych w 예daniu!
2024-07-05 21:24:49 Line: 34, C:\Users\moski\Desktop\a\api-subiekt-gt\public\api\index.php: Brak danych w 예daniu!
2024-07-05 21:24:50 Line: 34, C:\Users\moski\Desktop\a\api-subiekt-gt\public\api\index.php: Brak danych w 예daniu!
2024-07-05 21:24:50 Line: 34, C:\Users\moski\Desktop\a\api-subiekt-gt\public\api\index.php: Brak danych w 예daniu!
2024-07-05 21:24:50 Line: 34, C:\Users\moski\Desktop\a\api-subiekt-gt\public\api\index.php: Brak danych w 예daniu!
2024-07-05 21:24:51 Line: 34, C:\Users\moski\Desktop\a\api-subiekt-gt\public\api\index.php: Brak danych w 예daniu!
2024-07-05 21:24:51 Line: 34, C:\Users\moski\Desktop\a\api-subiekt-gt\public\api\index.php: Brak danych w 예daniu!
2024-07-05 21:24:51 Line: 34, C:\Users\moski\Desktop\a\api-subiekt-gt\public\api\index.php: Brak danych w 예daniu!
2024-07-05 21:24:52 Line: 34, C:\Users\moski\Desktop\a\api-subiekt-gt\public\api\index.php: Brak danych w 예daniu!
2024-07-05 21:24:52 Line: 34, C:\Users\moski\Desktop\a\api-subiekt-gt\public\api\index.php: Brak danych w 예daniu!
2024-07-05 21:24:52 Line: 34, C:\Users\moski\Desktop\a\api-subiekt-gt\public\api\index.php: Brak danych w 예daniu!
2024-07-05 21:24:52 Line: 34, C:\Users\moski\Desktop\a\api-subiekt-gt\public\api\index.php: Brak danych w 예daniu!
2024-07-05 21:24:53 Line: 34, C:\Users\moski\Desktop\a\api-subiekt-gt\public\api\index.php: Brak danych w 예daniu!
2024-07-05 21:24:53 Line: 34, C:\Users\moski\Desktop\a\api-subiekt-gt\public\api\index.php: Brak danych w 예daniu!
2024-07-05 21:24:53 Line: 34, C:\Users\moski\Desktop\a\api-subiekt-gt\public\api\index.php: Brak danych w 예daniu!
2024-07-05 21:24:54 Line: 34, C:\Users\moski\Desktop\a\api-subiekt-gt\public\api\index.php: Brak danych w 예daniu!
2024-07-05 21:24:54 Line: 34, C:\Users\moski\Desktop\a\api-subiekt-gt\public\api\index.php: Brak danych w 예daniu!
2024-07-05 21:24:54 Line: 34, C:\Users\moski\Desktop\a\api-subiekt-gt\public\api\index.php: Brak danych w 예daniu!
2024-07-05 21:24:55 Line: 34, C:\Users\moski\Desktop\a\api-subiekt-gt\public\api\index.php: Brak danych w 예daniu!
2024-07-05 21:24:55 Line: 34, C:\Users\moski\Desktop\a\api-subiekt-gt\public\api\index.php: Brak danych w 예daniu!
2024-07-05 21:24:55 Line: 34, C:\Users\moski\Desktop\a\api-subiekt-gt\public\api\index.php: Brak danych w 예daniu!
2024-07-05 21:24:55 Line: 34, C:\Users\moski\Desktop\a\api-subiekt-gt\public\api\index.php: Brak danych w 예daniu!
2024-07-05 21:24:56 Line: 34, C:\Users\moski\Desktop\a\api-subiekt-gt\public\api\index.php: Brak danych w 예daniu!
2024-07-05 21:24:56 Line: 34, C:\Users\moski\Desktop\a\api-subiekt-gt\public\api\index.php: Brak danych w 예daniu!
2024-07-05 21:24:56 Line: 34, C:\Users\moski\Desktop\a\api-subiekt-gt\public\api\index.php: Brak danych w 예daniu!
2024-07-05 21:24:57 Line: 34, C:\Users\moski\Desktop\a\api-subiekt-gt\public\api\index.php: Brak danych w 예daniu!
2024-07-05 21:24:57 Line: 34, C:\Users\moski\Desktop\a\api-subiekt-gt\public\api\index.php: Brak danych w 예daniu!
2024-07-05 21:24:57 Line: 34, C:\Users\moski\Desktop\a\api-subiekt-gt\public\api\index.php: Brak danych w 예daniu!
2024-07-05 21:24:58 Line: 34, C:\Users\moski\Desktop\a\api-subiekt-gt\public\api\index.php: Brak danych w 예daniu!
2024-07-05 21:24:58 Line: 34, C:\Users\moski\Desktop\a\api-subiekt-gt\public\api\index.php: Brak danych w 예daniu!
2024-07-05 21:24:58 Line: 34, C:\Users\moski\Desktop\a\api-subiekt-gt\public\api\index.php: Brak danych w 예daniu!
2024-07-05 21:24:58 Line: 34, C:\Users\moski\Desktop\a\api-subiekt-gt\public\api\index.php: Brak danych w 예daniu!
2024-07-05 21:24:59 Line: 34, C:\Users\moski\Desktop\a\api-subiekt-gt\public\api\index.php: Brak danych w 예daniu!
2024-07-05 21:24:59 Line: 34, C:\Users\moski\Desktop\a\api-subiekt-gt\public\api\index.php: Brak danych w 예daniu!
2024-07-05 21:24:59 Line: 34, C:\Users\moski\Desktop\a\api-subiekt-gt\public\api\index.php: Brak danych w 예daniu!
2024-07-05 21:25:00 Line: 34, C:\Users\moski\Desktop\a\api-subiekt-gt\public\api\index.php: Brak danych w 예daniu!
2024-07-05 21:25:00 Line: 34, C:\Users\moski\Desktop\a\api-subiekt-gt\public\api\index.php: Brak danych w 예daniu!
2024-07-05 21:25:00 Line: 34, C:\Users\moski\Desktop\a\api-subiekt-gt\public\api\index.php: Brak danych w 예daniu!
2024-07-05 21:25:00 Line: 34, C:\Users\moski\Desktop\a\api-subiekt-gt\public\api\index.php: Brak danych w 예daniu!
2024-07-05 21:25:01 Line: 34, C:\Users\moski\Desktop\a\api-subiekt-gt\public\api\index.php: Brak danych w 예daniu!
2024-07-05 21:25:01 Line: 34, C:\Users\moski\Desktop\a\api-subiekt-gt\public\api\index.php: Brak danych w 예daniu!
2024-07-05 21:25:01 Line: 34, C:\Users\moski\Desktop\a\api-subiekt-gt\public\api\index.php: Brak danych w 예daniu!
2024-07-05 21:25:02 Line: 34, C:\Users\moski\Desktop\a\api-subiekt-gt\public\api\index.php: Brak danych w 예daniu!
2024-07-05 21:25:02 Line: 34, C:\Users\moski\Desktop\a\api-subiekt-gt\public\api\index.php: Brak danych w 예daniu!
2024-07-05 21:25:02 Line: 34, C:\Users\moski\Desktop\a\api-subiekt-gt\public\api\index.php: Brak danych w 예daniu!
2024-07-05 21:25:03 Line: 34, C:\Users\moski\Desktop\a\api-subiekt-gt\public\api\index.php: Brak danych w 예daniu!
2024-07-05 21:25:03 Line: 34, C:\Users\moski\Desktop\a\api-subiekt-gt\public\api\index.php: Brak danych w 예daniu!
2024-07-05 21:25:03 Line: 34, C:\Users\moski\Desktop\a\api-subiekt-gt\public\api\index.php: Brak danych w 예daniu!
2024-07-05 21:25:04 Line: 34, C:\Users\moski\Desktop\a\api-subiekt-gt\public\api\index.php: Brak danych w 예daniu!
2024-07-05 21:25:04 Line: 34, C:\Users\moski\Desktop\a\api-subiekt-gt\public\api\index.php: Brak danych w 예daniu!
2024-07-05 21:25:04 Line: 34, C:\Users\moski\Desktop\a\api-subiekt-gt\public\api\index.php: Brak danych w 예daniu!
2024-07-05 21:25:05 Line: 34, C:\Users\moski\Desktop\a\api-subiekt-gt\public\api\index.php: Brak danych w 예daniu!
2024-07-05 21:25:05 Line: 34, C:\Users\moski\Desktop\a\api-subiekt-gt\public\api\index.php: Brak danych w 예daniu!
2024-07-05 21:25:05 Line: 34, C:\Users\moski\Desktop\a\api-subiekt-gt\public\api\index.php: Brak danych w 예daniu!
2024-07-05 21:25:06 Line: 34, C:\Users\moski\Desktop\a\api-subiekt-gt\public\api\index.php: Brak danych w 예daniu!
2024-07-05 21:25:06 Line: 34, C:\Users\moski\Desktop\a\api-subiekt-gt\public\api\index.php: Brak danych w 예daniu!
2024-07-05 21:25:06 Line: 34, C:\Users\moski\Desktop\a\api-subiekt-gt\public\api\index.php: Brak danych w 예daniu!
2024-07-05 21:25:07 Line: 34, C:\Users\moski\Desktop\a\api-subiekt-gt\public\api\index.php: Brak danych w 예daniu!
2024-07-05 21:25:07 Line: 34, C:\Users\moski\Desktop\a\api-subiekt-gt\public\api\index.php: Brak danych w 예daniu!
2024-07-05 21:25:07 Line: 34, C:\Users\moski\Desktop\a\api-subiekt-gt\public\api\index.php: Brak danych w 예daniu!
2024-07-05 21:25:07 Line: 34, C:\Users\moski\Desktop\a\api-subiekt-gt\public\api\index.php: Brak danych w 예daniu!
2024-07-05 21:25:08 Line: 34, C:\Users\moski\Desktop\a\api-subiekt-gt\public\api\index.php: Brak danych w 예daniu!
2024-07-05 21:25:08 Line: 34, C:\Users\moski\Desktop\a\api-subiekt-gt\public\api\index.php: Brak danych w 예daniu!
2024-07-05 21:25:08 Line: 34, C:\Users\moski\Desktop\a\api-subiekt-gt\public\api\index.php: Brak danych w 예daniu!
2024-07-05 21:25:09 Line: 34, C:\Users\moski\Desktop\a\api-subiekt-gt\public\api\index.php: Brak danych w 예daniu!
2024-07-05 21:25:09 Line: 34, C:\Users\moski\Desktop\a\api-subiekt-gt\public\api\index.php: Brak danych w 예daniu!
2024-07-05 21:25:09 Line: 34, C:\Users\moski\Desktop\a\api-subiekt-gt\public\api\index.php: Brak danych w 예daniu!
2024-07-05 21:25:10 Line: 34, C:\Users\moski\Desktop\a\api-subiekt-gt\public\api\index.php: Brak danych w 예daniu!
2024-07-05 21:25:10 Line: 34, C:\Users\moski\Desktop\a\api-subiekt-gt\public\api\index.php: Brak danych w 예daniu!
2024-07-05 21:25:10 Line: 34, C:\Users\moski\Desktop\a\api-subiekt-gt\public\api\index.php: Brak danych w 예daniu!
2024-07-05 21:25:10 Line: 34, C:\Users\moski\Desktop\a\api-subiekt-gt\public\api\index.php: Brak danych w 예daniu!
2024-07-05 21:25:11 Line: 34, C:\Users\moski\Desktop\a\api-subiekt-gt\public\api\index.php: Brak danych w 예daniu!
2024-07-05 21:25:11 Line: 34, C:\Users\moski\Desktop\a\api-subiekt-gt\public\api\index.php: Brak danych w 예daniu!
2024-07-05 21:25:11 Line: 34, C:\Users\moski\Desktop\a\api-subiekt-gt\public\api\index.php: Brak danych w 예daniu!
2024-07-05 21:25:12 Line: 34, C:\Users\moski\Desktop\a\api-subiekt-gt\public\api\index.php: Brak danych w 예daniu!
2024-07-05 21:25:12 Line: 34, C:\Users\moski\Desktop\a\api-subiekt-gt\public\api\index.php: Brak danych w 예daniu!
2024-07-05 21:25:12 Line: 34, C:\Users\moski\Desktop\a\api-subiekt-gt\public\api\index.php: Brak danych w 예daniu!
2024-07-05 21:25:13 Line: 34, C:\Users\moski\Desktop\a\api-subiekt-gt\public\api\index.php: Brak danych w 예daniu!
2024-07-05 21:25:13 Line: 34, C:\Users\moski\Desktop\a\api-subiekt-gt\public\api\index.php: Brak danych w 예daniu!
2024-07-05 21:25:13 Line: 34, C:\Users\moski\Desktop\a\api-subiekt-gt\public\api\index.php: Brak danych w 예daniu!
2024-07-05 21:25:13 Line: 34, C:\Users\moski\Desktop\a\api-subiekt-gt\public\api\index.php: Brak danych w 예daniu!
2024-07-05 21:25:14 Line: 34, C:\Users\moski\Desktop\a\api-subiekt-gt\public\api\index.php: Brak danych w 예daniu!
2024-07-05 21:25:14 Line: 34, C:\Users\moski\Desktop\a\api-subiekt-gt\public\api\index.php: Brak danych w 예daniu!
2024-07-05 21:25:14 Line: 34, C:\Users\moski\Desktop\a\api-subiekt-gt\public\api\index.php: Brak danych w 예daniu!
2024-07-05 21:25:15 Line: 34, C:\Users\moski\Desktop\a\api-subiekt-gt\public\api\index.php: Brak danych w 예daniu!
2024-07-05 21:25:15 Line: 34, C:\Users\moski\Desktop\a\api-subiekt-gt\public\api\index.php: Brak danych w 예daniu!
2024-07-05 21:25:15 Line: 34, C:\Users\moski\Desktop\a\api-subiekt-gt\public\api\index.php: Brak danych w 예daniu!
2024-07-05 21:25:16 Line: 34, C:\Users\moski\Desktop\a\api-subiekt-gt\public\api\index.php: Brak danych w 예daniu!
2024-07-05 21:25:16 Line: 34, C:\Users\moski\Desktop\a\api-subiekt-gt\public\api\index.php: Brak danych w 예daniu!
2024-07-05 21:25:16 Line: 34, C:\Users\moski\Desktop\a\api-subiekt-gt\public\api\index.php: Brak danych w 예daniu!
2024-07-05 21:25:16 Line: 34, C:\Users\moski\Desktop\a\api-subiekt-gt\public\api\index.php: Brak danych w 예daniu!
2024-07-05 21:25:17 Line: 34, C:\Users\moski\Desktop\a\api-subiekt-gt\public\api\index.php: Brak danych w 예daniu!
2024-07-05 21:25:17 Line: 34, C:\Users\moski\Desktop\a\api-subiekt-gt\public\api\index.php: Brak danych w 예daniu!
2024-07-05 21:25:17 Line: 34, C:\Users\moski\Desktop\a\api-subiekt-gt\public\api\index.php: Brak danych w 예daniu!
2024-07-05 21:25:18 Line: 34, C:\Users\moski\Desktop\a\api-subiekt-gt\public\api\index.php: Brak danych w 예daniu!
2024-07-05 21:25:18 Line: 34, C:\Users\moski\Desktop\a\api-subiekt-gt\public\api\index.php: Brak danych w 예daniu!
2024-07-05 21:25:18 Line: 34, C:\Users\moski\Desktop\a\api-subiekt-gt\public\api\index.php: Brak danych w 예daniu!
2024-07-05 21:25:19 Line: 34, C:\Users\moski\Desktop\a\api-subiekt-gt\public\api\index.php: Brak danych w 예daniu!
2024-07-05 21:25:19 Line: 34, C:\Users\moski\Desktop\a\api-subiekt-gt\public\api\index.php: Brak danych w 예daniu!
2024-07-05 21:25:19 Line: 34, C:\Users\moski\Desktop\a\api-subiekt-gt\public\api\index.php: Brak danych w 예daniu!
2024-07-05 21:25:19 Line: 34, C:\Users\moski\Desktop\a\api-subiekt-gt\public\api\index.php: Brak danych w 예daniu!
2024-07-05 21:25:20 Line: 34, C:\Users\moski\Desktop\a\api-subiekt-gt\public\api\index.php: Brak danych w 예daniu!
2024-07-05 21:25:20 Line: 34, C:\Users\moski\Desktop\a\api-subiekt-gt\public\api\index.php: Brak danych w 예daniu!
2024-07-05 21:25:20 Line: 34, C:\Users\moski\Desktop\a\api-subiekt-gt\public\api\index.php: Brak danych w 예daniu!
2024-07-05 21:25:21 Line: 34, C:\Users\moski\Desktop\a\api-subiekt-gt\public\api\index.php: Brak danych w 예daniu!
2024-07-05 21:25:21 Line: 34, C:\Users\moski\Desktop\a\api-subiekt-gt\public\api\index.php: Brak danych w 예daniu!
2024-07-05 21:25:21 Line: 34, C:\Users\moski\Desktop\a\api-subiekt-gt\public\api\index.php: Brak danych w 예daniu!
2024-07-05 21:25:21 Line: 34, C:\Users\moski\Desktop\a\api-subiekt-gt\public\api\index.php: Brak danych w 예daniu!
2024-07-05 21:25:22 Line: 34, C:\Users\moski\Desktop\a\api-subiekt-gt\public\api\index.php: Brak danych w 예daniu!
2024-07-05 21:25:22 Line: 34, C:\Users\moski\Desktop\a\api-subiekt-gt\public\api\index.php: Brak danych w 예daniu!
2024-07-05 21:25:22 Line: 34, C:\Users\moski\Desktop\a\api-subiekt-gt\public\api\index.php: Brak danych w 예daniu!
2024-07-05 21:25:23 Line: 34, C:\Users\moski\Desktop\a\api-subiekt-gt\public\api\index.php: Brak danych w 예daniu!
2024-07-05 21:25:23 Line: 34, C:\Users\moski\Desktop\a\api-subiekt-gt\public\api\index.php: Brak danych w 예daniu!
2024-07-05 21:25:23 Line: 34, C:\Users\moski\Desktop\a\api-subiekt-gt\public\api\index.php: Brak danych w 예daniu!
2024-07-05 21:25:23 Line: 34, C:\Users\moski\Desktop\a\api-subiekt-gt\public\api\index.php: Brak danych w 예daniu!
2024-07-05 21:25:24 Line: 34, C:\Users\moski\Desktop\a\api-subiekt-gt\public\api\index.php: Brak danych w 예daniu!
2024-07-05 21:25:24 Line: 34, C:\Users\moski\Desktop\a\api-subiekt-gt\public\api\index.php: Brak danych w 예daniu!
2024-07-05 21:25:24 Line: 34, C:\Users\moski\Desktop\a\api-subiekt-gt\public\api\index.php: Brak danych w 예daniu!
2024-07-05 21:25:25 Line: 34, C:\Users\moski\Desktop\a\api-subiekt-gt\public\api\index.php: Brak danych w 예daniu!
2024-07-05 21:25:25 Line: 34, C:\Users\moski\Desktop\a\api-subiekt-gt\public\api\index.php: Brak danych w 예daniu!
2024-07-05 21:25:25 Line: 34, C:\Users\moski\Desktop\a\api-subiekt-gt\public\api\index.php: Brak danych w 예daniu!
2024-07-05 21:25:25 Line: 34, C:\Users\moski\Desktop\a\api-subiekt-gt\public\api\index.php: Brak danych w 예daniu!
2024-07-05 21:25:26 Line: 34, C:\Users\moski\Desktop\a\api-subiekt-gt\public\api\index.php: Brak danych w 예daniu!
2024-07-05 21:25:26 Line: 34, C:\Users\moski\Desktop\a\api-subiekt-gt\public\api\index.php: Brak danych w 예daniu!
2024-07-05 21:25:26 Line: 34, C:\Users\moski\Desktop\a\api-subiekt-gt\public\api\index.php: Brak danych w 예daniu!
2024-07-05 21:25:27 Line: 34, C:\Users\moski\Desktop\a\api-subiekt-gt\public\api\index.php: Brak danych w 예daniu!
2024-07-05 21:25:27 Line: 34, C:\Users\moski\Desktop\a\api-subiekt-gt\public\api\index.php: Brak danych w 예daniu!
2024-07-05 21:25:27 Line: 34, C:\Users\moski\Desktop\a\api-subiekt-gt\public\api\index.php: Brak danych w 예daniu!
2024-07-05 21:25:27 Line: 34, C:\Users\moski\Desktop\a\api-subiekt-gt\public\api\index.php: Brak danych w 예daniu!
2024-07-05 21:25:28 Line: 34, C:\Users\moski\Desktop\a\api-subiekt-gt\public\api\index.php: Brak danych w 예daniu!
2024-07-05 21:25:28 Line: 34, C:\Users\moski\Desktop\a\api-subiekt-gt\public\api\index.php: Brak danych w 예daniu!
2024-07-05 21:25:28 Line: 34, C:\Users\moski\Desktop\a\api-subiekt-gt\public\api\index.php: Brak danych w 예daniu!
2024-07-05 21:25:29 Line: 34, C:\Users\moski\Desktop\a\api-subiekt-gt\public\api\index.php: Brak danych w 예daniu!
2024-07-05 21:25:29 Line: 34, C:\Users\moski\Desktop\a\api-subiekt-gt\public\api\index.php: Brak danych w 예daniu!
2024-07-05 21:25:29 Line: 34, C:\Users\moski\Desktop\a\api-subiekt-gt\public\api\index.php: Brak danych w 예daniu!
2024-07-05 21:25:29 Line: 34, C:\Users\moski\Desktop\a\api-subiekt-gt\public\api\index.php: Brak danych w 예daniu!
2024-07-05 21:25:30 Line: 34, C:\Users\moski\Desktop\a\api-subiekt-gt\public\api\index.php: Brak danych w 예daniu!
2024-07-05 21:25:30 Line: 34, C:\Users\moski\Desktop\a\api-subiekt-gt\public\api\index.php: Brak danych w 예daniu!
2024-07-05 21:25:30 Line: 34, C:\Users\moski\Desktop\a\api-subiekt-gt\public\api\index.php: Brak danych w 예daniu!
2024-07-05 21:25:31 Line: 34, C:\Users\moski\Desktop\a\api-subiekt-gt\public\api\index.php: Brak danych w 예daniu!
2024-07-05 21:25:31 Line: 34, C:\Users\moski\Desktop\a\api-subiekt-gt\public\api\index.php: Brak danych w 예daniu!
2024-07-05 21:25:31 Line: 34, C:\Users\moski\Desktop\a\api-subiekt-gt\public\api\index.php: Brak danych w 예daniu!
2024-07-05 21:25:31 Line: 34, C:\Users\moski\Desktop\a\api-subiekt-gt\public\api\index.php: Brak danych w 예daniu!
2024-07-05 21:25:32 Line: 34, C:\Users\moski\Desktop\a\api-subiekt-gt\public\api\index.php: Brak danych w 예daniu!
2024-07-05 21:25:32 Line: 34, C:\Users\moski\Desktop\a\api-subiekt-gt\public\api\index.php: Brak danych w 예daniu!
2024-07-05 21:25:32 Line: 34, C:\Users\moski\Desktop\a\api-subiekt-gt\public\api\index.php: Brak danych w 예daniu!
2024-07-05 21:25:33 Line: 34, C:\Users\moski\Desktop\a\api-subiekt-gt\public\api\index.php: Brak danych w 예daniu!
2024-07-05 21:25:33 Line: 34, C:\Users\moski\Desktop\a\api-subiekt-gt\public\api\index.php: Brak danych w 예daniu!
2024-07-05 21:25:33 Line: 34, C:\Users\moski\Desktop\a\api-subiekt-gt\public\api\index.php: Brak danych w 예daniu!
2024-07-05 21:25:33 Line: 34, C:\Users\moski\Desktop\a\api-subiekt-gt\public\api\index.php: Brak danych w 예daniu!
2024-07-05 21:25:34 Line: 34, C:\Users\moski\Desktop\a\api-subiekt-gt\public\api\index.php: Brak danych w 예daniu!
2024-07-05 21:25:34 Line: 34, C:\Users\moski\Desktop\a\api-subiekt-gt\public\api\index.php: Brak danych w 예daniu!
2024-07-05 21:25:34 Line: 34, C:\Users\moski\Desktop\a\api-subiekt-gt\public\api\index.php: Brak danych w 예daniu!
2024-07-05 21:25:35 Line: 34, C:\Users\moski\Desktop\a\api-subiekt-gt\public\api\index.php: Brak danych w 예daniu!
2024-07-05 21:25:35 Line: 34, C:\Users\moski\Desktop\a\api-subiekt-gt\public\api\index.php: Brak danych w 예daniu!
2024-07-05 21:25:35 Line: 34, C:\Users\moski\Desktop\a\api-subiekt-gt\public\api\index.php: Brak danych w 예daniu!
2024-07-05 21:25:35 Line: 34, C:\Users\moski\Desktop\a\api-subiekt-gt\public\api\index.php: Brak danych w 예daniu!
2024-07-05 21:25:36 Line: 34, C:\Users\moski\Desktop\a\api-subiekt-gt\public\api\index.php: Brak danych w 예daniu!
2024-07-05 21:25:36 Line: 34, C:\Users\moski\Desktop\a\api-subiekt-gt\public\api\index.php: Brak danych w 예daniu!
2024-07-05 21:25:36 Line: 34, C:\Users\moski\Desktop\a\api-subiekt-gt\public\api\index.php: Brak danych w 예daniu!
2024-07-05 21:25:37 Line: 34, C:\Users\moski\Desktop\a\api-subiekt-gt\public\api\index.php: Brak danych w 예daniu!
2024-07-05 21:25:37 Line: 34, C:\Users\moski\Desktop\a\api-subiekt-gt\public\api\index.php: Brak danych w 예daniu!
2024-07-05 21:25:37 Line: 34, C:\Users\moski\Desktop\a\api-subiekt-gt\public\api\index.php: Brak danych w 예daniu!
2024-07-05 21:25:38 Line: 34, C:\Users\moski\Desktop\a\api-subiekt-gt\public\api\index.php: Brak danych w 예daniu!
2024-07-05 21:25:38 Line: 34, C:\Users\moski\Desktop\a\api-subiekt-gt\public\api\index.php: Brak danych w 예daniu!
2024-07-05 21:25:38 Line: 34, C:\Users\moski\Desktop\a\api-subiekt-gt\public\api\index.php: Brak danych w 예daniu!
2024-07-05 21:25:38 Line: 34, C:\Users\moski\Desktop\a\api-subiekt-gt\public\api\index.php: Brak danych w 예daniu!
2024-07-05 21:25:39 Line: 34, C:\Users\moski\Desktop\a\api-subiekt-gt\public\api\index.php: Brak danych w 예daniu!
2024-07-05 21:25:39 Line: 34, C:\Users\moski\Desktop\a\api-subiekt-gt\public\api\index.php: Brak danych w 예daniu!
2024-07-05 21:25:39 Line: 34, C:\Users\moski\Desktop\a\api-subiekt-gt\public\api\index.php: Brak danych w 예daniu!
2024-07-05 21:25:40 Line: 34, C:\Users\moski\Desktop\a\api-subiekt-gt\public\api\index.php: Brak danych w 예daniu!
2024-07-05 21:25:40 Line: 34, C:\Users\moski\Desktop\a\api-subiekt-gt\public\api\index.php: Brak danych w 예daniu!
2024-07-05 21:25:40 Line: 34, C:\Users\moski\Desktop\a\api-subiekt-gt\public\api\index.php: Brak danych w 예daniu!
2024-07-05 21:25:40 Line: 34, C:\Users\moski\Desktop\a\api-subiekt-gt\public\api\index.php: Brak danych w 예daniu!
2024-07-05 21:25:41 Line: 34, C:\Users\moski\Desktop\a\api-subiekt-gt\public\api\index.php: Brak danych w 예daniu!
2024-07-05 21:25:41 Line: 34, C:\Users\moski\Desktop\a\api-subiekt-gt\public\api\index.php: Brak danych w 예daniu!
2024-07-05 21:25:42 Line: 34, C:\Users\moski\Desktop\a\api-subiekt-gt\public\api\index.php: Brak danych w 예daniu!
2024-07-05 21:25:42 Line: 34, C:\Users\moski\Desktop\a\api-subiekt-gt\public\api\index.php: Brak danych w 예daniu!
2024-07-05 21:25:42 Line: 34, C:\Users\moski\Desktop\a\api-subiekt-gt\public\api\index.php: Brak danych w 예daniu!
2024-07-05 21:25:43 Line: 34, C:\Users\moski\Desktop\a\api-subiekt-gt\public\api\index.php: Brak danych w 예daniu!
2024-07-05 21:25:43 Line: 34, C:\Users\moski\Desktop\a\api-subiekt-gt\public\api\index.php: Brak danych w 예daniu!
2024-07-05 21:25:43 Line: 34, C:\Users\moski\Desktop\a\api-subiekt-gt\public\api\index.php: Brak danych w 예daniu!
2024-07-05 21:25:44 Line: 34, C:\Users\moski\Desktop\a\api-subiekt-gt\public\api\index.php: Brak danych w 예daniu!
2024-07-05 21:25:44 Line: 34, C:\Users\moski\Desktop\a\api-subiekt-gt\public\api\index.php: Brak danych w 예daniu!
2024-07-05 21:25:44 Line: 34, C:\Users\moski\Desktop\a\api-subiekt-gt\public\api\index.php: Brak danych w 예daniu!
2024-07-05 21:25:44 Line: 34, C:\Users\moski\Desktop\a\api-subiekt-gt\public\api\index.php: Brak danych w 예daniu!
2024-07-05 21:25:45 Line: 34, C:\Users\moski\Desktop\a\api-subiekt-gt\public\api\index.php: Brak danych w 예daniu!
2024-07-05 21:25:45 Line: 34, C:\Users\moski\Desktop\a\api-subiekt-gt\public\api\index.php: Brak danych w 예daniu!
2024-07-05 21:25:45 Line: 34, C:\Users\moski\Desktop\a\api-subiekt-gt\public\api\index.php: Brak danych w 예daniu!
2024-07-05 21:25:46 Line: 34, C:\Users\moski\Desktop\a\api-subiekt-gt\public\api\index.php: Brak danych w 예daniu!
2024-07-05 21:25:46 Line: 34, C:\Users\moski\Desktop\a\api-subiekt-gt\public\api\index.php: Brak danych w 예daniu!
2024-07-05 21:25:46 Line: 34, C:\Users\moski\Desktop\a\api-subiekt-gt\public\api\index.php: Brak danych w 예daniu!
2024-07-05 21:25:46 Line: 34, C:\Users\moski\Desktop\a\api-subiekt-gt\public\api\index.php: Brak danych w 예daniu!
2024-07-05 21:25:47 Line: 34, C:\Users\moski\Desktop\a\api-subiekt-gt\public\api\index.php: Brak danych w 예daniu!
2024-07-05 21:25:47 Line: 34, C:\Users\moski\Desktop\a\api-subiekt-gt\public\api\index.php: Brak danych w 예daniu!
2024-07-05 21:25:47 Line: 34, C:\Users\moski\Desktop\a\api-subiekt-gt\public\api\index.php: Brak danych w 예daniu!
2024-07-05 21:25:48 Line: 34, C:\Users\moski\Desktop\a\api-subiekt-gt\public\api\index.php: Brak danych w 예daniu!
2024-07-05 21:25:48 Line: 34, C:\Users\moski\Desktop\a\api-subiekt-gt\public\api\index.php: Brak danych w 예daniu!
2024-07-05 21:25:48 Line: 34, C:\Users\moski\Desktop\a\api-subiekt-gt\public\api\index.php: Brak danych w 예daniu!
2024-07-05 21:25:49 Line: 34, C:\Users\moski\Desktop\a\api-subiekt-gt\public\api\index.php: Brak danych w 예daniu!
2024-07-05 21:25:49 Line: 34, C:\Users\moski\Desktop\a\api-subiekt-gt\public\api\index.php: Brak danych w 예daniu!
2024-07-05 21:25:49 Line: 34, C:\Users\moski\Desktop\a\api-subiekt-gt\public\api\index.php: Brak danych w 예daniu!
2024-07-05 21:25:49 Line: 34, C:\Users\moski\Desktop\a\api-subiekt-gt\public\api\index.php: Brak danych w 예daniu!
2024-07-05 21:25:50 Line: 34, C:\Users\moski\Desktop\a\api-subiekt-gt\public\api\index.php: Brak danych w 예daniu!
2024-07-05 21:25:50 Line: 34, C:\Users\moski\Desktop\a\api-subiekt-gt\public\api\index.php: Brak danych w 예daniu!
2024-07-05 21:25:50 Line: 34, C:\Users\moski\Desktop\a\api-subiekt-gt\public\api\index.php: Brak danych w 예daniu!
2024-07-05 21:25:51 Line: 34, C:\Users\moski\Desktop\a\api-subiekt-gt\public\api\index.php: Brak danych w 예daniu!
2024-07-05 21:25:51 Line: 34, C:\Users\moski\Desktop\a\api-subiekt-gt\public\api\index.php: Brak danych w 예daniu!
2024-07-05 21:25:51 Line: 34, C:\Users\moski\Desktop\a\api-subiekt-gt\public\api\index.php: Brak danych w 예daniu!
2024-07-05 21:25:51 Line: 34, C:\Users\moski\Desktop\a\api-subiekt-gt\public\api\index.php: Brak danych w 예daniu!
2024-07-05 21:25:52 Line: 34, C:\Users\moski\Desktop\a\api-subiekt-gt\public\api\index.php: Brak danych w 예daniu!
2024-07-05 21:25:52 Line: 34, C:\Users\moski\Desktop\a\api-subiekt-gt\public\api\index.php: Brak danych w 예daniu!
2024-07-05 21:25:52 Line: 34, C:\Users\moski\Desktop\a\api-subiekt-gt\public\api\index.php: Brak danych w 예daniu!
2024-07-05 21:25:53 Line: 34, C:\Users\moski\Desktop\a\api-subiekt-gt\public\api\index.php: Brak danych w 예daniu!
2024-07-05 21:25:53 Line: 34, C:\Users\moski\Desktop\a\api-subiekt-gt\public\api\index.php: Brak danych w 예daniu!
2024-07-05 21:25:53 Line: 34, C:\Users\moski\Desktop\a\api-subiekt-gt\public\api\index.php: Brak danych w 예daniu!
2024-07-05 21:25:54 Line: 34, C:\Users\moski\Desktop\a\api-subiekt-gt\public\api\index.php: Brak danych w 예daniu!
2024-07-05 21:25:54 Line: 34, C:\Users\moski\Desktop\a\api-subiekt-gt\public\api\index.php: Brak danych w 예daniu!
2024-07-05 21:25:54 Line: 34, C:\Users\moski\Desktop\a\api-subiekt-gt\public\api\index.php: Brak danych w 예daniu!
2024-07-05 21:25:54 Line: 34, C:\Users\moski\Desktop\a\api-subiekt-gt\public\api\index.php: Brak danych w 예daniu!
2024-07-05 21:25:55 Line: 34, C:\Users\moski\Desktop\a\api-subiekt-gt\public\api\index.php: Brak danych w 예daniu!
2024-07-05 21:25:55 Line: 34, C:\Users\moski\Desktop\a\api-subiekt-gt\public\api\index.php: Brak danych w 예daniu!
2024-07-05 21:25:55 Line: 34, C:\Users\moski\Desktop\a\api-subiekt-gt\public\api\index.php: Brak danych w 예daniu!
2024-07-05 21:25:56 Line: 34, C:\Users\moski\Desktop\a\api-subiekt-gt\public\api\index.php: Brak danych w 예daniu!
2024-07-05 21:25:56 Line: 34, C:\Users\moski\Desktop\a\api-subiekt-gt\public\api\index.php: Brak danych w 예daniu!
2024-07-05 21:25:56 Line: 34, C:\Users\moski\Desktop\a\api-subiekt-gt\public\api\index.php: Brak danych w 예daniu!
2024-07-05 21:25:57 Line: 34, C:\Users\moski\Desktop\a\api-subiekt-gt\public\api\index.php: Brak danych w 예daniu!
2024-07-05 21:25:57 Line: 34, C:\Users\moski\Desktop\a\api-subiekt-gt\public\api\index.php: Brak danych w 예daniu!
2024-07-05 21:25:57 Line: 34, C:\Users\moski\Desktop\a\api-subiekt-gt\public\api\index.php: Brak danych w 예daniu!
2024-07-05 21:25:57 Line: 34, C:\Users\moski\Desktop\a\api-subiekt-gt\public\api\index.php: Brak danych w 예daniu!
2024-07-05 21:25:58 Line: 34, C:\Users\moski\Desktop\a\api-subiekt-gt\public\api\index.php: Brak danych w 예daniu!
2024-07-05 21:25:58 Line: 34, C:\Users\moski\Desktop\a\api-subiekt-gt\public\api\index.php: Brak danych w 예daniu!
2024-07-05 21:25:58 Line: 34, C:\Users\moski\Desktop\a\api-subiekt-gt\public\api\index.php: Brak danych w 예daniu!
2024-07-05 21:25:59 Line: 34, C:\Users\moski\Desktop\a\api-subiekt-gt\public\api\index.php: Brak danych w 예daniu!
2024-07-05 21:25:59 Line: 34, C:\Users\moski\Desktop\a\api-subiekt-gt\public\api\index.php: Brak danych w 예daniu!
2024-07-05 21:25:59 Line: 34, C:\Users\moski\Desktop\a\api-subiekt-gt\public\api\index.php: Brak danych w 예daniu!
2024-07-05 21:26:00 Line: 34, C:\Users\moski\Desktop\a\api-subiekt-gt\public\api\index.php: Brak danych w 예daniu!
2024-07-05 21:26:00 Line: 34, C:\Users\moski\Desktop\a\api-subiekt-gt\public\api\index.php: Brak danych w 예daniu!
2024-07-05 21:26:00 Line: 34, C:\Users\moski\Desktop\a\api-subiekt-gt\public\api\index.php: Brak danych w 예daniu!
2024-07-05 21:26:01 Line: 34, C:\Users\moski\Desktop\a\api-subiekt-gt\public\api\index.php: Brak danych w 예daniu!
2024-07-05 21:26:01 Line: 34, C:\Users\moski\Desktop\a\api-subiekt-gt\public\api\index.php: Brak danych w 예daniu!
2024-07-05 21:26:01 Line: 34, C:\Users\moski\Desktop\a\api-subiekt-gt\public\api\index.php: Brak danych w 예daniu!
2024-07-05 21:26:02 Line: 34, C:\Users\moski\Desktop\a\api-subiekt-gt\public\api\index.php: Brak danych w 예daniu!
2024-07-05 21:26:02 Line: 34, C:\Users\moski\Desktop\a\api-subiekt-gt\public\api\index.php: Brak danych w 예daniu!
2024-07-05 21:26:02 Line: 34, C:\Users\moski\Desktop\a\api-subiekt-gt\public\api\index.php: Brak danych w 예daniu!
2024-07-05 21:26:03 Line: 34, C:\Users\moski\Desktop\a\api-subiekt-gt\public\api\index.php: Brak danych w 예daniu!
2024-07-05 21:26:03 Line: 34, C:\Users\moski\Desktop\a\api-subiekt-gt\public\api\index.php: Brak danych w 예daniu!
2024-07-05 21:26:03 Line: 34, C:\Users\moski\Desktop\a\api-subiekt-gt\public\api\index.php: Brak danych w 예daniu!
2024-07-05 21:26:04 Line: 34, C:\Users\moski\Desktop\a\api-subiekt-gt\public\api\index.php: Brak danych w 예daniu!
2024-07-05 21:26:04 Line: 34, C:\Users\moski\Desktop\a\api-subiekt-gt\public\api\index.php: Brak danych w 예daniu!
2024-07-05 21:26:04 Line: 34, C:\Users\moski\Desktop\a\api-subiekt-gt\public\api\index.php: Brak danych w 예daniu!
2024-07-05 21:26:05 Line: 34, C:\Users\moski\Desktop\a\api-subiekt-gt\public\api\index.php: Brak danych w 예daniu!
2024-07-05 21:26:05 Line: 34, C:\Users\moski\Desktop\a\api-subiekt-gt\public\api\index.php: Brak danych w 예daniu!
2024-07-05 21:26:05 Line: 34, C:\Users\moski\Desktop\a\api-subiekt-gt\public\api\index.php: Brak danych w 예daniu!
2024-07-05 21:26:06 Line: 34, C:\Users\moski\Desktop\a\api-subiekt-gt\public\api\index.php: Brak danych w 예daniu!
2024-07-05 21:26:06 Line: 34, C:\Users\moski\Desktop\a\api-subiekt-gt\public\api\index.php: Brak danych w 예daniu!
2024-07-05 21:26:06 Line: 34, C:\Users\moski\Desktop\a\api-subiekt-gt\public\api\index.php: Brak danych w 예daniu!
2024-07-05 21:26:07 Line: 34, C:\Users\moski\Desktop\a\api-subiekt-gt\public\api\index.php: Brak danych w 예daniu!
2024-07-05 21:26:07 Line: 34, C:\Users\moski\Desktop\a\api-subiekt-gt\public\api\index.php: Brak danych w 예daniu!
2024-07-05 21:26:07 Line: 34, C:\Users\moski\Desktop\a\api-subiekt-gt\public\api\index.php: Brak danych w 예daniu!
2024-07-05 21:26:08 Line: 34, C:\Users\moski\Desktop\a\api-subiekt-gt\public\api\index.php: Brak danych w 예daniu!
2024-07-05 21:26:08 Line: 34, C:\Users\moski\Desktop\a\api-subiekt-gt\public\api\index.php: Brak danych w 예daniu!
2024-07-05 21:26:08 Line: 34, C:\Users\moski\Desktop\a\api-subiekt-gt\public\api\index.php: Brak danych w 예daniu!
2024-07-05 21:26:09 Line: 34, C:\Users\moski\Desktop\a\api-subiekt-gt\public\api\index.php: Brak danych w 예daniu!
2024-07-05 21:26:09 Line: 34, C:\Users\moski\Desktop\a\api-subiekt-gt\public\api\index.php: Brak danych w 예daniu!
2024-07-05 21:26:09 Line: 34, C:\Users\moski\Desktop\a\api-subiekt-gt\public\api\index.php: Brak danych w 예daniu!
2024-07-05 21:26:09 Line: 34, C:\Users\moski\Desktop\a\api-subiekt-gt\public\api\index.php: Brak danych w 예daniu!
2024-07-05 21:26:10 Line: 34, C:\Users\moski\Desktop\a\api-subiekt-gt\public\api\index.php: Brak danych w 예daniu!
2024-07-05 21:26:10 Line: 34, C:\Users\moski\Desktop\a\api-subiekt-gt\public\api\index.php: Brak danych w 예daniu!
2024-07-05 21:26:10 Line: 34, C:\Users\moski\Desktop\a\api-subiekt-gt\public\api\index.php: Brak danych w 예daniu!
2024-07-05 21:26:11 Line: 34, C:\Users\moski\Desktop\a\api-subiekt-gt\public\api\index.php: Brak danych w 예daniu!
2024-07-05 21:26:11 Line: 34, C:\Users\moski\Desktop\a\api-subiekt-gt\public\api\index.php: Brak danych w 예daniu!
2024-07-05 21:26:11 Line: 34, C:\Users\moski\Desktop\a\api-subiekt-gt\public\api\index.php: Brak danych w 예daniu!
2024-07-05 21:26:12 Line: 34, C:\Users\moski\Desktop\a\api-subiekt-gt\public\api\index.php: Brak danych w 예daniu!
2024-07-05 21:26:12 Line: 34, C:\Users\moski\Desktop\a\api-subiekt-gt\public\api\index.php: Brak danych w 예daniu!
2024-07-05 21:26:12 Line: 34, C:\Users\moski\Desktop\a\api-subiekt-gt\public\api\index.php: Brak danych w 예daniu!
2024-07-05 21:26:12 Line: 34, C:\Users\moski\Desktop\a\api-subiekt-gt\public\api\index.php: Brak danych w 예daniu!
2024-07-05 21:26:13 Line: 34, C:\Users\moski\Desktop\a\api-subiekt-gt\public\api\index.php: Brak danych w 예daniu!
2024-07-05 21:26:13 Line: 34, C:\Users\moski\Desktop\a\api-subiekt-gt\public\api\index.php: Brak danych w 예daniu!
2024-07-05 21:26:13 Line: 34, C:\Users\moski\Desktop\a\api-subiekt-gt\public\api\index.php: Brak danych w 예daniu!
2024-07-05 21:26:14 Line: 34, C:\Users\moski\Desktop\a\api-subiekt-gt\public\api\index.php: Brak danych w 예daniu!
2024-07-05 21:26:14 Line: 34, C:\Users\moski\Desktop\a\api-subiekt-gt\public\api\index.php: Brak danych w 예daniu!
2024-07-05 21:26:14 Line: 34, C:\Users\moski\Desktop\a\api-subiekt-gt\public\api\index.php: Brak danych w 예daniu!
2024-07-05 21:26:15 Line: 34, C:\Users\moski\Desktop\a\api-subiekt-gt\public\api\index.php: Brak danych w 예daniu!
2024-07-05 21:26:15 Line: 34, C:\Users\moski\Desktop\a\api-subiekt-gt\public\api\index.php: Brak danych w 예daniu!
2024-07-05 21:26:15 Line: 34, C:\Users\moski\Desktop\a\api-subiekt-gt\public\api\index.php: Brak danych w 예daniu!
2024-07-05 21:26:16 Line: 34, C:\Users\moski\Desktop\a\api-subiekt-gt\public\api\index.php: Brak danych w 예daniu!
2024-07-05 21:26:16 Line: 34, C:\Users\moski\Desktop\a\api-subiekt-gt\public\api\index.php: Brak danych w 예daniu!
2024-07-05 21:26:16 Line: 34, C:\Users\moski\Desktop\a\api-subiekt-gt\public\api\index.php: Brak danych w 예daniu!
2024-07-05 21:26:16 Line: 34, C:\Users\moski\Desktop\a\api-subiekt-gt\public\api\index.php: Brak danych w 예daniu!
2024-07-05 21:26:17 Line: 34, C:\Users\moski\Desktop\a\api-subiekt-gt\public\api\index.php: Brak danych w 예daniu!
2024-07-05 21:26:17 Line: 34, C:\Users\moski\Desktop\a\api-subiekt-gt\public\api\index.php: Brak danych w 예daniu!
2024-07-05 21:26:17 Line: 34, C:\Users\moski\Desktop\a\api-subiekt-gt\public\api\index.php: Brak danych w 예daniu!
2024-07-05 21:26:18 Line: 34, C:\Users\moski\Desktop\a\api-subiekt-gt\public\api\index.php: Brak danych w 예daniu!
2024-07-05 21:26:18 Line: 34, C:\Users\moski\Desktop\a\api-subiekt-gt\public\api\index.php: Brak danych w 예daniu!
2024-07-05 21:26:18 Line: 34, C:\Users\moski\Desktop\a\api-subiekt-gt\public\api\index.php: Brak danych w 예daniu!
2024-07-05 21:26:19 Line: 34, C:\Users\moski\Desktop\a\api-subiekt-gt\public\api\index.php: Brak danych w 예daniu!
2024-07-05 21:26:19 Line: 34, C:\Users\moski\Desktop\a\api-subiekt-gt\public\api\index.php: Brak danych w 예daniu!
2024-07-05 21:26:19 Line: 34, C:\Users\moski\Desktop\a\api-subiekt-gt\public\api\index.php: Brak danych w 예daniu!
2024-07-05 21:26:20 Line: 34, C:\Users\moski\Desktop\a\api-subiekt-gt\public\api\index.php: Brak danych w 예daniu!
2024-07-05 21:26:20 Line: 34, C:\Users\moski\Desktop\a\api-subiekt-gt\public\api\index.php: Brak danych w 예daniu!
2024-07-05 21:26:20 Line: 34, C:\Users\moski\Desktop\a\api-subiekt-gt\public\api\index.php: Brak danych w 예daniu!
2024-07-05 21:26:21 Line: 34, C:\Users\moski\Desktop\a\api-subiekt-gt\public\api\index.php: Brak danych w 예daniu!
2024-07-05 21:26:21 Line: 34, C:\Users\moski\Desktop\a\api-subiekt-gt\public\api\index.php: Brak danych w 예daniu!
2024-07-05 21:26:21 Line: 34, C:\Users\moski\Desktop\a\api-subiekt-gt\public\api\index.php: Brak danych w 예daniu!
2024-07-05 21:26:22 Line: 34, C:\Users\moski\Desktop\a\api-subiekt-gt\public\api\index.php: Brak danych w 예daniu!
2024-07-05 21:26:22 Line: 34, C:\Users\moski\Desktop\a\api-subiekt-gt\public\api\index.php: Brak danych w 예daniu!
2024-07-05 21:26:23 Line: 34, C:\Users\moski\Desktop\a\api-subiekt-gt\public\api\index.php: Brak danych w 예daniu!
2024-07-05 21:26:23 Line: 34, C:\Users\moski\Desktop\a\api-subiekt-gt\public\api\index.php: Brak danych w 예daniu!
2024-07-05 21:26:23 Line: 34, C:\Users\moski\Desktop\a\api-subiekt-gt\public\api\index.php: Brak danych w 예daniu!
2024-07-05 21:26:24 Line: 34, C:\Users\moski\Desktop\a\api-subiekt-gt\public\api\index.php: Brak danych w 예daniu!
2024-07-05 21:26:24 Line: 34, C:\Users\moski\Desktop\a\api-subiekt-gt\public\api\index.php: Brak danych w 예daniu!
2024-07-05 21:26:24 Line: 34, C:\Users\moski\Desktop\a\api-subiekt-gt\public\api\index.php: Brak danych w 예daniu!
2024-07-05 21:26:25 Line: 34, C:\Users\moski\Desktop\a\api-subiekt-gt\public\api\index.php: Brak danych w 예daniu!
2024-07-05 21:26:25 Line: 34, C:\Users\moski\Desktop\a\api-subiekt-gt\public\api\index.php: Brak danych w 예daniu!
2024-07-05 21:26:25 Line: 34, C:\Users\moski\Desktop\a\api-subiekt-gt\public\api\index.php: Brak danych w 예daniu!
2024-07-05 21:26:26 Line: 34, C:\Users\moski\Desktop\a\api-subiekt-gt\public\api\index.php: Brak danych w 예daniu!
2024-07-05 21:26:26 Line: 34, C:\Users\moski\Desktop\a\api-subiekt-gt\public\api\index.php: Brak danych w 예daniu!
2024-07-05 21:26:26 Line: 34, C:\Users\moski\Desktop\a\api-subiekt-gt\public\api\index.php: Brak danych w 예daniu!
2024-07-05 21:26:27 Line: 34, C:\Users\moski\Desktop\a\api-subiekt-gt\public\api\index.php: Brak danych w 예daniu!
2024-07-05 21:26:27 Line: 34, C:\Users\moski\Desktop\a\api-subiekt-gt\public\api\index.php: Brak danych w 예daniu!
2024-07-05 21:26:27 Line: 34, C:\Users\moski\Desktop\a\api-subiekt-gt\public\api\index.php: Brak danych w 예daniu!
2024-07-05 21:26:27 Line: 34, C:\Users\moski\Desktop\a\api-subiekt-gt\public\api\index.php: Brak danych w 예daniu!
2024-07-05 21:26:28 Line: 34, C:\Users\moski\Desktop\a\api-subiekt-gt\public\api\index.php: Brak danych w 예daniu!
2024-07-05 21:26:28 Line: 34, C:\Users\moski\Desktop\a\api-subiekt-gt\public\api\index.php: Brak danych w 예daniu!
2024-07-05 21:26:28 Line: 34, C:\Users\moski\Desktop\a\api-subiekt-gt\public\api\index.php: Brak danych w 예daniu!
2024-07-05 21:26:28 Line: 34, C:\Users\moski\Desktop\a\api-subiekt-gt\public\api\index.php: Brak danych w 예daniu!
2024-07-05 21:26:29 Line: 34, C:\Users\moski\Desktop\a\api-subiekt-gt\public\api\index.php: Brak danych w 예daniu!
2024-07-05 21:26:29 Line: 34, C:\Users\moski\Desktop\a\api-subiekt-gt\public\api\index.php: Brak danych w 예daniu!
2024-07-05 21:26:29 Line: 34, C:\Users\moski\Desktop\a\api-subiekt-gt\public\api\index.php: Brak danych w 예daniu!
2024-07-05 21:26:30 Line: 34, C:\Users\moski\Desktop\a\api-subiekt-gt\public\api\index.php: Brak danych w 예daniu!
2024-07-05 21:26:30 Line: 34, C:\Users\moski\Desktop\a\api-subiekt-gt\public\api\index.php: Brak danych w 예daniu!
2024-07-05 21:26:30 Line: 34, C:\Users\moski\Desktop\a\api-subiekt-gt\public\api\index.php: Brak danych w 예daniu!
2024-07-05 21:26:30 Line: 34, C:\Users\moski\Desktop\a\api-subiekt-gt\public\api\index.php: Brak danych w 예daniu!
2024-07-05 21:26:31 Line: 34, C:\Users\moski\Desktop\a\api-subiekt-gt\public\api\index.php: Brak danych w 예daniu!
2024-07-05 21:26:31 Line: 34, C:\Users\moski\Desktop\a\api-subiekt-gt\public\api\index.php: Brak danych w 예daniu!
2024-07-05 21:26:32 Line: 34, C:\Users\moski\Desktop\a\api-subiekt-gt\public\api\index.php: Brak danych w 예daniu!
2024-07-05 21:26:32 Line: 34, C:\Users\moski\Desktop\a\api-subiekt-gt\public\api\index.php: Brak danych w 예daniu!
2024-07-05 21:26:32 Line: 34, C:\Users\moski\Desktop\a\api-subiekt-gt\public\api\index.php: Brak danych w 예daniu!
2024-07-05 21:26:32 Line: 34, C:\Users\moski\Desktop\a\api-subiekt-gt\public\api\index.php: Brak danych w 예daniu!
2024-07-05 21:26:33 Line: 34, C:\Users\moski\Desktop\a\api-subiekt-gt\public\api\index.php: Brak danych w 예daniu!
2024-07-05 21:26:33 Line: 34, C:\Users\moski\Desktop\a\api-subiekt-gt\public\api\index.php: Brak danych w 예daniu!
2024-07-05 21:26:33 Line: 34, C:\Users\moski\Desktop\a\api-subiekt-gt\public\api\index.php: Brak danych w 예daniu!
2024-07-05 21:26:34 Line: 34, C:\Users\moski\Desktop\a\api-subiekt-gt\public\api\index.php: Brak danych w 예daniu!
2024-07-05 21:26:34 Line: 34, C:\Users\moski\Desktop\a\api-subiekt-gt\public\api\index.php: Brak danych w 예daniu!
2024-07-05 21:26:34 Line: 34, C:\Users\moski\Desktop\a\api-subiekt-gt\public\api\index.php: Brak danych w 예daniu!
2024-07-05 21:26:34 Line: 34, C:\Users\moski\Desktop\a\api-subiekt-gt\public\api\index.php: Brak danych w 예daniu!
2024-07-05 21:26:35 Line: 34, C:\Users\moski\Desktop\a\api-subiekt-gt\public\api\index.php: Brak danych w 예daniu!
2024-07-05 21:26:35 Line: 34, C:\Users\moski\Desktop\a\api-subiekt-gt\public\api\index.php: Brak danych w 예daniu!
2024-07-05 21:26:35 Line: 34, C:\Users\moski\Desktop\a\api-subiekt-gt\public\api\index.php: Brak danych w 예daniu!
2024-07-05 21:26:36 Line: 34, C:\Users\moski\Desktop\a\api-subiekt-gt\public\api\index.php: Brak danych w 예daniu!
2024-07-05 21:26:36 Line: 34, C:\Users\moski\Desktop\a\api-subiekt-gt\public\api\index.php: Brak danych w 예daniu!
2024-07-05 21:26:36 Line: 34, C:\Users\moski\Desktop\a\api-subiekt-gt\public\api\index.php: Brak danych w 예daniu!
2024-07-05 21:26:36 Line: 34, C:\Users\moski\Desktop\a\api-subiekt-gt\public\api\index.php: Brak danych w 예daniu!
2024-07-05 21:26:37 Line: 34, C:\Users\moski\Desktop\a\api-subiekt-gt\public\api\index.php: Brak danych w 예daniu!
2024-07-05 21:28:59 Line: 34, C:\Users\moski\Desktop\a\api-subiekt-gt\public\api\index.php: Brak danych w 예daniu!
2024-07-05 21:29:00 Line: 34, C:\Users\moski\Desktop\a\api-subiekt-gt\public\api\index.php: Brak danych w 예daniu!
2024-07-05 21:29:01 Line: 34, C:\Users\moski\Desktop\a\api-subiekt-gt\public\api\index.php: Brak danych w 예daniu!
2024-07-05 21:29:01 Line: 34, C:\Users\moski\Desktop\a\api-subiekt-gt\public\api\index.php: Brak danych w 예daniu!
2024-07-05 21:29:02 Line: 34, C:\Users\moski\Desktop\a\api-subiekt-gt\public\api\index.php: Brak danych w 예daniu!
2024-07-05 21:29:03 Line: 34, C:\Users\moski\Desktop\a\api-subiekt-gt\public\api\index.php: Brak danych w 예daniu!
2024-07-05 21:29:04 Line: 34, C:\Users\moski\Desktop\a\api-subiekt-gt\public\api\index.php: Brak danych w 예daniu!
2024-07-05 21:29:04 Line: 34, C:\Users\moski\Desktop\a\api-subiekt-gt\public\api\index.php: Brak danych w 예daniu!
2024-07-05 21:29:05 Line: 34, C:\Users\moski\Desktop\a\api-subiekt-gt\public\api\index.php: Brak danych w 예daniu!
2024-07-05 21:29:06 Line: 34, C:\Users\moski\Desktop\a\api-subiekt-gt\public\api\index.php: Brak danych w 예daniu!
2024-07-05 21:29:07 Line: 34, C:\Users\moski\Desktop\a\api-subiekt-gt\public\api\index.php: Brak danych w 예daniu!
2024-07-05 21:29:07 Line: 34, C:\Users\moski\Desktop\a\api-subiekt-gt\public\api\index.php: Brak danych w 예daniu!
2024-07-05 21:29:08 Line: 34, C:\Users\moski\Desktop\a\api-subiekt-gt\public\api\index.php: Brak danych w 예daniu!
2024-07-05 21:29:09 Line: 34, C:\Users\moski\Desktop\a\api-subiekt-gt\public\api\index.php: Brak danych w 예daniu!
2024-07-05 21:29:10 Line: 34, C:\Users\moski\Desktop\a\api-subiekt-gt\public\api\index.php: Brak danych w 예daniu!
2024-07-05 21:29:11 Line: 34, C:\Users\moski\Desktop\a\api-subiekt-gt\public\api\index.php: Brak danych w 예daniu!
2024-07-05 21:29:11 Line: 34, C:\Users\moski\Desktop\a\api-subiekt-gt\public\api\index.php: Brak danych w 예daniu!
2024-07-05 21:29:12 Line: 34, C:\Users\moski\Desktop\a\api-subiekt-gt\public\api\index.php: Brak danych w 예daniu!
2024-07-05 21:29:13 Line: 34, C:\Users\moski\Desktop\a\api-subiekt-gt\public\api\index.php: Brak danych w 예daniu!
2024-07-05 21:29:14 Line: 34, C:\Users\moski\Desktop\a\api-subiekt-gt\public\api\index.php: Brak danych w 예daniu!
2024-07-05 21:29:14 Line: 34, C:\Users\moski\Desktop\a\api-subiekt-gt\public\api\index.php: Brak danych w 예daniu!
2024-07-05 21:29:15 Line: 34, C:\Users\moski\Desktop\a\api-subiekt-gt\public\api\index.php: Brak danych w 예daniu!
2024-07-05 21:29:16 Line: 34, C:\Users\moski\Desktop\a\api-subiekt-gt\public\api\index.php: Brak danych w 예daniu!
2024-07-05 21:29:16 Line: 34, C:\Users\moski\Desktop\a\api-subiekt-gt\public\api\index.php: Brak danych w 예daniu!
2024-07-05 21:29:17 Line: 34, C:\Users\moski\Desktop\a\api-subiekt-gt\public\api\index.php: Brak danych w 예daniu!
2024-07-05 21:29:18 Line: 34, C:\Users\moski\Desktop\a\api-subiekt-gt\public\api\index.php: Brak danych w 예daniu!
2024-07-05 21:29:18 Line: 34, C:\Users\moski\Desktop\a\api-subiekt-gt\public\api\index.php: Brak danych w 예daniu!
2024-07-05 21:29:19 Line: 34, C:\Users\moski\Desktop\a\api-subiekt-gt\public\api\index.php: Brak danych w 예daniu!
2024-07-05 21:29:20 Line: 34, C:\Users\moski\Desktop\a\api-subiekt-gt\public\api\index.php: Brak danych w 예daniu!
2024-07-05 21:29:21 Line: 34, C:\Users\moski\Desktop\a\api-subiekt-gt\public\api\index.php: Brak danych w 예daniu!
2024-07-05 21:29:22 Line: 34, C:\Users\moski\Desktop\a\api-subiekt-gt\public\api\index.php: Brak danych w 예daniu!
2024-07-05 21:29:23 Line: 34, C:\Users\moski\Desktop\a\api-subiekt-gt\public\api\index.php: Brak danych w 예daniu!
2024-07-05 21:29:23 Line: 34, C:\Users\moski\Desktop\a\api-subiekt-gt\public\api\index.php: Brak danych w 예daniu!
2024-07-05 21:29:24 Line: 34, C:\Users\moski\Desktop\a\api-subiekt-gt\public\api\index.php: Brak danych w 예daniu!
2024-07-05 21:29:25 Line: 34, C:\Users\moski\Desktop\a\api-subiekt-gt\public\api\index.php: Brak danych w 예daniu!
2024-07-05 21:29:25 Line: 34, C:\Users\moski\Desktop\a\api-subiekt-gt\public\api\index.php: Brak danych w 예daniu!
2024-07-05 21:29:26 Line: 34, C:\Users\moski\Desktop\a\api-subiekt-gt\public\api\index.php: Brak danych w 예daniu!
2024-07-05 21:29:27 Line: 34, C:\Users\moski\Desktop\a\api-subiekt-gt\public\api\index.php: Brak danych w 예daniu!
2024-07-05 21:29:27 Line: 34, C:\Users\moski\Desktop\a\api-subiekt-gt\public\api\index.php: Brak danych w 예daniu!
2024-07-05 21:29:28 Line: 34, C:\Users\moski\Desktop\a\api-subiekt-gt\public\api\index.php: Brak danych w 예daniu!
2024-07-05 21:29:29 Line: 34, C:\Users\moski\Desktop\a\api-subiekt-gt\public\api\index.php: Brak danych w 예daniu!
2024-07-05 21:30:14 Line: 34, C:\Users\moski\Desktop\a\api-subiekt-gt\public\api\index.php: Brak danych w 예daniu!
2024-07-05 21:30:15 Line: 34, C:\Users\moski\Desktop\a\api-subiekt-gt\public\api\index.php: Brak danych w 예daniu!
2024-07-05 21:30:15 Line: 34, C:\Users\moski\Desktop\a\api-subiekt-gt\public\api\index.php: Brak danych w 예daniu!
2024-07-05 21:30:16 Line: 34, C:\Users\moski\Desktop\a\api-subiekt-gt\public\api\index.php: Brak danych w 예daniu!
2024-07-05 21:30:17 Line: 34, C:\Users\moski\Desktop\a\api-subiekt-gt\public\api\index.php: Brak danych w 예daniu!
2024-07-05 21:30:18 Line: 34, C:\Users\moski\Desktop\a\api-subiekt-gt\public\api\index.php: Brak danych w 예daniu!
2024-07-05 21:30:19 Line: 34, C:\Users\moski\Desktop\a\api-subiekt-gt\public\api\index.php: Brak danych w 예daniu!
2024-07-05 21:30:19 Line: 34, C:\Users\moski\Desktop\a\api-subiekt-gt\public\api\index.php: Brak danych w 예daniu!
2024-07-05 21:30:20 Line: 34, C:\Users\moski\Desktop\a\api-subiekt-gt\public\api\index.php: Brak danych w 예daniu!
2024-07-05 21:30:21 Line: 34, C:\Users\moski\Desktop\a\api-subiekt-gt\public\api\index.php: Brak danych w 예daniu!
2024-07-05 21:30:22 Line: 34, C:\Users\moski\Desktop\a\api-subiekt-gt\public\api\index.php: Brak danych w 예daniu!
2024-07-05 21:30:22 Line: 34, C:\Users\moski\Desktop\a\api-subiekt-gt\public\api\index.php: Brak danych w 예daniu!
2024-07-05 21:30:23 Line: 34, C:\Users\moski\Desktop\a\api-subiekt-gt\public\api\index.php: Brak danych w 예daniu!
2024-07-05 21:30:24 Line: 34, C:\Users\moski\Desktop\a\api-subiekt-gt\public\api\index.php: Brak danych w 예daniu!
2024-07-05 21:30:25 Line: 34, C:\Users\moski\Desktop\a\api-subiekt-gt\public\api\index.php: Brak danych w 예daniu!
2024-07-05 21:30:25 Line: 34, C:\Users\moski\Desktop\a\api-subiekt-gt\public\api\index.php: Brak danych w 예daniu!
2024-07-05 21:30:26 Line: 34, C:\Users\moski\Desktop\a\api-subiekt-gt\public\api\index.php: Brak danych w 예daniu!
2024-07-05 21:30:27 Line: 34, C:\Users\moski\Desktop\a\api-subiekt-gt\public\api\index.php: Brak danych w 예daniu!
2024-07-05 21:30:27 Line: 34, C:\Users\moski\Desktop\a\api-subiekt-gt\public\api\index.php: Brak danych w 예daniu!
2024-07-05 21:30:28 Line: 34, C:\Users\moski\Desktop\a\api-subiekt-gt\public\api\index.php: Brak danych w 예daniu!
2024-07-05 21:30:29 Line: 34, C:\Users\moski\Desktop\a\api-subiekt-gt\public\api\index.php: Brak danych w 예daniu!
2024-07-05 21:30:30 Line: 34, C:\Users\moski\Desktop\a\api-subiekt-gt\public\api\index.php: Brak danych w 예daniu!
2024-07-05 21:30:31 Line: 34, C:\Users\moski\Desktop\a\api-subiekt-gt\public\api\index.php: Brak danych w 예daniu!
2024-07-05 21:30:32 Line: 34, C:\Users\moski\Desktop\a\api-subiekt-gt\public\api\index.php: Brak danych w 예daniu!
2024-07-05 21:30:32 Line: 34, C:\Users\moski\Desktop\a\api-subiekt-gt\public\api\index.php: Brak danych w 예daniu!
2024-07-05 21:30:33 Line: 34, C:\Users\moski\Desktop\a\api-subiekt-gt\public\api\index.php: Brak danych w 예daniu!
2024-07-05 21:30:34 Line: 34, C:\Users\moski\Desktop\a\api-subiekt-gt\public\api\index.php: Brak danych w 예daniu!
2024-07-05 21:30:34 Line: 34, C:\Users\moski\Desktop\a\api-subiekt-gt\public\api\index.php: Brak danych w 예daniu!
2024-07-05 21:30:35 Line: 34, C:\Users\moski\Desktop\a\api-subiekt-gt\public\api\index.php: Brak danych w 예daniu!
2024-07-05 21:30:36 Line: 34, C:\Users\moski\Desktop\a\api-subiekt-gt\public\api\index.php: Brak danych w 예daniu!
2024-07-05 21:30:37 Line: 34, C:\Users\moski\Desktop\a\api-subiekt-gt\public\api\index.php: Brak danych w 예daniu!
2024-07-05 21:30:38 Line: 34, C:\Users\moski\Desktop\a\api-subiekt-gt\public\api\index.php: Brak danych w 예daniu!
2024-07-05 21:30:38 Line: 34, C:\Users\moski\Desktop\a\api-subiekt-gt\public\api\index.php: Brak danych w 예daniu!
2024-07-05 21:30:39 Line: 34, C:\Users\moski\Desktop\a\api-subiekt-gt\public\api\index.php: Brak danych w 예daniu!
2024-07-05 21:30:40 Line: 34, C:\Users\moski\Desktop\a\api-subiekt-gt\public\api\index.php: Brak danych w 예daniu!
2024-07-05 21:30:40 Line: 34, C:\Users\moski\Desktop\a\api-subiekt-gt\public\api\index.php: Brak danych w 예daniu!
2024-07-05 21:30:41 Line: 34, C:\Users\moski\Desktop\a\api-subiekt-gt\public\api\index.php: Brak danych w 예daniu!
2024-07-05 21:30:42 Line: 34, C:\Users\moski\Desktop\a\api-subiekt-gt\public\api\index.php: Brak danych w 예daniu!
2024-07-05 21:30:43 Line: 34, C:\Users\moski\Desktop\a\api-subiekt-gt\public\api\index.php: Brak danych w 예daniu!
2024-07-05 21:30:43 Line: 34, C:\Users\moski\Desktop\a\api-subiekt-gt\public\api\index.php: Brak danych w 예daniu!
