2024-07-06 10:15:12 Line: 11, : Request start: ::1
2024-07-06 10:15:12 Line: 11, : Request start: ::1
2024-07-06 10:15:12 Line: 11, : Request start: ::1
2024-07-06 10:15:13 Line: 11, : Request start: ::1
2024-07-06 10:15:13 Line: 11, : Request start: ::1
2024-07-06 10:15:13 Line: 11, : Request start: ::1
2024-07-06 10:15:13 Line: 11, : Request start: ::1
2024-07-06 10:15:14 Line: 11, : Request start: ::1
2024-07-06 10:15:14 Line: 11, : Request start: ::1
2024-07-06 10:15:14 Line: 11, : Request start: ::1
2024-07-06 10:15:15 Line: 11, : Request start: ::1
2024-07-06 10:15:15 Line: 11, : Request start: ::1
2024-07-06 10:15:15 Line: 11, : Request start: ::1
2024-07-06 10:15:15 Line: 11, : Request start: ::1
2024-07-06 10:15:16 Line: 11, : Request start: ::1
2024-07-06 10:15:16 Line: 11, : Request start: ::1
2024-07-06 10:15:16 Line: 11, : Request start: ::1
2024-07-06 10:15:17 Line: 11, : Request start: ::1
2024-07-06 10:15:17 Line: 11, : Request start: ::1
2024-07-06 10:15:17 Line: 11, : Request start: ::1
2024-07-06 10:15:17 Line: 11, : Request start: ::1
2024-07-06 10:15:18 Line: 11, : Request start: ::1
2024-07-06 10:15:18 Line: 11, : Request start: ::1
2024-07-06 10:15:18 Line: 11, : Request start: ::1
2024-07-06 10:15:18 Line: 11, : Request start: ::1
2024-07-06 10:15:19 Line: 11, : Request start: ::1
2024-07-06 10:15:19 Line: 11, : Request start: ::1
2024-07-06 10:15:19 Line: 11, : Request start: ::1
2024-07-06 10:15:20 Line: 11, : Request start: ::1
2024-07-06 10:15:20 Line: 11, : Request start: ::1
2024-07-06 10:15:20 Line: 11, : Request start: ::1
2024-07-06 10:15:20 Line: 11, : Request start: ::1
2024-07-06 10:15:21 Line: 11, : Request start: ::1
2024-07-06 10:15:21 Line: 11, : Request start: ::1
2024-07-06 10:15:21 Line: 11, : Request start: ::1
2024-07-06 10:15:22 Line: 11, : Request start: ::1
2024-07-06 10:15:22 Line: 11, : Request start: ::1
2024-07-06 10:15:22 Line: 11, : Request start: ::1
2024-07-06 10:15:22 Line: 11, : Request start: ::1
2024-07-06 10:15:23 Line: 11, : Request start: ::1
2024-07-06 10:15:23 Line: 11, : Request start: ::1
2024-07-06 10:15:23 Line: 11, : Request start: ::1
2024-07-06 10:15:23 Line: 11, : Request start: ::1
2024-07-06 10:15:24 Line: 11, : Request start: ::1
2024-07-06 10:15:24 Line: 11, : Request start: ::1
2024-07-06 10:15:24 Line: 11, : Request start: ::1
2024-07-06 10:15:25 Line: 11, : Request start: ::1
2024-07-06 10:15:25 Line: 11, : Request start: ::1
2024-07-06 10:16:23 Line: 11, : Request start: ::1
2024-07-06 10:16:23 Line: 11, : Request start: ::1
2024-07-06 10:16:23 Line: 11, : Request start: ::1
2024-07-06 10:16:24 Line: 11, : Request start: ::1
2024-07-06 10:16:24 Line: 11, : Request start: ::1
2024-07-06 10:16:24 Line: 11, : Request start: ::1
2024-07-06 10:16:24 Line: 11, : Request start: ::1
2024-07-06 10:16:25 Line: 11, : Request start: ::1
2024-07-06 10:16:25 Line: 11, : Request start: ::1
2024-07-06 10:16:25 Line: 11, : Request start: ::1
2024-07-06 10:16:25 Line: 11, : Request start: ::1
2024-07-06 10:16:26 Line: 11, : Request start: ::1
2024-07-06 10:16:26 Line: 11, : Request start: ::1
2024-07-06 10:16:26 Line: 11, : Request start: ::1
2024-07-06 10:16:27 Line: 11, : Request start: ::1
2024-07-06 10:16:27 Line: 11, : Request start: ::1
2024-07-06 10:16:27 Line: 11, : Request start: ::1
2024-07-06 10:16:27 Line: 11, : Request start: ::1
2024-07-06 10:16:28 Line: 11, : Request start: ::1
2024-07-06 10:16:28 Line: 11, : Request start: ::1
2024-07-06 10:16:28 Line: 11, : Request start: ::1
2024-07-06 10:16:29 Line: 11, : Request start: ::1
2024-07-06 10:16:29 Line: 11, : Request start: ::1
2024-07-06 10:16:29 Line: 11, : Request start: ::1
2024-07-06 10:16:29 Line: 11, : Request start: ::1
2024-07-06 10:16:30 Line: 11, : Request start: ::1
2024-07-06 10:16:30 Line: 11, : Request start: ::1
2024-07-06 10:16:30 Line: 11, : Request start: ::1
2024-07-06 10:16:30 Line: 11, : Request start: ::1
2024-07-06 10:16:31 Line: 11, : Request start: ::1
2024-07-06 10:16:31 Line: 11, : Request start: ::1
2024-07-06 10:16:31 Line: 11, : Request start: ::1
2024-07-06 10:16:32 Line: 11, : Request start: ::1
2024-07-06 10:16:32 Line: 11, : Request start: ::1
2024-07-06 10:16:32 Line: 11, : Request start: ::1
2024-07-06 10:16:32 Line: 11, : Request start: ::1
2024-07-06 10:16:33 Line: 11, : Request start: ::1
2024-07-06 10:16:33 Line: 11, : Request start: ::1
2024-07-06 10:16:33 Line: 11, : Request start: ::1
2024-07-06 10:16:33 Line: 11, : Request start: ::1
2024-07-06 10:16:34 Line: 11, : Request start: ::1
2024-07-06 10:16:34 Line: 11, : Request start: ::1
2024-07-06 10:16:34 Line: 11, : Request start: ::1
2024-07-06 10:16:35 Line: 11, : Request start: ::1
2024-07-06 10:16:35 Line: 11, : Request start: ::1
2024-07-06 10:16:35 Line: 11, : Request start: ::1
2024-07-06 10:16:35 Line: 11, : Request start: ::1
2024-07-06 10:16:36 Line: 11, : Request start: ::1
2024-07-06 10:17:58 Line: 11, : Request start: ::1
2024-07-06 10:17:58 Line: 11, : Request start: ::1
2024-07-06 10:17:58 Line: 11, : Request start: ::1
2024-07-06 10:17:58 Line: 11, : Request start: ::1
2024-07-06 10:17:59 Line: 11, : Request start: ::1
2024-07-06 10:17:59 Line: 11, : Request start: ::1
2024-07-06 10:17:59 Line: 11, : Request start: ::1
2024-07-06 10:17:59 Line: 11, : Request start: ::1
2024-07-06 10:18:00 Line: 11, : Request start: ::1
2024-07-06 10:18:00 Line: 11, : Request start: ::1
2024-07-06 10:18:00 Line: 11, : Request start: ::1
2024-07-06 10:18:01 Line: 11, : Request start: ::1
2024-07-06 10:18:01 Line: 11, : Request start: ::1
2024-07-06 10:18:01 Line: 11, : Request start: ::1
2024-07-06 10:18:01 Line: 11, : Request start: ::1
2024-07-06 10:18:02 Line: 11, : Request start: ::1
2024-07-06 10:18:02 Line: 11, : Request start: ::1
2024-07-06 10:18:02 Line: 11, : Request start: ::1
2024-07-06 10:18:03 Line: 11, : Request start: ::1
2024-07-06 10:18:03 Line: 11, : Request start: ::1
2024-07-06 10:18:03 Line: 11, : Request start: ::1
2024-07-06 10:18:03 Line: 11, : Request start: ::1
2024-07-06 10:18:04 Line: 11, : Request start: ::1
2024-07-06 10:18:04 Line: 11, : Request start: ::1
2024-07-06 10:18:04 Line: 11, : Request start: ::1
2024-07-06 10:18:04 Line: 11, : Request start: ::1
2024-07-06 10:18:05 Line: 11, : Request start: ::1
2024-07-06 10:18:05 Line: 11, : Request start: ::1
2024-07-06 10:18:05 Line: 11, : Request start: ::1
2024-07-06 10:18:06 Line: 11, : Request start: ::1
2024-07-06 10:18:06 Line: 11, : Request start: ::1
2024-07-06 10:18:06 Line: 11, : Request start: ::1
2024-07-06 10:18:07 Line: 11, : Request start: ::1
2024-07-06 10:18:07 Line: 11, : Request start: ::1
2024-07-06 10:18:07 Line: 11, : Request start: ::1
2024-07-06 10:18:08 Line: 11, : Request start: ::1
2024-07-06 10:18:08 Line: 11, : Request start: ::1
2024-07-06 10:18:08 Line: 11, : Request start: ::1
2024-07-06 10:18:08 Line: 11, : Request start: ::1
2024-07-06 10:18:09 Line: 11, : Request start: ::1
2024-07-06 10:18:09 Line: 11, : Request start: ::1
2024-07-06 10:18:09 Line: 11, : Request start: ::1
2024-07-06 10:18:09 Line: 11, : Request start: ::1
2024-07-06 10:18:10 Line: 11, : Request start: ::1
2024-07-06 10:18:10 Line: 11, : Request start: ::1
2024-07-06 10:18:10 Line: 11, : Request start: ::1
2024-07-06 10:18:11 Line: 11, : Request start: ::1
2024-07-06 10:18:11 Line: 11, : Request start: ::1
2024-07-06 10:21:42 Line: 11, : Request start: ::1
2024-07-06 10:21:42 Line: 11, : Request start: ::1
2024-07-06 10:21:43 Line: 11, : Request start: ::1
2024-07-06 10:21:43 Line: 11, : Request start: ::1
2024-07-06 10:21:43 Line: 11, : Request start: ::1
2024-07-06 10:21:44 Line: 11, : Request start: ::1
2024-07-06 10:21:44 Line: 11, : Request start: ::1
2024-07-06 10:21:44 Line: 11, : Request start: ::1
2024-07-06 10:21:44 Line: 11, : Request start: ::1
2024-07-06 10:21:45 Line: 11, : Request start: ::1
2024-07-06 10:21:45 Line: 11, : Request start: ::1
2024-07-06 10:21:45 Line: 11, : Request start: ::1
2024-07-06 10:21:45 Line: 11, : Request start: ::1
2024-07-06 10:21:46 Line: 11, : Request start: ::1
2024-07-06 10:21:46 Line: 11, : Request start: ::1
2024-07-06 10:21:46 Line: 11, : Request start: ::1
2024-07-06 10:21:47 Line: 11, : Request start: ::1
2024-07-06 10:21:47 Line: 11, : Request start: ::1
2024-07-06 10:21:47 Line: 11, : Request start: ::1
2024-07-06 10:21:47 Line: 11, : Request start: ::1
2024-07-06 10:21:48 Line: 11, : Request start: ::1
2024-07-06 10:21:48 Line: 11, : Request start: ::1
2024-07-06 10:21:48 Line: 11, : Request start: ::1
2024-07-06 10:21:48 Line: 11, : Request start: ::1
2024-07-06 10:21:49 Line: 11, : Request start: ::1
2024-07-06 10:21:49 Line: 11, : Request start: ::1
2024-07-06 10:21:49 Line: 11, : Request start: ::1
2024-07-06 10:21:49 Line: 11, : Request start: ::1
2024-07-06 10:21:50 Line: 11, : Request start: ::1
2024-07-06 10:21:50 Line: 11, : Request start: ::1
2024-07-06 10:21:50 Line: 11, : Request start: ::1
2024-07-06 10:21:52 Line: 11, : Request start: ::1
2024-07-06 10:21:52 Line: 11, : Request start: ::1
2024-07-06 10:21:52 Line: 11, : Request start: ::1
2024-07-06 10:21:52 Line: 11, : Request start: ::1
2024-07-06 10:21:53 Line: 11, : Request start: ::1
2024-07-06 10:21:53 Line: 11, : Request start: ::1
2024-07-06 10:21:53 Line: 11, : Request start: ::1
2024-07-06 10:21:53 Line: 11, : Request start: ::1
2024-07-06 10:21:54 Line: 11, : Request start: ::1
2024-07-06 10:21:54 Line: 11, : Request start: ::1
2024-07-06 10:21:54 Line: 11, : Request start: ::1
2024-07-06 10:21:55 Line: 11, : Request start: ::1
2024-07-06 10:21:55 Line: 11, : Request start: ::1
2024-07-06 10:21:55 Line: 11, : Request start: ::1
2024-07-06 10:21:55 Line: 11, : Request start: ::1
2024-07-06 10:21:56 Line: 11, : Request start: ::1
2024-07-06 10:21:56 Line: 11, : Request start: ::1
2024-07-06 10:23:36 Line: 11, : Request start: ::1
2024-07-06 10:23:36 Line: 11, : Request start: ::1
2024-07-06 10:23:37 Line: 11, : Request start: ::1
2024-07-06 10:23:37 Line: 11, : Request start: ::1
2024-07-06 10:23:37 Line: 11, : Request start: ::1
2024-07-06 10:23:37 Line: 11, : Request start: ::1
2024-07-06 10:23:38 Line: 11, : Request start: ::1
2024-07-06 10:23:38 Line: 11, : Request start: ::1
2024-07-06 10:23:38 Line: 11, : Request start: ::1
2024-07-06 10:23:39 Line: 11, : Request start: ::1
2024-07-06 10:23:39 Line: 11, : Request start: ::1
2024-07-06 10:23:39 Line: 11, : Request start: ::1
2024-07-06 10:23:40 Line: 11, : Request start: ::1
2024-07-06 10:23:40 Line: 11, : Request start: ::1
2024-07-06 10:23:40 Line: 11, : Request start: ::1
2024-07-06 10:23:40 Line: 11, : Request start: ::1
2024-07-06 10:23:41 Line: 11, : Request start: ::1
2024-07-06 10:23:41 Line: 11, : Request start: ::1
2024-07-06 10:23:41 Line: 11, : Request start: ::1
2024-07-06 10:23:41 Line: 11, : Request start: ::1
2024-07-06 10:23:42 Line: 11, : Request start: ::1
2024-07-06 10:23:42 Line: 11, : Request start: ::1
2024-07-06 10:23:42 Line: 11, : Request start: ::1
2024-07-06 10:23:42 Line: 11, : Request start: ::1
2024-07-06 10:23:43 Line: 11, : Request start: ::1
2024-07-06 10:23:43 Line: 11, : Request start: ::1
2024-07-06 10:23:43 Line: 11, : Request start: ::1
2024-07-06 10:23:43 Line: 11, : Request start: ::1
2024-07-06 10:23:44 Line: 11, : Request start: ::1
2024-07-06 10:23:44 Line: 11, : Request start: ::1
2024-07-06 10:23:44 Line: 11, : Request start: ::1
2024-07-06 10:23:44 Line: 11, : Request start: ::1
2024-07-06 10:23:45 Line: 11, : Request start: ::1
2024-07-06 10:23:45 Line: 11, : Request start: ::1
2024-07-06 10:23:45 Line: 11, : Request start: ::1
2024-07-06 10:23:45 Line: 11, : Request start: ::1
2024-07-06 10:23:46 Line: 11, : Request start: ::1
2024-07-06 10:23:46 Line: 11, : Request start: ::1
2024-07-06 10:23:46 Line: 11, : Request start: ::1
2024-07-06 10:23:47 Line: 11, : Request start: ::1
2024-07-06 10:23:47 Line: 11, : Request start: ::1
2024-07-06 10:23:47 Line: 11, : Request start: ::1
2024-07-06 10:23:47 Line: 11, : Request start: ::1
2024-07-06 10:23:48 Line: 11, : Request start: ::1
2024-07-06 10:23:48 Line: 11, : Request start: ::1
2024-07-06 10:23:48 Line: 11, : Request start: ::1
2024-07-06 10:23:48 Line: 11, : Request start: ::1
2024-07-06 10:23:49 Line: 11, : Request start: ::1
2024-07-06 10:24:44 Line: 11, : Request start: ::1
2024-07-06 10:24:44 Line: 11, : Request start: ::1
2024-07-06 10:24:44 Line: 11, : Request start: ::1
2024-07-06 10:24:44 Line: 11, : Request start: ::1
2024-07-06 10:24:45 Line: 11, : Request start: ::1
2024-07-06 10:24:45 Line: 11, : Request start: ::1
2024-07-06 10:24:45 Line: 11, : Request start: ::1
2024-07-06 10:24:45 Line: 11, : Request start: ::1
2024-07-06 10:24:46 Line: 11, : Request start: ::1
2024-07-06 10:24:46 Line: 11, : Request start: ::1
2024-07-06 10:24:46 Line: 11, : Request start: ::1
2024-07-06 10:24:47 Line: 11, : Request start: ::1
2024-07-06 10:24:47 Line: 11, : Request start: ::1
2024-07-06 10:24:47 Line: 11, : Request start: ::1
2024-07-06 10:24:48 Line: 11, : Request start: ::1
2024-07-06 10:24:48 Line: 11, : Request start: ::1
2024-07-06 10:24:48 Line: 11, : Request start: ::1
2024-07-06 10:24:48 Line: 11, : Request start: ::1
2024-07-06 10:24:49 Line: 11, : Request start: ::1
2024-07-06 10:24:49 Line: 11, : Request start: ::1
2024-07-06 10:24:49 Line: 11, : Request start: ::1
2024-07-06 10:24:49 Line: 11, : Request start: ::1
2024-07-06 10:24:50 Line: 11, : Request start: ::1
2024-07-06 10:24:50 Line: 11, : Request start: ::1
2024-07-06 10:24:50 Line: 11, : Request start: ::1
2024-07-06 10:24:51 Line: 11, : Request start: ::1
2024-07-06 10:24:51 Line: 11, : Request start: ::1
2024-07-06 10:24:51 Line: 11, : Request start: ::1
2024-07-06 10:24:51 Line: 11, : Request start: ::1
2024-07-06 10:24:52 Line: 11, : Request start: ::1
2024-07-06 10:24:52 Line: 11, : Request start: ::1
2024-07-06 10:24:52 Line: 11, : Request start: ::1
2024-07-06 10:24:53 Line: 11, : Request start: ::1
2024-07-06 10:24:53 Line: 11, : Request start: ::1
2024-07-06 10:24:53 Line: 11, : Request start: ::1
2024-07-06 10:24:53 Line: 11, : Request start: ::1
2024-07-06 10:24:54 Line: 11, : Request start: ::1
2024-07-06 10:24:54 Line: 11, : Request start: ::1
2024-07-06 10:24:54 Line: 11, : Request start: ::1
2024-07-06 10:24:54 Line: 11, : Request start: ::1
2024-07-06 10:24:55 Line: 11, : Request start: ::1
2024-07-06 10:24:55 Line: 11, : Request start: ::1
2024-07-06 10:24:55 Line: 11, : Request start: ::1
2024-07-06 10:24:56 Line: 11, : Request start: ::1
2024-07-06 10:24:56 Line: 11, : Request start: ::1
2024-07-06 10:24:56 Line: 11, : Request start: ::1
2024-07-06 10:24:56 Line: 11, : Request start: ::1
2024-07-06 10:24:57 Line: 11, : Request start: ::1
2024-07-06 10:26:30 Line: 11, : Request start: ::1
2024-07-06 10:26:31 Line: 95, APISubiektGT\SubiektGT\product->update: Request finish: ::1
2024-07-06 10:26:40 Line: 11, : Request start: ::1
2024-07-06 10:26:40 Line: 95, APISubiektGT\SubiektGT\product->update: Request finish: ::1
2024-07-06 10:26:55 Line: 11, : Request start: ::1
2024-07-06 10:26:56 Line: 327, APISubiektGT\SubiektGT\Product->update: Zaktualizowano produkt: IW0010
2024-07-06 10:26:56 Line: 95, APISubiektGT\SubiektGT\product->update: Request finish: ::1
2024-07-06 10:27:01 Line: 11, : Request start: ::1
2024-07-06 10:27:01 Line: 95, APISubiektGT\SubiektGT\product->update: Request finish: ::1
2024-07-06 10:28:33 Line: 11, : Request start: ::1
2024-07-06 10:28:33 Line: 95, APISubiektGT\SubiektGT\product->update: Request finish: ::1
2024-07-06 10:28:46 Line: 11, : Request start: ::1
2024-07-06 10:28:46 Line: 327, APISubiektGT\SubiektGT\Product->update: Zaktualizowano produkt: IW0010
2024-07-06 10:28:46 Line: 95, APISubiektGT\SubiektGT\product->update: Request finish: ::1
2024-07-06 10:28:56 Line: 11, : Request start: ::1
2024-07-06 10:28:56 Line: 95, APISubiektGT\SubiektGT\product->update: Request finish: ::1
2024-07-06 10:31:55 Line: 11, : Request start: ::1
2024-07-06 10:31:56 Line: 11, : Request start: ::1
2024-07-06 10:31:56 Line: 11, : Request start: ::1
2024-07-06 10:31:56 Line: 11, : Request start: ::1
2024-07-06 10:31:57 Line: 11, : Request start: ::1
2024-07-06 10:31:57 Line: 11, : Request start: ::1
2024-07-06 10:31:57 Line: 11, : Request start: ::1
2024-07-06 10:31:57 Line: 11, : Request start: ::1
2024-07-06 10:31:58 Line: 11, : Request start: ::1
2024-07-06 10:31:58 Line: 11, : Request start: ::1
2024-07-06 10:31:58 Line: 11, : Request start: ::1
2024-07-06 10:31:59 Line: 11, : Request start: ::1
2024-07-06 10:31:59 Line: 11, : Request start: ::1
2024-07-06 10:31:59 Line: 11, : Request start: ::1
2024-07-06 10:31:59 Line: 11, : Request start: ::1
2024-07-06 10:32:00 Line: 11, : Request start: ::1
2024-07-06 10:32:00 Line: 11, : Request start: ::1
2024-07-06 10:32:00 Line: 11, : Request start: ::1
2024-07-06 10:32:00 Line: 11, : Request start: ::1
2024-07-06 10:32:01 Line: 11, : Request start: ::1
2024-07-06 10:32:01 Line: 11, : Request start: ::1
2024-07-06 10:32:01 Line: 11, : Request start: ::1
2024-07-06 10:32:01 Line: 11, : Request start: ::1
2024-07-06 10:32:02 Line: 11, : Request start: ::1
2024-07-06 10:32:02 Line: 11, : Request start: ::1
2024-07-06 10:32:02 Line: 11, : Request start: ::1
2024-07-06 10:32:03 Line: 11, : Request start: ::1
2024-07-06 10:32:03 Line: 11, : Request start: ::1
2024-07-06 10:32:03 Line: 11, : Request start: ::1
2024-07-06 10:32:03 Line: 11, : Request start: ::1
2024-07-06 10:32:04 Line: 11, : Request start: ::1
2024-07-06 10:32:04 Line: 11, : Request start: ::1
2024-07-06 10:32:04 Line: 11, : Request start: ::1
2024-07-06 10:32:05 Line: 11, : Request start: ::1
2024-07-06 10:32:05 Line: 11, : Request start: ::1
2024-07-06 10:32:05 Line: 11, : Request start: ::1
2024-07-06 10:32:06 Line: 11, : Request start: ::1
2024-07-06 10:32:06 Line: 11, : Request start: ::1
2024-07-06 10:32:06 Line: 11, : Request start: ::1
2024-07-06 10:32:06 Line: 11, : Request start: ::1
2024-07-06 10:32:07 Line: 11, : Request start: ::1
2024-07-06 10:32:07 Line: 11, : Request start: ::1
2024-07-06 10:32:07 Line: 11, : Request start: ::1
2024-07-06 10:32:08 Line: 11, : Request start: ::1
2024-07-06 10:32:08 Line: 11, : Request start: ::1
2024-07-06 10:32:08 Line: 11, : Request start: ::1
2024-07-06 10:32:08 Line: 11, : Request start: ::1
2024-07-06 10:32:09 Line: 11, : Request start: ::1
2024-07-06 10:34:10 Line: 11, : Request start: ::1
2024-07-06 10:34:10 Line: 11, : Request start: ::1
2024-07-06 10:34:10 Line: 11, : Request start: ::1
2024-07-06 10:34:10 Line: 11, : Request start: ::1
2024-07-06 10:34:11 Line: 11, : Request start: ::1
2024-07-06 10:34:11 Line: 11, : Request start: ::1
2024-07-06 10:34:11 Line: 11, : Request start: ::1
2024-07-06 10:34:12 Line: 11, : Request start: ::1
2024-07-06 10:34:12 Line: 11, : Request start: ::1
2024-07-06 10:34:12 Line: 11, : Request start: ::1
2024-07-06 10:34:12 Line: 11, : Request start: ::1
2024-07-06 10:34:13 Line: 11, : Request start: ::1
2024-07-06 10:34:13 Line: 11, : Request start: ::1
2024-07-06 10:34:13 Line: 11, : Request start: ::1
2024-07-06 10:34:14 Line: 11, : Request start: ::1
2024-07-06 10:34:14 Line: 11, : Request start: ::1
2024-07-06 10:34:14 Line: 11, : Request start: ::1
2024-07-06 10:34:14 Line: 11, : Request start: ::1
2024-07-06 10:34:15 Line: 11, : Request start: ::1
2024-07-06 10:34:15 Line: 11, : Request start: ::1
2024-07-06 10:34:15 Line: 11, : Request start: ::1
2024-07-06 10:34:15 Line: 11, : Request start: ::1
2024-07-06 10:34:16 Line: 11, : Request start: ::1
2024-07-06 10:34:16 Line: 11, : Request start: ::1
2024-07-06 10:34:16 Line: 11, : Request start: ::1
2024-07-06 10:34:17 Line: 11, : Request start: ::1
2024-07-06 10:34:17 Line: 11, : Request start: ::1
2024-07-06 10:34:17 Line: 11, : Request start: ::1
2024-07-06 10:34:17 Line: 11, : Request start: ::1
2024-07-06 10:34:18 Line: 11, : Request start: ::1
2024-07-06 10:34:18 Line: 11, : Request start: ::1
2024-07-06 10:34:18 Line: 11, : Request start: ::1
2024-07-06 10:34:18 Line: 11, : Request start: ::1
2024-07-06 10:34:19 Line: 11, : Request start: ::1
2024-07-06 10:34:19 Line: 11, : Request start: ::1
2024-07-06 10:34:19 Line: 11, : Request start: ::1
2024-07-06 10:34:19 Line: 11, : Request start: ::1
2024-07-06 10:34:20 Line: 11, : Request start: ::1
2024-07-06 10:34:20 Line: 11, : Request start: ::1
2024-07-06 10:34:20 Line: 11, : Request start: ::1
2024-07-06 10:34:21 Line: 11, : Request start: ::1
2024-07-06 10:34:21 Line: 11, : Request start: ::1
2024-07-06 10:34:21 Line: 11, : Request start: ::1
2024-07-06 10:34:21 Line: 11, : Request start: ::1
2024-07-06 10:34:22 Line: 11, : Request start: ::1
2024-07-06 10:34:22 Line: 11, : Request start: ::1
2024-07-06 10:34:22 Line: 11, : Request start: ::1
2024-07-06 10:34:22 Line: 11, : Request start: ::1
2024-07-06 10:35:42 Line: 11, : Request start: ::1
2024-07-06 10:35:42 Line: 95, APISubiektGT\SubiektGT\product->update: Request finish: ::1
2024-07-06 10:35:42 Line: 11, : Request start: ::1
2024-07-06 10:35:42 Line: 95, APISubiektGT\SubiektGT\product->update: Request finish: ::1
2024-07-06 10:35:43 Line: 11, : Request start: ::1
2024-07-06 10:35:43 Line: 95, APISubiektGT\SubiektGT\product->update: Request finish: ::1
2024-07-06 10:35:43 Line: 11, : Request start: ::1
2024-07-06 10:35:43 Line: 95, APISubiektGT\SubiektGT\product->update: Request finish: ::1
2024-07-06 10:35:43 Line: 11, : Request start: ::1
2024-07-06 10:35:43 Line: 95, APISubiektGT\SubiektGT\product->update: Request finish: ::1
2024-07-06 10:35:44 Line: 11, : Request start: ::1
2024-07-06 10:35:44 Line: 95, APISubiektGT\SubiektGT\product->update: Request finish: ::1
2024-07-06 10:35:44 Line: 11, : Request start: ::1
2024-07-06 10:35:44 Line: 95, APISubiektGT\SubiektGT\product->update: Request finish: ::1
2024-07-06 10:35:44 Line: 11, : Request start: ::1
2024-07-06 10:35:44 Line: 95, APISubiektGT\SubiektGT\product->update: Request finish: ::1
2024-07-06 10:35:45 Line: 11, : Request start: ::1
2024-07-06 10:35:45 Line: 95, APISubiektGT\SubiektGT\product->update: Request finish: ::1
2024-07-06 10:35:45 Line: 11, : Request start: ::1
2024-07-06 10:35:46 Line: 327, APISubiektGT\SubiektGT\Product->update: Zaktualizowano produkt: IW0010
2024-07-06 10:35:46 Line: 95, APISubiektGT\SubiektGT\product->update: Request finish: ::1
2024-07-06 10:35:46 Line: 11, : Request start: ::1
2024-07-06 10:35:46 Line: 95, APISubiektGT\SubiektGT\product->update: Request finish: ::1
2024-07-06 10:35:46 Line: 11, : Request start: ::1
2024-07-06 10:35:46 Line: 95, APISubiektGT\SubiektGT\product->update: Request finish: ::1
2024-07-06 10:35:47 Line: 11, : Request start: ::1
2024-07-06 10:35:47 Line: 95, APISubiektGT\SubiektGT\product->update: Request finish: ::1
2024-07-06 10:35:47 Line: 11, : Request start: ::1
2024-07-06 10:35:47 Line: 95, APISubiektGT\SubiektGT\product->update: Request finish: ::1
2024-07-06 10:35:47 Line: 11, : Request start: ::1
2024-07-06 10:35:47 Line: 95, APISubiektGT\SubiektGT\product->update: Request finish: ::1
2024-07-06 10:35:48 Line: 11, : Request start: ::1
2024-07-06 10:35:48 Line: 95, APISubiektGT\SubiektGT\product->update: Request finish: ::1
2024-07-06 10:35:48 Line: 11, : Request start: ::1
2024-07-06 10:35:48 Line: 95, APISubiektGT\SubiektGT\product->update: Request finish: ::1
2024-07-06 10:35:48 Line: 11, : Request start: ::1
2024-07-06 10:35:48 Line: 95, APISubiektGT\SubiektGT\product->update: Request finish: ::1
2024-07-06 10:35:49 Line: 11, : Request start: ::1
2024-07-06 10:35:49 Line: 95, APISubiektGT\SubiektGT\product->update: Request finish: ::1
2024-07-06 10:35:49 Line: 11, : Request start: ::1
2024-07-06 10:35:49 Line: 95, APISubiektGT\SubiektGT\product->update: Request finish: ::1
2024-07-06 10:35:49 Line: 11, : Request start: ::1
2024-07-06 10:35:49 Line: 95, APISubiektGT\SubiektGT\product->update: Request finish: ::1
2024-07-06 10:35:50 Line: 11, : Request start: ::1
2024-07-06 10:35:50 Line: 95, APISubiektGT\SubiektGT\product->update: Request finish: ::1
2024-07-06 10:35:50 Line: 11, : Request start: ::1
2024-07-06 10:35:50 Line: 95, APISubiektGT\SubiektGT\product->update: Request finish: ::1
2024-07-06 10:35:50 Line: 11, : Request start: ::1
2024-07-06 10:35:50 Line: 95, APISubiektGT\SubiektGT\product->update: Request finish: ::1
2024-07-06 10:35:51 Line: 11, : Request start: ::1
2024-07-06 10:35:51 Line: 95, APISubiektGT\SubiektGT\product->update: Request finish: ::1
2024-07-06 10:35:51 Line: 11, : Request start: ::1
2024-07-06 10:35:51 Line: 95, APISubiektGT\SubiektGT\product->update: Request finish: ::1
2024-07-06 10:35:51 Line: 11, : Request start: ::1
2024-07-06 10:35:51 Line: 95, APISubiektGT\SubiektGT\product->update: Request finish: ::1
2024-07-06 10:35:52 Line: 11, : Request start: ::1
2024-07-06 10:35:52 Line: 95, APISubiektGT\SubiektGT\product->update: Request finish: ::1
2024-07-06 10:35:52 Line: 11, : Request start: ::1
2024-07-06 10:35:52 Line: 95, APISubiektGT\SubiektGT\product->update: Request finish: ::1
2024-07-06 10:35:52 Line: 11, : Request start: ::1
2024-07-06 10:35:52 Line: 95, APISubiektGT\SubiektGT\product->update: Request finish: ::1
2024-07-06 10:35:53 Line: 11, : Request start: ::1
2024-07-06 10:35:53 Line: 95, APISubiektGT\SubiektGT\product->update: Request finish: ::1
2024-07-06 10:35:53 Line: 11, : Request start: ::1
2024-07-06 10:35:53 Line: 95, APISubiektGT\SubiektGT\product->update: Request finish: ::1
2024-07-06 10:35:53 Line: 11, : Request start: ::1
2024-07-06 10:35:53 Line: 95, APISubiektGT\SubiektGT\product->update: Request finish: ::1
2024-07-06 10:35:54 Line: 11, : Request start: ::1
2024-07-06 10:35:54 Line: 95, APISubiektGT\SubiektGT\product->update: Request finish: ::1
2024-07-06 10:35:54 Line: 11, : Request start: ::1
2024-07-06 10:35:54 Line: 95, APISubiektGT\SubiektGT\product->update: Request finish: ::1
2024-07-06 10:35:54 Line: 11, : Request start: ::1
2024-07-06 10:35:54 Line: 95, APISubiektGT\SubiektGT\product->update: Request finish: ::1
2024-07-06 10:35:54 Line: 11, : Request start: ::1
2024-07-06 10:35:55 Line: 95, APISubiektGT\SubiektGT\product->update: Request finish: ::1
2024-07-06 10:35:55 Line: 11, : Request start: ::1
2024-07-06 10:35:55 Line: 95, APISubiektGT\SubiektGT\product->update: Request finish: ::1
2024-07-06 10:35:55 Line: 11, : Request start: ::1
2024-07-06 10:35:55 Line: 95, APISubiektGT\SubiektGT\product->update: Request finish: ::1
2024-07-06 10:35:55 Line: 11, : Request start: ::1
2024-07-06 10:35:55 Line: 95, APISubiektGT\SubiektGT\product->update: Request finish: ::1
2024-07-06 10:35:56 Line: 11, : Request start: ::1
2024-07-06 10:35:56 Line: 95, APISubiektGT\SubiektGT\product->update: Request finish: ::1
2024-07-06 10:35:56 Line: 11, : Request start: ::1
2024-07-06 10:35:56 Line: 95, APISubiektGT\SubiektGT\product->update: Request finish: ::1
2024-07-06 10:35:56 Line: 11, : Request start: ::1
2024-07-06 10:35:56 Line: 95, APISubiektGT\SubiektGT\product->update: Request finish: ::1
2024-07-06 10:35:57 Line: 11, : Request start: ::1
2024-07-06 10:35:57 Line: 95, APISubiektGT\SubiektGT\product->update: Request finish: ::1
2024-07-06 10:35:57 Line: 11, : Request start: ::1
2024-07-06 10:35:57 Line: 95, APISubiektGT\SubiektGT\product->update: Request finish: ::1
2024-07-06 10:35:57 Line: 11, : Request start: ::1
2024-07-06 10:35:57 Line: 95, APISubiektGT\SubiektGT\product->update: Request finish: ::1
2024-07-06 10:35:58 Line: 11, : Request start: ::1
2024-07-06 10:35:58 Line: 95, APISubiektGT\SubiektGT\product->update: Request finish: ::1
2024-07-06 10:35:58 Line: 11, : Request start: ::1
2024-07-06 10:35:58 Line: 327, APISubiektGT\SubiektGT\Product->update: Zaktualizowano produkt: FOX008
2024-07-06 10:35:58 Line: 95, APISubiektGT\SubiektGT\product->update: Request finish: ::1
2024-07-06 11:01:03 Line: 11, : Request start: ::1
2024-07-06 11:01:03 Line: 95, APISubiektGT\SubiektGT\product->update: Request finish: ::1
2024-07-06 11:01:04 Line: 11, : Request start: ::1
2024-07-06 11:01:04 Line: 95, APISubiektGT\SubiektGT\product->update: Request finish: ::1
2024-07-06 11:01:04 Line: 11, : Request start: ::1
2024-07-06 11:01:04 Line: 95, APISubiektGT\SubiektGT\product->update: Request finish: ::1
2024-07-06 11:01:05 Line: 11, : Request start: ::1
2024-07-06 11:01:05 Line: 95, APISubiektGT\SubiektGT\product->update: Request finish: ::1
2024-07-06 11:01:05 Line: 11, : Request start: ::1
2024-07-06 11:01:05 Line: 95, APISubiektGT\SubiektGT\product->update: Request finish: ::1
2024-07-06 11:01:05 Line: 11, : Request start: ::1
2024-07-06 11:01:05 Line: 95, APISubiektGT\SubiektGT\product->update: Request finish: ::1
2024-07-06 11:01:06 Line: 11, : Request start: ::1
2024-07-06 11:01:06 Line: 95, APISubiektGT\SubiektGT\product->update: Request finish: ::1
2024-07-06 11:01:06 Line: 11, : Request start: ::1
2024-07-06 11:01:06 Line: 95, APISubiektGT\SubiektGT\product->update: Request finish: ::1
2024-07-06 11:01:06 Line: 11, : Request start: ::1
2024-07-06 11:01:06 Line: 95, APISubiektGT\SubiektGT\product->update: Request finish: ::1
2024-07-06 11:01:07 Line: 11, : Request start: ::1
2024-07-06 11:01:07 Line: 327, APISubiektGT\SubiektGT\Product->update: Zaktualizowano produkt: IW0010
2024-07-06 11:01:07 Line: 95, APISubiektGT\SubiektGT\product->update: Request finish: ::1
2024-07-06 11:01:08 Line: 11, : Request start: ::1
2024-07-06 11:01:08 Line: 95, APISubiektGT\SubiektGT\product->update: Request finish: ::1
2024-07-06 11:01:08 Line: 11, : Request start: ::1
2024-07-06 11:01:08 Line: 95, APISubiektGT\SubiektGT\product->update: Request finish: ::1
2024-07-06 11:01:08 Line: 11, : Request start: ::1
2024-07-06 11:01:08 Line: 95, APISubiektGT\SubiektGT\product->update: Request finish: ::1
2024-07-06 11:01:08 Line: 11, : Request start: ::1
2024-07-06 11:01:08 Line: 95, APISubiektGT\SubiektGT\product->update: Request finish: ::1
2024-07-06 11:01:09 Line: 11, : Request start: ::1
2024-07-06 11:01:09 Line: 95, APISubiektGT\SubiektGT\product->update: Request finish: ::1
2024-07-06 11:01:09 Line: 11, : Request start: ::1
2024-07-06 11:01:10 Line: 95, APISubiektGT\SubiektGT\product->update: Request finish: ::1
2024-07-06 11:01:10 Line: 11, : Request start: ::1
2024-07-06 11:01:10 Line: 95, APISubiektGT\SubiektGT\product->update: Request finish: ::1
2024-07-06 11:01:10 Line: 11, : Request start: ::1
2024-07-06 11:01:10 Line: 95, APISubiektGT\SubiektGT\product->update: Request finish: ::1
2024-07-06 11:01:10 Line: 11, : Request start: ::1
2024-07-06 11:01:10 Line: 95, APISubiektGT\SubiektGT\product->update: Request finish: ::1
2024-07-06 11:01:10 Line: 11, : Request start: ::1
2024-07-06 11:01:11 Line: 95, APISubiektGT\SubiektGT\product->update: Request finish: ::1
2024-07-06 11:01:11 Line: 11, : Request start: ::1
2024-07-06 11:01:11 Line: 95, APISubiektGT\SubiektGT\product->update: Request finish: ::1
2024-07-06 11:01:11 Line: 11, : Request start: ::1
2024-07-06 11:01:11 Line: 95, APISubiektGT\SubiektGT\product->update: Request finish: ::1
2024-07-06 11:01:12 Line: 11, : Request start: ::1
2024-07-06 11:01:12 Line: 95, APISubiektGT\SubiektGT\product->update: Request finish: ::1
2024-07-06 11:01:12 Line: 11, : Request start: ::1
2024-07-06 11:01:12 Line: 95, APISubiektGT\SubiektGT\product->update: Request finish: ::1
2024-07-06 11:01:12 Line: 11, : Request start: ::1
2024-07-06 11:01:12 Line: 95, APISubiektGT\SubiektGT\product->update: Request finish: ::1
2024-07-06 11:01:12 Line: 11, : Request start: ::1
2024-07-06 11:01:12 Line: 95, APISubiektGT\SubiektGT\product->update: Request finish: ::1
2024-07-06 11:01:13 Line: 11, : Request start: ::1
2024-07-06 11:01:13 Line: 95, APISubiektGT\SubiektGT\product->update: Request finish: ::1
2024-07-06 11:01:13 Line: 11, : Request start: ::1
2024-07-06 11:01:13 Line: 95, APISubiektGT\SubiektGT\product->update: Request finish: ::1
2024-07-06 11:01:14 Line: 11, : Request start: ::1
2024-07-06 11:01:14 Line: 95, APISubiektGT\SubiektGT\product->update: Request finish: ::1
2024-07-06 11:01:14 Line: 11, : Request start: ::1
2024-07-06 11:01:14 Line: 95, APISubiektGT\SubiektGT\product->update: Request finish: ::1
2024-07-06 11:01:14 Line: 11, : Request start: ::1
2024-07-06 11:01:14 Line: 95, APISubiektGT\SubiektGT\product->update: Request finish: ::1
2024-07-06 11:01:15 Line: 11, : Request start: ::1
2024-07-06 11:01:15 Line: 95, APISubiektGT\SubiektGT\product->update: Request finish: ::1
2024-07-06 11:01:16 Line: 11, : Request start: ::1
2024-07-06 11:01:16 Line: 95, APISubiektGT\SubiektGT\product->update: Request finish: ::1
2024-07-06 11:01:16 Line: 11, : Request start: ::1
2024-07-06 11:01:16 Line: 95, APISubiektGT\SubiektGT\product->update: Request finish: ::1
2024-07-06 11:01:17 Line: 11, : Request start: ::1
2024-07-06 11:01:17 Line: 95, APISubiektGT\SubiektGT\product->update: Request finish: ::1
2024-07-06 11:01:17 Line: 11, : Request start: ::1
2024-07-06 11:01:17 Line: 95, APISubiektGT\SubiektGT\product->update: Request finish: ::1
2024-07-06 11:01:18 Line: 11, : Request start: ::1
2024-07-06 11:01:18 Line: 95, APISubiektGT\SubiektGT\product->update: Request finish: ::1
2024-07-06 11:01:18 Line: 11, : Request start: ::1
2024-07-06 11:01:18 Line: 95, APISubiektGT\SubiektGT\product->update: Request finish: ::1
2024-07-06 11:01:18 Line: 11, : Request start: ::1
2024-07-06 11:01:18 Line: 95, APISubiektGT\SubiektGT\product->update: Request finish: ::1
2024-07-06 11:01:19 Line: 11, : Request start: ::1
2024-07-06 11:01:19 Line: 95, APISubiektGT\SubiektGT\product->update: Request finish: ::1
2024-07-06 11:01:19 Line: 11, : Request start: ::1
2024-07-06 11:01:19 Line: 95, APISubiektGT\SubiektGT\product->update: Request finish: ::1
2024-07-06 11:01:19 Line: 11, : Request start: ::1
2024-07-06 11:01:19 Line: 95, APISubiektGT\SubiektGT\product->update: Request finish: ::1
2024-07-06 11:01:20 Line: 11, : Request start: ::1
2024-07-06 11:01:20 Line: 95, APISubiektGT\SubiektGT\product->update: Request finish: ::1
2024-07-06 11:01:20 Line: 11, : Request start: ::1
2024-07-06 11:01:20 Line: 95, APISubiektGT\SubiektGT\product->update: Request finish: ::1
2024-07-06 11:01:20 Line: 11, : Request start: ::1
2024-07-06 11:01:20 Line: 95, APISubiektGT\SubiektGT\product->update: Request finish: ::1
2024-07-06 11:01:20 Line: 11, : Request start: ::1
2024-07-06 11:01:20 Line: 95, APISubiektGT\SubiektGT\product->update: Request finish: ::1
2024-07-06 11:01:21 Line: 11, : Request start: ::1
2024-07-06 11:01:21 Line: 95, APISubiektGT\SubiektGT\product->update: Request finish: ::1
2024-07-06 11:01:21 Line: 11, : Request start: ::1
2024-07-06 11:01:22 Line: 327, APISubiektGT\SubiektGT\Product->update: Zaktualizowano produkt: FOX008
2024-07-06 11:01:22 Line: 95, APISubiektGT\SubiektGT\product->update: Request finish: ::1
2024-07-06 11:02:44 Line: 11, : Request start: ::1
2024-07-06 11:02:44 Line: 95, APISubiektGT\SubiektGT\product->update: Request finish: ::1
2024-07-06 11:02:47 Line: 11, : Request start: ::1
2024-07-06 11:02:48 Line: 327, APISubiektGT\SubiektGT\Product->update: Zaktualizowano produkt: IW0010
2024-07-06 11:02:48 Line: 95, APISubiektGT\SubiektGT\product->update: Request finish: ::1
2024-07-06 11:03:53 Line: 11, : Request start: ::1
2024-07-06 11:03:53 Line: 95, APISubiektGT\SubiektGT\product->update: Request finish: ::1
2024-07-06 11:03:53 Line: 11, : Request start: ::1
2024-07-06 11:03:53 Line: 95, APISubiektGT\SubiektGT\product->update: Request finish: ::1
2024-07-06 11:03:54 Line: 11, : Request start: ::1
2024-07-06 11:03:54 Line: 95, APISubiektGT\SubiektGT\product->update: Request finish: ::1
2024-07-06 11:03:54 Line: 11, : Request start: ::1
2024-07-06 11:03:54 Line: 95, APISubiektGT\SubiektGT\product->update: Request finish: ::1
2024-07-06 11:03:54 Line: 11, : Request start: ::1
2024-07-06 11:03:54 Line: 95, APISubiektGT\SubiektGT\product->update: Request finish: ::1
2024-07-06 11:03:54 Line: 11, : Request start: ::1
2024-07-06 11:03:54 Line: 95, APISubiektGT\SubiektGT\product->update: Request finish: ::1
2024-07-06 11:03:55 Line: 11, : Request start: ::1
2024-07-06 11:03:55 Line: 95, APISubiektGT\SubiektGT\product->update: Request finish: ::1
2024-07-06 11:03:55 Line: 11, : Request start: ::1
2024-07-06 11:03:55 Line: 95, APISubiektGT\SubiektGT\product->update: Request finish: ::1
2024-07-06 11:03:55 Line: 11, : Request start: ::1
2024-07-06 11:03:55 Line: 95, APISubiektGT\SubiektGT\product->update: Request finish: ::1
2024-07-06 11:03:55 Line: 11, : Request start: ::1
2024-07-06 11:03:56 Line: 327, APISubiektGT\SubiektGT\Product->update: Zaktualizowano produkt: IW0010
2024-07-06 11:03:56 Line: 95, APISubiektGT\SubiektGT\product->update: Request finish: ::1
2024-07-06 11:03:56 Line: 11, : Request start: ::1
2024-07-06 11:03:56 Line: 95, APISubiektGT\SubiektGT\product->update: Request finish: ::1
2024-07-06 11:03:56 Line: 11, : Request start: ::1
2024-07-06 11:03:56 Line: 95, APISubiektGT\SubiektGT\product->update: Request finish: ::1
2024-07-06 11:03:57 Line: 11, : Request start: ::1
2024-07-06 11:03:57 Line: 95, APISubiektGT\SubiektGT\product->update: Request finish: ::1
2024-07-06 11:03:57 Line: 11, : Request start: ::1
2024-07-06 11:03:57 Line: 95, APISubiektGT\SubiektGT\product->update: Request finish: ::1
2024-07-06 11:03:57 Line: 11, : Request start: ::1
2024-07-06 11:03:57 Line: 95, APISubiektGT\SubiektGT\product->update: Request finish: ::1
2024-07-06 11:03:57 Line: 11, : Request start: ::1
2024-07-06 11:03:57 Line: 95, APISubiektGT\SubiektGT\product->update: Request finish: ::1
2024-07-06 11:03:58 Line: 11, : Request start: ::1
2024-07-06 11:03:58 Line: 95, APISubiektGT\SubiektGT\product->update: Request finish: ::1
2024-07-06 11:03:58 Line: 11, : Request start: ::1
2024-07-06 11:03:58 Line: 95, APISubiektGT\SubiektGT\product->update: Request finish: ::1
2024-07-06 11:03:58 Line: 11, : Request start: ::1
2024-07-06 11:03:58 Line: 95, APISubiektGT\SubiektGT\product->update: Request finish: ::1
2024-07-06 11:03:58 Line: 11, : Request start: ::1
2024-07-06 11:03:59 Line: 95, APISubiektGT\SubiektGT\product->update: Request finish: ::1
2024-07-06 11:03:59 Line: 11, : Request start: ::1
2024-07-06 11:03:59 Line: 95, APISubiektGT\SubiektGT\product->update: Request finish: ::1
2024-07-06 11:03:59 Line: 11, : Request start: ::1
2024-07-06 11:03:59 Line: 95, APISubiektGT\SubiektGT\product->update: Request finish: ::1
2024-07-06 11:03:59 Line: 11, : Request start: ::1
2024-07-06 11:04:00 Line: 95, APISubiektGT\SubiektGT\product->update: Request finish: ::1
2024-07-06 11:04:00 Line: 11, : Request start: ::1
2024-07-06 11:04:00 Line: 95, APISubiektGT\SubiektGT\product->update: Request finish: ::1
2024-07-06 11:04:00 Line: 11, : Request start: ::1
2024-07-06 11:04:00 Line: 95, APISubiektGT\SubiektGT\product->update: Request finish: ::1
2024-07-06 11:04:00 Line: 11, : Request start: ::1
2024-07-06 11:04:01 Line: 95, APISubiektGT\SubiektGT\product->update: Request finish: ::1
2024-07-06 11:04:01 Line: 11, : Request start: ::1
2024-07-06 11:04:01 Line: 95, APISubiektGT\SubiektGT\product->update: Request finish: ::1
2024-07-06 11:04:01 Line: 11, : Request start: ::1
2024-07-06 11:04:01 Line: 95, APISubiektGT\SubiektGT\product->update: Request finish: ::1
2024-07-06 11:04:01 Line: 11, : Request start: ::1
2024-07-06 11:04:01 Line: 95, APISubiektGT\SubiektGT\product->update: Request finish: ::1
2024-07-06 11:04:02 Line: 11, : Request start: ::1
2024-07-06 11:04:02 Line: 95, APISubiektGT\SubiektGT\product->update: Request finish: ::1
2024-07-06 11:04:02 Line: 11, : Request start: ::1
2024-07-06 11:04:02 Line: 95, APISubiektGT\SubiektGT\product->update: Request finish: ::1
2024-07-06 11:04:02 Line: 11, : Request start: ::1
2024-07-06 11:04:02 Line: 95, APISubiektGT\SubiektGT\product->update: Request finish: ::1
2024-07-06 11:04:03 Line: 11, : Request start: ::1
2024-07-06 11:04:03 Line: 95, APISubiektGT\SubiektGT\product->update: Request finish: ::1
2024-07-06 11:04:03 Line: 11, : Request start: ::1
2024-07-06 11:04:03 Line: 95, APISubiektGT\SubiektGT\product->update: Request finish: ::1
2024-07-06 11:04:03 Line: 11, : Request start: ::1
2024-07-06 11:04:03 Line: 95, APISubiektGT\SubiektGT\product->update: Request finish: ::1
2024-07-06 11:04:03 Line: 11, : Request start: ::1
2024-07-06 11:04:03 Line: 95, APISubiektGT\SubiektGT\product->update: Request finish: ::1
2024-07-06 11:04:04 Line: 11, : Request start: ::1
2024-07-06 11:04:04 Line: 95, APISubiektGT\SubiektGT\product->update: Request finish: ::1
2024-07-06 11:04:04 Line: 11, : Request start: ::1
2024-07-06 11:04:04 Line: 95, APISubiektGT\SubiektGT\product->update: Request finish: ::1
2024-07-06 11:04:04 Line: 11, : Request start: ::1
2024-07-06 11:04:04 Line: 95, APISubiektGT\SubiektGT\product->update: Request finish: ::1
2024-07-06 11:04:04 Line: 11, : Request start: ::1
2024-07-06 11:04:04 Line: 95, APISubiektGT\SubiektGT\product->update: Request finish: ::1
2024-07-06 11:04:05 Line: 11, : Request start: ::1
2024-07-06 11:04:05 Line: 95, APISubiektGT\SubiektGT\product->update: Request finish: ::1
2024-07-06 11:04:05 Line: 11, : Request start: ::1
2024-07-06 11:04:05 Line: 95, APISubiektGT\SubiektGT\product->update: Request finish: ::1
2024-07-06 11:04:06 Line: 11, : Request start: ::1
2024-07-06 11:04:06 Line: 95, APISubiektGT\SubiektGT\product->update: Request finish: ::1
2024-07-06 11:04:06 Line: 11, : Request start: ::1
2024-07-06 11:04:06 Line: 95, APISubiektGT\SubiektGT\product->update: Request finish: ::1
2024-07-06 11:04:07 Line: 11, : Request start: ::1
2024-07-06 11:04:07 Line: 95, APISubiektGT\SubiektGT\product->update: Request finish: ::1
2024-07-06 11:04:07 Line: 11, : Request start: ::1
2024-07-06 11:04:07 Line: 95, APISubiektGT\SubiektGT\product->update: Request finish: ::1
2024-07-06 11:04:07 Line: 11, : Request start: ::1
2024-07-06 11:04:07 Line: 95, APISubiektGT\SubiektGT\product->update: Request finish: ::1
2024-07-06 11:04:07 Line: 11, : Request start: ::1
2024-07-06 11:04:08 Line: 327, APISubiektGT\SubiektGT\Product->update: Zaktualizowano produkt: FOX008
2024-07-06 11:04:08 Line: 95, APISubiektGT\SubiektGT\product->update: Request finish: ::1
2024-07-06 11:07:22 Line: 11, : Request start: ::1
2024-07-06 11:07:23 Line: 327, APISubiektGT\SubiektGT\Product->update: Zaktualizowano produkt: MF0013
2024-07-06 11:07:23 Line: 95, APISubiektGT\SubiektGT\product->update: Request finish: ::1
2024-07-06 11:07:23 Line: 11, : Request start: ::1
2024-07-06 11:07:24 Line: 95, APISubiektGT\SubiektGT\product->update: Request finish: ::1
2024-07-06 11:07:25 Line: 11, : Request start: ::1
2024-07-06 11:07:25 Line: 95, APISubiektGT\SubiektGT\product->update: Request finish: ::1
2024-07-06 11:07:25 Line: 11, : Request start: ::1
2024-07-06 11:07:25 Line: 95, APISubiektGT\SubiektGT\product->update: Request finish: ::1
2024-07-06 11:07:26 Line: 11, : Request start: ::1
2024-07-06 11:07:26 Line: 95, APISubiektGT\SubiektGT\product->update: Request finish: ::1
2024-07-06 11:07:27 Line: 11, : Request start: ::1
2024-07-06 11:07:27 Line: 95, APISubiektGT\SubiektGT\product->update: Request finish: ::1
2024-07-06 11:07:28 Line: 11, : Request start: ::1
2024-07-06 11:07:28 Line: 95, APISubiektGT\SubiektGT\product->update: Request finish: ::1
2024-07-06 11:07:29 Line: 11, : Request start: ::1
2024-07-06 11:07:29 Line: 95, APISubiektGT\SubiektGT\product->update: Request finish: ::1
2024-07-06 11:07:30 Line: 11, : Request start: ::1
2024-07-06 11:07:30 Line: 95, APISubiektGT\SubiektGT\product->update: Request finish: ::1
2024-07-06 11:07:32 Line: 11, : Request start: ::1
2024-07-06 11:07:32 Line: 95, APISubiektGT\SubiektGT\product->update: Request finish: ::1
2024-07-06 11:07:33 Line: 11, : Request start: ::1
2024-07-06 11:07:33 Line: 95, APISubiektGT\SubiektGT\product->update: Request finish: ::1
2024-07-06 11:07:33 Line: 11, : Request start: ::1
2024-07-06 11:07:33 Line: 95, APISubiektGT\SubiektGT\product->update: Request finish: ::1
2024-07-06 11:07:35 Line: 11, : Request start: ::1
2024-07-06 11:07:35 Line: 95, APISubiektGT\SubiektGT\product->update: Request finish: ::1
2024-07-06 11:07:37 Line: 11, : Request start: ::1
2024-07-06 11:07:37 Line: 95, APISubiektGT\SubiektGT\product->update: Request finish: ::1
2024-07-06 11:07:37 Line: 11, : Request start: ::1
2024-07-06 11:07:37 Line: 95, APISubiektGT\SubiektGT\product->update: Request finish: ::1
2024-07-06 11:07:38 Line: 11, : Request start: ::1
2024-07-06 11:07:38 Line: 95, APISubiektGT\SubiektGT\product->update: Request finish: ::1
2024-07-06 11:07:39 Line: 11, : Request start: ::1
2024-07-06 11:07:39 Line: 95, APISubiektGT\SubiektGT\product->update: Request finish: ::1
2024-07-06 11:07:40 Line: 11, : Request start: ::1
2024-07-06 11:07:40 Line: 95, APISubiektGT\SubiektGT\product->update: Request finish: ::1
2024-07-06 11:07:41 Line: 11, : Request start: ::1
2024-07-06 11:07:41 Line: 95, APISubiektGT\SubiektGT\product->update: Request finish: ::1
2024-07-06 11:07:42 Line: 11, : Request start: ::1
2024-07-06 11:07:42 Line: 95, APISubiektGT\SubiektGT\product->update: Request finish: ::1
2024-07-06 11:07:42 Line: 11, : Request start: ::1
2024-07-06 11:07:42 Line: 95, APISubiektGT\SubiektGT\product->update: Request finish: ::1
2024-07-06 11:07:43 Line: 11, : Request start: ::1
2024-07-06 11:07:43 Line: 95, APISubiektGT\SubiektGT\product->update: Request finish: ::1
2024-07-06 11:07:44 Line: 11, : Request start: ::1
2024-07-06 11:07:44 Line: 95, APISubiektGT\SubiektGT\product->update: Request finish: ::1
2024-07-06 11:07:45 Line: 11, : Request start: ::1
2024-07-06 11:07:45 Line: 95, APISubiektGT\SubiektGT\product->update: Request finish: ::1
2024-07-06 11:07:45 Line: 11, : Request start: ::1
2024-07-06 11:07:45 Line: 95, APISubiektGT\SubiektGT\product->update: Request finish: ::1
2024-07-06 11:07:46 Line: 11, : Request start: ::1
2024-07-06 11:07:46 Line: 95, APISubiektGT\SubiektGT\product->update: Request finish: ::1
2024-07-06 11:07:46 Line: 11, : Request start: ::1
2024-07-06 11:07:46 Line: 95, APISubiektGT\SubiektGT\product->update: Request finish: ::1
2024-07-06 11:07:47 Line: 11, : Request start: ::1
2024-07-06 11:07:47 Line: 95, APISubiektGT\SubiektGT\product->update: Request finish: ::1
2024-07-06 11:07:48 Line: 11, : Request start: ::1
2024-07-06 11:07:48 Line: 95, APISubiektGT\SubiektGT\product->update: Request finish: ::1
2024-07-06 11:07:49 Line: 11, : Request start: ::1
2024-07-06 11:07:49 Line: 95, APISubiektGT\SubiektGT\product->update: Request finish: ::1
2024-07-06 11:07:50 Line: 11, : Request start: ::1
2024-07-06 11:07:50 Line: 95, APISubiektGT\SubiektGT\product->update: Request finish: ::1
2024-07-06 11:07:51 Line: 11, : Request start: ::1
2024-07-06 11:07:51 Line: 95, APISubiektGT\SubiektGT\product->update: Request finish: ::1
2024-07-06 11:07:51 Line: 11, : Request start: ::1
2024-07-06 11:07:51 Line: 95, APISubiektGT\SubiektGT\product->update: Request finish: ::1
2024-07-06 11:07:52 Line: 11, : Request start: ::1
2024-07-06 11:07:52 Line: 95, APISubiektGT\SubiektGT\product->update: Request finish: ::1
2024-07-06 11:07:52 Line: 11, : Request start: ::1
2024-07-06 11:07:52 Line: 95, APISubiektGT\SubiektGT\product->update: Request finish: ::1
2024-07-06 11:07:53 Line: 11, : Request start: ::1
2024-07-06 11:07:53 Line: 95, APISubiektGT\SubiektGT\product->update: Request finish: ::1
2024-07-06 11:07:53 Line: 11, : Request start: ::1
2024-07-06 11:07:54 Line: 95, APISubiektGT\SubiektGT\product->update: Request finish: ::1
2024-07-06 11:07:55 Line: 11, : Request start: ::1
2024-07-06 11:07:55 Line: 95, APISubiektGT\SubiektGT\product->update: Request finish: ::1
2024-07-06 11:07:55 Line: 11, : Request start: ::1
2024-07-06 11:07:55 Line: 95, APISubiektGT\SubiektGT\product->update: Request finish: ::1
2024-07-06 11:07:56 Line: 11, : Request start: ::1
2024-07-06 11:07:56 Line: 95, APISubiektGT\SubiektGT\product->update: Request finish: ::1
2024-07-06 11:07:56 Line: 11, : Request start: ::1
2024-07-06 11:07:57 Line: 95, APISubiektGT\SubiektGT\product->update: Request finish: ::1
2024-07-06 11:07:57 Line: 11, : Request start: ::1
2024-07-06 11:07:57 Line: 95, APISubiektGT\SubiektGT\product->update: Request finish: ::1
2024-07-06 11:07:58 Line: 11, : Request start: ::1
2024-07-06 11:07:58 Line: 95, APISubiektGT\SubiektGT\product->update: Request finish: ::1
2024-07-06 11:07:59 Line: 11, : Request start: ::1
2024-07-06 11:07:59 Line: 95, APISubiektGT\SubiektGT\product->update: Request finish: ::1
2024-07-06 11:07:59 Line: 11, : Request start: ::1
2024-07-06 11:07:59 Line: 95, APISubiektGT\SubiektGT\product->update: Request finish: ::1
2024-07-06 11:08:00 Line: 11, : Request start: ::1
2024-07-06 11:08:00 Line: 95, APISubiektGT\SubiektGT\product->update: Request finish: ::1
2024-07-06 11:08:01 Line: 11, : Request start: ::1
2024-07-06 11:08:01 Line: 95, APISubiektGT\SubiektGT\product->update: Request finish: ::1
2024-07-06 11:08:01 Line: 11, : Request start: ::1
2024-07-06 11:08:02 Line: 95, APISubiektGT\SubiektGT\product->update: Request finish: ::1
2024-07-06 11:08:02 Line: 11, : Request start: ::1
2024-07-06 11:08:02 Line: 95, APISubiektGT\SubiektGT\product->update: Request finish: ::1
2024-07-06 11:08:03 Line: 11, : Request start: ::1
2024-07-06 11:08:03 Line: 95, APISubiektGT\SubiektGT\product->update: Request finish: ::1
2024-07-06 11:08:03 Line: 11, : Request start: ::1
2024-07-06 11:08:03 Line: 95, APISubiektGT\SubiektGT\product->update: Request finish: ::1
2024-07-06 11:08:04 Line: 11, : Request start: ::1
2024-07-06 11:08:04 Line: 95, APISubiektGT\SubiektGT\product->update: Request finish: ::1
2024-07-06 11:08:05 Line: 11, : Request start: ::1
2024-07-06 11:08:05 Line: 95, APISubiektGT\SubiektGT\product->update: Request finish: ::1
2024-07-06 11:08:06 Line: 11, : Request start: ::1
2024-07-06 11:08:06 Line: 95, APISubiektGT\SubiektGT\product->update: Request finish: ::1
2024-07-06 11:08:07 Line: 11, : Request start: ::1
2024-07-06 11:08:07 Line: 95, APISubiektGT\SubiektGT\product->update: Request finish: ::1
2024-07-06 11:08:08 Line: 11, : Request start: ::1
2024-07-06 11:08:08 Line: 95, APISubiektGT\SubiektGT\product->update: Request finish: ::1
2024-07-06 11:08:08 Line: 11, : Request start: ::1
2024-07-06 11:08:08 Line: 95, APISubiektGT\SubiektGT\product->update: Request finish: ::1
2024-07-06 11:08:09 Line: 11, : Request start: ::1
2024-07-06 11:08:09 Line: 95, APISubiektGT\SubiektGT\product->update: Request finish: ::1
2024-07-06 11:08:10 Line: 11, : Request start: ::1
2024-07-06 11:08:10 Line: 95, APISubiektGT\SubiektGT\product->update: Request finish: ::1
2024-07-06 11:08:11 Line: 11, : Request start: ::1
2024-07-06 11:08:11 Line: 95, APISubiektGT\SubiektGT\product->update: Request finish: ::1
2024-07-06 11:08:11 Line: 11, : Request start: ::1
2024-07-06 11:08:11 Line: 95, APISubiektGT\SubiektGT\product->update: Request finish: ::1
2024-07-06 11:08:12 Line: 11, : Request start: ::1
2024-07-06 11:08:12 Line: 95, APISubiektGT\SubiektGT\product->update: Request finish: ::1
2024-07-06 11:08:13 Line: 11, : Request start: ::1
2024-07-06 11:08:13 Line: 95, APISubiektGT\SubiektGT\product->update: Request finish: ::1
2024-07-06 11:08:14 Line: 11, : Request start: ::1
2024-07-06 11:08:14 Line: 95, APISubiektGT\SubiektGT\product->update: Request finish: ::1
2024-07-06 11:08:14 Line: 11, : Request start: ::1
2024-07-06 11:08:15 Line: 95, APISubiektGT\SubiektGT\product->update: Request finish: ::1
2024-07-06 11:08:15 Line: 11, : Request start: ::1
2024-07-06 11:08:15 Line: 95, APISubiektGT\SubiektGT\product->update: Request finish: ::1
2024-07-06 11:08:16 Line: 11, : Request start: ::1
2024-07-06 11:08:16 Line: 95, APISubiektGT\SubiektGT\product->update: Request finish: ::1
2024-07-06 11:08:16 Line: 11, : Request start: ::1
2024-07-06 11:08:17 Line: 95, APISubiektGT\SubiektGT\product->update: Request finish: ::1
2024-07-06 11:08:17 Line: 11, : Request start: ::1
2024-07-06 11:08:17 Line: 95, APISubiektGT\SubiektGT\product->update: Request finish: ::1
2024-07-06 11:08:18 Line: 11, : Request start: ::1
2024-07-06 11:08:18 Line: 95, APISubiektGT\SubiektGT\product->update: Request finish: ::1
2024-07-06 11:08:19 Line: 11, : Request start: ::1
2024-07-06 11:08:19 Line: 95, APISubiektGT\SubiektGT\product->update: Request finish: ::1
2024-07-06 11:08:19 Line: 11, : Request start: ::1
2024-07-06 11:08:19 Line: 95, APISubiektGT\SubiektGT\product->update: Request finish: ::1
2024-07-06 11:08:20 Line: 11, : Request start: ::1
2024-07-06 11:08:20 Line: 95, APISubiektGT\SubiektGT\product->update: Request finish: ::1
2024-07-06 11:08:21 Line: 11, : Request start: ::1
2024-07-06 11:08:21 Line: 95, APISubiektGT\SubiektGT\product->update: Request finish: ::1
2024-07-06 11:08:22 Line: 11, : Request start: ::1
2024-07-06 11:08:22 Line: 95, APISubiektGT\SubiektGT\product->update: Request finish: ::1
2024-07-06 11:08:23 Line: 11, : Request start: ::1
2024-07-06 11:08:23 Line: 95, APISubiektGT\SubiektGT\product->update: Request finish: ::1
2024-07-06 11:08:27 Line: 11, : Request start: ::1
2024-07-06 11:08:27 Line: 95, APISubiektGT\SubiektGT\product->update: Request finish: ::1
2024-07-06 11:08:27 Line: 11, : Request start: ::1
2024-07-06 11:08:27 Line: 95, APISubiektGT\SubiektGT\product->update: Request finish: ::1
2024-07-06 11:08:29 Line: 11, : Request start: ::1
2024-07-06 11:08:29 Line: 95, APISubiektGT\SubiektGT\product->update: Request finish: ::1
2024-07-06 11:08:29 Line: 11, : Request start: ::1
2024-07-06 11:08:29 Line: 95, APISubiektGT\SubiektGT\product->update: Request finish: ::1
2024-07-06 11:08:30 Line: 11, : Request start: ::1
2024-07-06 11:08:30 Line: 95, APISubiektGT\SubiektGT\product->update: Request finish: ::1
2024-07-06 11:08:31 Line: 11, : Request start: ::1
2024-07-06 11:08:31 Line: 95, APISubiektGT\SubiektGT\product->update: Request finish: ::1
2024-07-06 11:08:32 Line: 11, : Request start: ::1
2024-07-06 11:08:32 Line: 95, APISubiektGT\SubiektGT\product->update: Request finish: ::1
2024-07-06 11:08:33 Line: 11, : Request start: ::1
2024-07-06 11:08:33 Line: 95, APISubiektGT\SubiektGT\product->update: Request finish: ::1
2024-07-06 11:08:33 Line: 11, : Request start: ::1
2024-07-06 11:08:33 Line: 95, APISubiektGT\SubiektGT\product->update: Request finish: ::1
2024-07-06 11:08:34 Line: 11, : Request start: ::1
2024-07-06 11:08:34 Line: 95, APISubiektGT\SubiektGT\product->update: Request finish: ::1
2024-07-06 11:08:35 Line: 11, : Request start: ::1
2024-07-06 11:08:35 Line: 95, APISubiektGT\SubiektGT\product->update: Request finish: ::1
2024-07-06 11:08:36 Line: 11, : Request start: ::1
2024-07-06 11:08:36 Line: 95, APISubiektGT\SubiektGT\product->update: Request finish: ::1
2024-07-06 11:08:36 Line: 11, : Request start: ::1
2024-07-06 11:08:36 Line: 95, APISubiektGT\SubiektGT\product->update: Request finish: ::1
2024-07-06 11:20:51 Line: 11, : Request start: ::1
2024-07-06 11:20:51 Line: 95, APISubiektGT\SubiektGT\product->update: Request finish: ::1
2024-07-06 11:20:51 Line: 11, : Request start: ::1
2024-07-06 11:20:52 Line: 95, APISubiektGT\SubiektGT\product->update: Request finish: ::1
2024-07-06 11:20:52 Line: 11, : Request start: ::1
2024-07-06 11:20:52 Line: 95, APISubiektGT\SubiektGT\product->update: Request finish: ::1
2024-07-06 11:20:53 Line: 11, : Request start: ::1
2024-07-06 11:20:53 Line: 95, APISubiektGT\SubiektGT\product->update: Request finish: ::1
2024-07-06 11:20:53 Line: 11, : Request start: ::1
2024-07-06 11:20:53 Line: 95, APISubiektGT\SubiektGT\product->update: Request finish: ::1
2024-07-06 11:20:54 Line: 11, : Request start: ::1
2024-07-06 11:20:54 Line: 95, APISubiektGT\SubiektGT\product->update: Request finish: ::1
2024-07-06 11:20:55 Line: 11, : Request start: ::1
2024-07-06 11:20:55 Line: 95, APISubiektGT\SubiektGT\product->update: Request finish: ::1
2024-07-06 11:20:55 Line: 11, : Request start: ::1
2024-07-06 11:20:55 Line: 95, APISubiektGT\SubiektGT\product->update: Request finish: ::1
2024-07-06 11:20:55 Line: 11, : Request start: ::1
2024-07-06 11:20:55 Line: 95, APISubiektGT\SubiektGT\product->update: Request finish: ::1
2024-07-06 11:20:56 Line: 11, : Request start: ::1
2024-07-06 11:20:56 Line: 327, APISubiektGT\SubiektGT\Product->update: Zaktualizowano produkt: IW0010
2024-07-06 11:20:56 Line: 95, APISubiektGT\SubiektGT\product->update: Request finish: ::1
2024-07-06 11:20:57 Line: 11, : Request start: ::1
2024-07-06 11:20:57 Line: 95, APISubiektGT\SubiektGT\product->update: Request finish: ::1
2024-07-06 11:20:57 Line: 11, : Request start: ::1
2024-07-06 11:20:57 Line: 95, APISubiektGT\SubiektGT\product->update: Request finish: ::1
2024-07-06 11:20:58 Line: 11, : Request start: ::1
2024-07-06 11:20:58 Line: 95, APISubiektGT\SubiektGT\product->update: Request finish: ::1
2024-07-06 11:20:58 Line: 11, : Request start: ::1
2024-07-06 11:20:58 Line: 95, APISubiektGT\SubiektGT\product->update: Request finish: ::1
2024-07-06 11:20:58 Line: 11, : Request start: ::1
2024-07-06 11:20:58 Line: 95, APISubiektGT\SubiektGT\product->update: Request finish: ::1
2024-07-06 11:20:59 Line: 11, : Request start: ::1
2024-07-06 11:20:59 Line: 95, APISubiektGT\SubiektGT\product->update: Request finish: ::1
2024-07-06 11:20:59 Line: 11, : Request start: ::1
2024-07-06 11:20:59 Line: 95, APISubiektGT\SubiektGT\product->update: Request finish: ::1
2024-07-06 11:20:59 Line: 11, : Request start: ::1
2024-07-06 11:20:59 Line: 95, APISubiektGT\SubiektGT\product->update: Request finish: ::1
2024-07-06 11:20:59 Line: 11, : Request start: ::1
2024-07-06 11:20:59 Line: 95, APISubiektGT\SubiektGT\product->update: Request finish: ::1
2024-07-06 11:21:00 Line: 11, : Request start: ::1
2024-07-06 11:21:00 Line: 95, APISubiektGT\SubiektGT\product->update: Request finish: ::1
2024-07-06 11:21:00 Line: 11, : Request start: ::1
2024-07-06 11:21:00 Line: 95, APISubiektGT\SubiektGT\product->update: Request finish: ::1
2024-07-06 11:21:01 Line: 11, : Request start: ::1
2024-07-06 11:21:01 Line: 95, APISubiektGT\SubiektGT\product->update: Request finish: ::1
2024-07-06 11:21:01 Line: 11, : Request start: ::1
2024-07-06 11:21:01 Line: 95, APISubiektGT\SubiektGT\product->update: Request finish: ::1
2024-07-06 11:21:01 Line: 11, : Request start: ::1
2024-07-06 11:21:01 Line: 95, APISubiektGT\SubiektGT\product->update: Request finish: ::1
2024-07-06 11:21:02 Line: 11, : Request start: ::1
2024-07-06 11:21:02 Line: 95, APISubiektGT\SubiektGT\product->update: Request finish: ::1
2024-07-06 11:21:02 Line: 11, : Request start: ::1
2024-07-06 11:21:02 Line: 95, APISubiektGT\SubiektGT\product->update: Request finish: ::1
2024-07-06 11:21:02 Line: 11, : Request start: ::1
2024-07-06 11:21:03 Line: 95, APISubiektGT\SubiektGT\product->update: Request finish: ::1
2024-07-06 11:21:03 Line: 11, : Request start: ::1
2024-07-06 11:21:03 Line: 95, APISubiektGT\SubiektGT\product->update: Request finish: ::1
2024-07-06 11:21:03 Line: 11, : Request start: ::1
2024-07-06 11:21:03 Line: 95, APISubiektGT\SubiektGT\product->update: Request finish: ::1
2024-07-06 11:21:04 Line: 11, : Request start: ::1
2024-07-06 11:21:04 Line: 95, APISubiektGT\SubiektGT\product->update: Request finish: ::1
2024-07-06 11:21:04 Line: 11, : Request start: ::1
2024-07-06 11:21:04 Line: 95, APISubiektGT\SubiektGT\product->update: Request finish: ::1
2024-07-06 11:21:05 Line: 11, : Request start: ::1
2024-07-06 11:21:05 Line: 95, APISubiektGT\SubiektGT\product->update: Request finish: ::1
2024-07-06 11:21:05 Line: 11, : Request start: ::1
2024-07-06 11:21:05 Line: 95, APISubiektGT\SubiektGT\product->update: Request finish: ::1
2024-07-06 11:21:06 Line: 11, : Request start: ::1
2024-07-06 11:21:06 Line: 95, APISubiektGT\SubiektGT\product->update: Request finish: ::1
2024-07-06 11:21:06 Line: 11, : Request start: ::1
2024-07-06 11:21:06 Line: 95, APISubiektGT\SubiektGT\product->update: Request finish: ::1
2024-07-06 11:21:06 Line: 11, : Request start: ::1
2024-07-06 11:21:06 Line: 95, APISubiektGT\SubiektGT\product->update: Request finish: ::1
2024-07-06 11:21:07 Line: 11, : Request start: ::1
2024-07-06 11:21:07 Line: 95, APISubiektGT\SubiektGT\product->update: Request finish: ::1
2024-07-06 11:21:07 Line: 11, : Request start: ::1
2024-07-06 11:21:07 Line: 95, APISubiektGT\SubiektGT\product->update: Request finish: ::1
2024-07-06 11:21:07 Line: 11, : Request start: ::1
2024-07-06 11:21:08 Line: 95, APISubiektGT\SubiektGT\product->update: Request finish: ::1
2024-07-06 11:21:08 Line: 11, : Request start: ::1
2024-07-06 11:21:08 Line: 95, APISubiektGT\SubiektGT\product->update: Request finish: ::1
2024-07-06 11:21:08 Line: 11, : Request start: ::1
2024-07-06 11:21:08 Line: 95, APISubiektGT\SubiektGT\product->update: Request finish: ::1
2024-07-06 11:21:09 Line: 11, : Request start: ::1
2024-07-06 11:21:09 Line: 95, APISubiektGT\SubiektGT\product->update: Request finish: ::1
2024-07-06 11:21:09 Line: 11, : Request start: ::1
2024-07-06 11:21:09 Line: 95, APISubiektGT\SubiektGT\product->update: Request finish: ::1
2024-07-06 11:21:09 Line: 11, : Request start: ::1
2024-07-06 11:21:09 Line: 95, APISubiektGT\SubiektGT\product->update: Request finish: ::1
2024-07-06 11:21:10 Line: 11, : Request start: ::1
2024-07-06 11:21:10 Line: 95, APISubiektGT\SubiektGT\product->update: Request finish: ::1
2024-07-06 11:21:10 Line: 11, : Request start: ::1
2024-07-06 11:21:10 Line: 95, APISubiektGT\SubiektGT\product->update: Request finish: ::1
2024-07-06 11:21:11 Line: 11, : Request start: ::1
2024-07-06 11:21:11 Line: 95, APISubiektGT\SubiektGT\product->update: Request finish: ::1
2024-07-06 11:21:11 Line: 11, : Request start: ::1
2024-07-06 11:21:11 Line: 95, APISubiektGT\SubiektGT\product->update: Request finish: ::1
2024-07-06 11:24:21 Line: 11, : Request start: ::1
2024-07-06 11:24:21 Line: 95, APISubiektGT\SubiektGT\product->update: Request finish: ::1
2024-07-06 11:24:22 Line: 11, : Request start: ::1
2024-07-06 11:24:22 Line: 95, APISubiektGT\SubiektGT\product->update: Request finish: ::1
2024-07-06 11:24:22 Line: 11, : Request start: ::1
2024-07-06 11:24:22 Line: 95, APISubiektGT\SubiektGT\product->update: Request finish: ::1
2024-07-06 11:24:23 Line: 11, : Request start: ::1
2024-07-06 11:24:23 Line: 95, APISubiektGT\SubiektGT\product->update: Request finish: ::1
2024-07-06 11:24:23 Line: 11, : Request start: ::1
2024-07-06 11:24:23 Line: 95, APISubiektGT\SubiektGT\product->update: Request finish: ::1
2024-07-06 11:24:24 Line: 11, : Request start: ::1
2024-07-06 11:24:24 Line: 95, APISubiektGT\SubiektGT\product->update: Request finish: ::1
2024-07-06 11:24:24 Line: 11, : Request start: ::1
2024-07-06 11:24:24 Line: 95, APISubiektGT\SubiektGT\product->update: Request finish: ::1
2024-07-06 11:24:24 Line: 11, : Request start: ::1
2024-07-06 11:24:24 Line: 95, APISubiektGT\SubiektGT\product->update: Request finish: ::1
2024-07-06 11:24:25 Line: 11, : Request start: ::1
2024-07-06 11:24:25 Line: 95, APISubiektGT\SubiektGT\product->update: Request finish: ::1
2024-07-06 11:24:25 Line: 11, : Request start: ::1
2024-07-06 11:24:26 Line: 327, APISubiektGT\SubiektGT\Product->update: Zaktualizowano produkt: IW0010
2024-07-06 11:24:26 Line: 95, APISubiektGT\SubiektGT\product->update: Request finish: ::1
2024-07-06 11:24:26 Line: 11, : Request start: ::1
2024-07-06 11:24:26 Line: 95, APISubiektGT\SubiektGT\product->update: Request finish: ::1
2024-07-06 11:24:26 Line: 11, : Request start: ::1
2024-07-06 11:24:26 Line: 95, APISubiektGT\SubiektGT\product->update: Request finish: ::1
2024-07-06 11:24:26 Line: 11, : Request start: ::1
2024-07-06 11:24:26 Line: 95, APISubiektGT\SubiektGT\product->update: Request finish: ::1
2024-07-06 11:24:27 Line: 11, : Request start: ::1
2024-07-06 11:24:27 Line: 95, APISubiektGT\SubiektGT\product->update: Request finish: ::1
2024-07-06 11:24:27 Line: 11, : Request start: ::1
2024-07-06 11:24:27 Line: 95, APISubiektGT\SubiektGT\product->update: Request finish: ::1
2024-07-06 11:24:28 Line: 11, : Request start: ::1
2024-07-06 11:24:28 Line: 95, APISubiektGT\SubiektGT\product->update: Request finish: ::1
2024-07-06 11:24:28 Line: 11, : Request start: ::1
2024-07-06 11:24:28 Line: 95, APISubiektGT\SubiektGT\product->update: Request finish: ::1
2024-07-06 11:24:28 Line: 11, : Request start: ::1
2024-07-06 11:24:28 Line: 95, APISubiektGT\SubiektGT\product->update: Request finish: ::1
2024-07-06 11:24:29 Line: 11, : Request start: ::1
2024-07-06 11:24:29 Line: 95, APISubiektGT\SubiektGT\product->update: Request finish: ::1
2024-07-06 11:24:29 Line: 11, : Request start: ::1
2024-07-06 11:24:29 Line: 95, APISubiektGT\SubiektGT\product->update: Request finish: ::1
2024-07-06 11:24:29 Line: 11, : Request start: ::1
2024-07-06 11:24:29 Line: 95, APISubiektGT\SubiektGT\product->update: Request finish: ::1
2024-07-06 11:24:30 Line: 11, : Request start: ::1
2024-07-06 11:24:30 Line: 95, APISubiektGT\SubiektGT\product->update: Request finish: ::1
2024-07-06 11:24:30 Line: 11, : Request start: ::1
2024-07-06 11:24:30 Line: 95, APISubiektGT\SubiektGT\product->update: Request finish: ::1
2024-07-06 11:24:30 Line: 11, : Request start: ::1
2024-07-06 11:24:30 Line: 95, APISubiektGT\SubiektGT\product->update: Request finish: ::1
2024-07-06 11:24:31 Line: 11, : Request start: ::1
2024-07-06 11:24:31 Line: 95, APISubiektGT\SubiektGT\product->update: Request finish: ::1
2024-07-06 11:24:31 Line: 11, : Request start: ::1
2024-07-06 11:24:31 Line: 95, APISubiektGT\SubiektGT\product->update: Request finish: ::1
2024-07-06 11:24:31 Line: 11, : Request start: ::1
2024-07-06 11:24:31 Line: 95, APISubiektGT\SubiektGT\product->update: Request finish: ::1
2024-07-06 11:24:32 Line: 11, : Request start: ::1
2024-07-06 11:24:32 Line: 95, APISubiektGT\SubiektGT\product->update: Request finish: ::1
2024-07-06 11:24:32 Line: 11, : Request start: ::1
2024-07-06 11:24:32 Line: 95, APISubiektGT\SubiektGT\product->update: Request finish: ::1
2024-07-06 11:24:32 Line: 11, : Request start: ::1
2024-07-06 11:24:32 Line: 95, APISubiektGT\SubiektGT\product->update: Request finish: ::1
2024-07-06 11:24:32 Line: 11, : Request start: ::1
2024-07-06 11:24:33 Line: 95, APISubiektGT\SubiektGT\product->update: Request finish: ::1
2024-07-06 11:24:33 Line: 11, : Request start: ::1
2024-07-06 11:24:33 Line: 95, APISubiektGT\SubiektGT\product->update: Request finish: ::1
2024-07-06 11:24:33 Line: 11, : Request start: ::1
2024-07-06 11:24:34 Line: 95, APISubiektGT\SubiektGT\product->update: Request finish: ::1
2024-07-06 11:24:34 Line: 11, : Request start: ::1
2024-07-06 11:24:34 Line: 95, APISubiektGT\SubiektGT\product->update: Request finish: ::1
2024-07-06 11:24:34 Line: 11, : Request start: ::1
2024-07-06 11:24:34 Line: 95, APISubiektGT\SubiektGT\product->update: Request finish: ::1
2024-07-06 11:24:35 Line: 11, : Request start: ::1
2024-07-06 11:24:35 Line: 95, APISubiektGT\SubiektGT\product->update: Request finish: ::1
2024-07-06 11:24:35 Line: 11, : Request start: ::1
2024-07-06 11:24:35 Line: 95, APISubiektGT\SubiektGT\product->update: Request finish: ::1
2024-07-06 11:24:36 Line: 11, : Request start: ::1
2024-07-06 11:24:36 Line: 95, APISubiektGT\SubiektGT\product->update: Request finish: ::1
2024-07-06 11:24:36 Line: 11, : Request start: ::1
2024-07-06 11:24:36 Line: 95, APISubiektGT\SubiektGT\product->update: Request finish: ::1
2024-07-06 11:24:36 Line: 11, : Request start: ::1
2024-07-06 11:24:36 Line: 95, APISubiektGT\SubiektGT\product->update: Request finish: ::1
2024-07-06 11:24:37 Line: 11, : Request start: ::1
2024-07-06 11:24:37 Line: 95, APISubiektGT\SubiektGT\product->update: Request finish: ::1
2024-07-06 11:24:37 Line: 11, : Request start: ::1
2024-07-06 11:24:37 Line: 95, APISubiektGT\SubiektGT\product->update: Request finish: ::1
2024-07-06 11:24:37 Line: 11, : Request start: ::1
2024-07-06 11:24:37 Line: 95, APISubiektGT\SubiektGT\product->update: Request finish: ::1
2024-07-06 11:24:38 Line: 11, : Request start: ::1
2024-07-06 11:24:38 Line: 95, APISubiektGT\SubiektGT\product->update: Request finish: ::1
2024-07-06 11:24:38 Line: 11, : Request start: ::1
2024-07-06 11:24:38 Line: 95, APISubiektGT\SubiektGT\product->update: Request finish: ::1
2024-07-06 11:24:39 Line: 11, : Request start: ::1
2024-07-06 11:24:39 Line: 95, APISubiektGT\SubiektGT\product->update: Request finish: ::1
2024-07-06 11:24:39 Line: 11, : Request start: ::1
2024-07-06 11:24:39 Line: 95, APISubiektGT\SubiektGT\product->update: Request finish: ::1
2024-07-06 11:24:40 Line: 11, : Request start: ::1
2024-07-06 11:24:40 Line: 95, APISubiektGT\SubiektGT\product->update: Request finish: ::1
2024-07-06 11:24:56 Line: 11, : Request start: ::1
2024-07-06 11:24:56 Line: 95, APISubiektGT\SubiektGT\product->update: Request finish: ::1
2024-07-06 11:24:56 Line: 11, : Request start: ::1
2024-07-06 11:24:56 Line: 95, APISubiektGT\SubiektGT\product->update: Request finish: ::1
2024-07-06 11:24:56 Line: 11, : Request start: ::1
2024-07-06 11:24:56 Line: 95, APISubiektGT\SubiektGT\product->update: Request finish: ::1
2024-07-06 11:24:57 Line: 11, : Request start: ::1
2024-07-06 11:24:57 Line: 95, APISubiektGT\SubiektGT\product->update: Request finish: ::1
2024-07-06 11:24:57 Line: 11, : Request start: ::1
2024-07-06 11:24:57 Line: 95, APISubiektGT\SubiektGT\product->update: Request finish: ::1
2024-07-06 11:24:58 Line: 11, : Request start: ::1
2024-07-06 11:24:58 Line: 95, APISubiektGT\SubiektGT\product->update: Request finish: ::1
2024-07-06 11:24:58 Line: 11, : Request start: ::1
2024-07-06 11:24:58 Line: 95, APISubiektGT\SubiektGT\product->update: Request finish: ::1
2024-07-06 11:24:58 Line: 11, : Request start: ::1
2024-07-06 11:24:59 Line: 95, APISubiektGT\SubiektGT\product->update: Request finish: ::1
2024-07-06 11:24:59 Line: 11, : Request start: ::1
2024-07-06 11:24:59 Line: 95, APISubiektGT\SubiektGT\product->update: Request finish: ::1
2024-07-06 11:24:59 Line: 11, : Request start: ::1
2024-07-06 11:25:00 Line: 327, APISubiektGT\SubiektGT\Product->update: Zaktualizowano produkt: IW0010
2024-07-06 11:25:00 Line: 95, APISubiektGT\SubiektGT\product->update: Request finish: ::1
2024-07-06 11:25:01 Line: 11, : Request start: ::1
2024-07-06 11:25:01 Line: 95, APISubiektGT\SubiektGT\product->update: Request finish: ::1
2024-07-06 11:25:01 Line: 11, : Request start: ::1
2024-07-06 11:25:01 Line: 95, APISubiektGT\SubiektGT\product->update: Request finish: ::1
2024-07-06 11:25:02 Line: 11, : Request start: ::1
2024-07-06 11:25:02 Line: 95, APISubiektGT\SubiektGT\product->update: Request finish: ::1
2024-07-06 11:25:02 Line: 11, : Request start: ::1
2024-07-06 11:25:02 Line: 95, APISubiektGT\SubiektGT\product->update: Request finish: ::1
2024-07-06 11:25:03 Line: 11, : Request start: ::1
2024-07-06 11:25:03 Line: 95, APISubiektGT\SubiektGT\product->update: Request finish: ::1
2024-07-06 11:25:03 Line: 11, : Request start: ::1
2024-07-06 11:25:03 Line: 95, APISubiektGT\SubiektGT\product->update: Request finish: ::1
2024-07-06 11:25:03 Line: 11, : Request start: ::1
2024-07-06 11:25:03 Line: 95, APISubiektGT\SubiektGT\product->update: Request finish: ::1
2024-07-06 11:25:04 Line: 11, : Request start: ::1
2024-07-06 11:25:04 Line: 95, APISubiektGT\SubiektGT\product->update: Request finish: ::1
2024-07-06 11:25:04 Line: 11, : Request start: ::1
2024-07-06 11:25:04 Line: 95, APISubiektGT\SubiektGT\product->update: Request finish: ::1
2024-07-06 11:25:05 Line: 11, : Request start: ::1
2024-07-06 11:25:05 Line: 95, APISubiektGT\SubiektGT\product->update: Request finish: ::1
2024-07-06 11:25:05 Line: 11, : Request start: ::1
2024-07-06 11:25:05 Line: 95, APISubiektGT\SubiektGT\product->update: Request finish: ::1
2024-07-06 11:25:05 Line: 11, : Request start: ::1
2024-07-06 11:25:05 Line: 95, APISubiektGT\SubiektGT\product->update: Request finish: ::1
2024-07-06 11:25:06 Line: 11, : Request start: ::1
2024-07-06 11:25:06 Line: 95, APISubiektGT\SubiektGT\product->update: Request finish: ::1
2024-07-06 11:25:06 Line: 11, : Request start: ::1
2024-07-06 11:25:06 Line: 95, APISubiektGT\SubiektGT\product->update: Request finish: ::1
2024-07-06 11:25:06 Line: 11, : Request start: ::1
2024-07-06 11:25:07 Line: 95, APISubiektGT\SubiektGT\product->update: Request finish: ::1
2024-07-06 11:25:07 Line: 11, : Request start: ::1
2024-07-06 11:25:07 Line: 95, APISubiektGT\SubiektGT\product->update: Request finish: ::1
2024-07-06 11:25:08 Line: 11, : Request start: ::1
2024-07-06 11:25:08 Line: 95, APISubiektGT\SubiektGT\product->update: Request finish: ::1
2024-07-06 11:25:08 Line: 11, : Request start: ::1
2024-07-06 11:25:08 Line: 95, APISubiektGT\SubiektGT\product->update: Request finish: ::1
2024-07-06 11:25:08 Line: 11, : Request start: ::1
2024-07-06 11:25:08 Line: 95, APISubiektGT\SubiektGT\product->update: Request finish: ::1
2024-07-06 11:25:09 Line: 11, : Request start: ::1
2024-07-06 11:25:09 Line: 95, APISubiektGT\SubiektGT\product->update: Request finish: ::1
2024-07-06 11:25:09 Line: 11, : Request start: ::1
2024-07-06 11:25:09 Line: 95, APISubiektGT\SubiektGT\product->update: Request finish: ::1
2024-07-06 11:25:10 Line: 11, : Request start: ::1
2024-07-06 11:25:10 Line: 95, APISubiektGT\SubiektGT\product->update: Request finish: ::1
2024-07-06 11:25:10 Line: 11, : Request start: ::1
2024-07-06 11:25:10 Line: 95, APISubiektGT\SubiektGT\product->update: Request finish: ::1
2024-07-06 11:25:11 Line: 11, : Request start: ::1
2024-07-06 11:25:11 Line: 95, APISubiektGT\SubiektGT\product->update: Request finish: ::1
2024-07-06 11:25:11 Line: 11, : Request start: ::1
2024-07-06 11:25:11 Line: 95, APISubiektGT\SubiektGT\product->update: Request finish: ::1
2024-07-06 11:25:11 Line: 11, : Request start: ::1
2024-07-06 11:25:11 Line: 95, APISubiektGT\SubiektGT\product->update: Request finish: ::1
2024-07-06 11:25:12 Line: 11, : Request start: ::1
2024-07-06 11:25:12 Line: 95, APISubiektGT\SubiektGT\product->update: Request finish: ::1
2024-07-06 11:25:12 Line: 11, : Request start: ::1
2024-07-06 11:25:12 Line: 95, APISubiektGT\SubiektGT\product->update: Request finish: ::1
2024-07-06 11:25:12 Line: 11, : Request start: ::1
2024-07-06 11:25:12 Line: 95, APISubiektGT\SubiektGT\product->update: Request finish: ::1
2024-07-06 11:25:13 Line: 11, : Request start: ::1
2024-07-06 11:25:13 Line: 95, APISubiektGT\SubiektGT\product->update: Request finish: ::1
2024-07-06 11:25:13 Line: 11, : Request start: ::1
2024-07-06 11:25:13 Line: 95, APISubiektGT\SubiektGT\product->update: Request finish: ::1
2024-07-06 11:25:14 Line: 11, : Request start: ::1
2024-07-06 11:25:14 Line: 95, APISubiektGT\SubiektGT\product->update: Request finish: ::1
2024-07-06 11:25:14 Line: 11, : Request start: ::1
2024-07-06 11:25:14 Line: 95, APISubiektGT\SubiektGT\product->update: Request finish: ::1
2024-07-06 11:25:15 Line: 11, : Request start: ::1
2024-07-06 11:25:15 Line: 95, APISubiektGT\SubiektGT\product->update: Request finish: ::1
2024-07-06 11:25:16 Line: 11, : Request start: ::1
2024-07-06 11:25:16 Line: 95, APISubiektGT\SubiektGT\product->update: Request finish: ::1
2024-07-06 11:25:16 Line: 11, : Request start: ::1
2024-07-06 11:25:16 Line: 95, APISubiektGT\SubiektGT\product->update: Request finish: ::1
2024-07-06 11:25:16 Line: 11, : Request start: ::1
2024-07-06 11:25:16 Line: 95, APISubiektGT\SubiektGT\product->update: Request finish: ::1
2024-07-06 11:25:17 Line: 11, : Request start: ::1
2024-07-06 11:25:17 Line: 95, APISubiektGT\SubiektGT\product->update: Request finish: ::1
2024-07-06 11:25:37 Line: 11, : Request start: ::1
2024-07-06 11:25:37 Line: 327, APISubiektGT\SubiektGT\Product->update: Zaktualizowano produkt: MF0013
2024-07-06 11:25:37 Line: 95, APISubiektGT\SubiektGT\product->update: Request finish: ::1
2024-07-06 11:25:38 Line: 11, : Request start: ::1
2024-07-06 11:25:38 Line: 95, APISubiektGT\SubiektGT\product->update: Request finish: ::1
2024-07-06 11:25:39 Line: 11, : Request start: ::1
2024-07-06 11:25:39 Line: 95, APISubiektGT\SubiektGT\product->update: Request finish: ::1
2024-07-06 11:25:40 Line: 11, : Request start: ::1
2024-07-06 11:25:40 Line: 95, APISubiektGT\SubiektGT\product->update: Request finish: ::1
2024-07-06 11:25:41 Line: 11, : Request start: ::1
2024-07-06 11:25:41 Line: 95, APISubiektGT\SubiektGT\product->update: Request finish: ::1
2024-07-06 11:25:42 Line: 11, : Request start: ::1
2024-07-06 11:25:42 Line: 95, APISubiektGT\SubiektGT\product->update: Request finish: ::1
2024-07-06 11:25:43 Line: 11, : Request start: ::1
2024-07-06 11:25:43 Line: 95, APISubiektGT\SubiektGT\product->update: Request finish: ::1
2024-07-06 11:25:44 Line: 11, : Request start: ::1
2024-07-06 11:25:44 Line: 95, APISubiektGT\SubiektGT\product->update: Request finish: ::1
2024-07-06 11:25:45 Line: 11, : Request start: ::1
2024-07-06 11:25:45 Line: 95, APISubiektGT\SubiektGT\product->update: Request finish: ::1
2024-07-06 11:25:46 Line: 11, : Request start: ::1
2024-07-06 11:25:46 Line: 95, APISubiektGT\SubiektGT\product->update: Request finish: ::1
2024-07-06 11:25:47 Line: 11, : Request start: ::1
2024-07-06 11:25:47 Line: 95, APISubiektGT\SubiektGT\product->update: Request finish: ::1
2024-07-06 11:25:47 Line: 11, : Request start: ::1
2024-07-06 11:25:47 Line: 95, APISubiektGT\SubiektGT\product->update: Request finish: ::1
2024-07-06 11:25:48 Line: 11, : Request start: ::1
2024-07-06 11:25:48 Line: 95, APISubiektGT\SubiektGT\product->update: Request finish: ::1
2024-07-06 11:25:49 Line: 11, : Request start: ::1
2024-07-06 11:25:49 Line: 95, APISubiektGT\SubiektGT\product->update: Request finish: ::1
2024-07-06 11:25:49 Line: 11, : Request start: ::1
2024-07-06 11:25:49 Line: 95, APISubiektGT\SubiektGT\product->update: Request finish: ::1
2024-07-06 11:25:50 Line: 11, : Request start: ::1
2024-07-06 11:25:50 Line: 95, APISubiektGT\SubiektGT\product->update: Request finish: ::1
2024-07-06 11:25:51 Line: 11, : Request start: ::1
2024-07-06 11:25:51 Line: 95, APISubiektGT\SubiektGT\product->update: Request finish: ::1
2024-07-06 11:25:52 Line: 11, : Request start: ::1
2024-07-06 11:25:52 Line: 95, APISubiektGT\SubiektGT\product->update: Request finish: ::1
2024-07-06 11:25:52 Line: 11, : Request start: ::1
2024-07-06 11:25:52 Line: 95, APISubiektGT\SubiektGT\product->update: Request finish: ::1
2024-07-06 11:25:53 Line: 11, : Request start: ::1
2024-07-06 11:25:53 Line: 95, APISubiektGT\SubiektGT\product->update: Request finish: ::1
2024-07-06 11:25:54 Line: 11, : Request start: ::1
2024-07-06 11:25:54 Line: 95, APISubiektGT\SubiektGT\product->update: Request finish: ::1
2024-07-06 11:25:55 Line: 11, : Request start: ::1
2024-07-06 11:25:55 Line: 95, APISubiektGT\SubiektGT\product->update: Request finish: ::1
2024-07-06 11:25:56 Line: 11, : Request start: ::1
2024-07-06 11:25:56 Line: 95, APISubiektGT\SubiektGT\product->update: Request finish: ::1
2024-07-06 11:25:56 Line: 11, : Request start: ::1
2024-07-06 11:25:57 Line: 95, APISubiektGT\SubiektGT\product->update: Request finish: ::1
2024-07-06 11:25:57 Line: 11, : Request start: ::1
2024-07-06 11:25:58 Line: 95, APISubiektGT\SubiektGT\product->update: Request finish: ::1
2024-07-06 11:25:58 Line: 11, : Request start: ::1
2024-07-06 11:25:58 Line: 95, APISubiektGT\SubiektGT\product->update: Request finish: ::1
2024-07-06 11:25:59 Line: 11, : Request start: ::1
2024-07-06 11:25:59 Line: 95, APISubiektGT\SubiektGT\product->update: Request finish: ::1
2024-07-06 11:26:00 Line: 11, : Request start: ::1
2024-07-06 11:26:00 Line: 95, APISubiektGT\SubiektGT\product->update: Request finish: ::1
2024-07-06 11:26:00 Line: 11, : Request start: ::1
2024-07-06 11:26:01 Line: 95, APISubiektGT\SubiektGT\product->update: Request finish: ::1
2024-07-06 11:26:01 Line: 11, : Request start: ::1
2024-07-06 11:26:01 Line: 95, APISubiektGT\SubiektGT\product->update: Request finish: ::1
2024-07-06 11:26:02 Line: 11, : Request start: ::1
2024-07-06 11:26:02 Line: 95, APISubiektGT\SubiektGT\product->update: Request finish: ::1
2024-07-06 11:26:03 Line: 11, : Request start: ::1
2024-07-06 11:26:03 Line: 95, APISubiektGT\SubiektGT\product->update: Request finish: ::1
2024-07-06 11:26:04 Line: 11, : Request start: ::1
2024-07-06 11:26:04 Line: 95, APISubiektGT\SubiektGT\product->update: Request finish: ::1
2024-07-06 11:26:04 Line: 11, : Request start: ::1
2024-07-06 11:26:05 Line: 95, APISubiektGT\SubiektGT\product->update: Request finish: ::1
2024-07-06 11:26:05 Line: 11, : Request start: ::1
2024-07-06 11:26:05 Line: 95, APISubiektGT\SubiektGT\product->update: Request finish: ::1
2024-07-06 11:26:06 Line: 11, : Request start: ::1
2024-07-06 11:26:06 Line: 95, APISubiektGT\SubiektGT\product->update: Request finish: ::1
2024-07-06 11:26:07 Line: 11, : Request start: ::1
2024-07-06 11:26:07 Line: 95, APISubiektGT\SubiektGT\product->update: Request finish: ::1
2024-07-06 11:26:08 Line: 11, : Request start: ::1
2024-07-06 11:26:08 Line: 95, APISubiektGT\SubiektGT\product->update: Request finish: ::1
2024-07-06 11:26:08 Line: 11, : Request start: ::1
2024-07-06 11:26:08 Line: 95, APISubiektGT\SubiektGT\product->update: Request finish: ::1
2024-07-06 11:26:09 Line: 11, : Request start: ::1
2024-07-06 11:26:09 Line: 95, APISubiektGT\SubiektGT\product->update: Request finish: ::1
2024-07-06 11:26:10 Line: 11, : Request start: ::1
2024-07-06 11:26:10 Line: 95, APISubiektGT\SubiektGT\product->update: Request finish: ::1
2024-07-06 11:26:11 Line: 11, : Request start: ::1
2024-07-06 11:26:11 Line: 95, APISubiektGT\SubiektGT\product->update: Request finish: ::1
2024-07-06 11:26:12 Line: 11, : Request start: ::1
2024-07-06 11:26:12 Line: 95, APISubiektGT\SubiektGT\product->update: Request finish: ::1
2024-07-06 11:26:13 Line: 11, : Request start: ::1
2024-07-06 11:26:13 Line: 95, APISubiektGT\SubiektGT\product->update: Request finish: ::1
2024-07-06 11:26:14 Line: 11, : Request start: ::1
2024-07-06 11:26:14 Line: 95, APISubiektGT\SubiektGT\product->update: Request finish: ::1
2024-07-06 11:26:15 Line: 11, : Request start: ::1
2024-07-06 11:26:15 Line: 95, APISubiektGT\SubiektGT\product->update: Request finish: ::1
2024-07-06 11:26:17 Line: 11, : Request start: ::1
2024-07-06 11:26:17 Line: 95, APISubiektGT\SubiektGT\product->update: Request finish: ::1
2024-07-06 11:26:19 Line: 11, : Request start: ::1
2024-07-06 11:26:19 Line: 95, APISubiektGT\SubiektGT\product->update: Request finish: ::1
2024-07-06 11:26:20 Line: 11, : Request start: ::1
2024-07-06 11:26:20 Line: 95, APISubiektGT\SubiektGT\product->update: Request finish: ::1
2024-07-06 11:26:20 Line: 11, : Request start: ::1
2024-07-06 11:26:20 Line: 95, APISubiektGT\SubiektGT\product->update: Request finish: ::1
2024-07-06 11:26:21 Line: 11, : Request start: ::1
2024-07-06 11:26:21 Line: 95, APISubiektGT\SubiektGT\product->update: Request finish: ::1
2024-07-06 11:26:23 Line: 11, : Request start: ::1
2024-07-06 11:26:23 Line: 95, APISubiektGT\SubiektGT\product->update: Request finish: ::1
2024-07-06 11:26:24 Line: 11, : Request start: ::1
2024-07-06 11:26:24 Line: 95, APISubiektGT\SubiektGT\product->update: Request finish: ::1
2024-07-06 11:26:25 Line: 11, : Request start: ::1
2024-07-06 11:26:25 Line: 95, APISubiektGT\SubiektGT\product->update: Request finish: ::1
2024-07-06 11:26:26 Line: 11, : Request start: ::1
2024-07-06 11:26:26 Line: 95, APISubiektGT\SubiektGT\product->update: Request finish: ::1
2024-07-06 11:26:28 Line: 11, : Request start: ::1
2024-07-06 11:26:28 Line: 95, APISubiektGT\SubiektGT\product->update: Request finish: ::1
2024-07-06 11:26:29 Line: 11, : Request start: ::1
2024-07-06 11:26:29 Line: 95, APISubiektGT\SubiektGT\product->update: Request finish: ::1
2024-07-06 11:26:31 Line: 11, : Request start: ::1
2024-07-06 11:26:31 Line: 95, APISubiektGT\SubiektGT\product->update: Request finish: ::1
2024-07-06 11:26:32 Line: 11, : Request start: ::1
2024-07-06 11:26:32 Line: 95, APISubiektGT\SubiektGT\product->update: Request finish: ::1
2024-07-06 11:26:33 Line: 11, : Request start: ::1
2024-07-06 11:26:33 Line: 95, APISubiektGT\SubiektGT\product->update: Request finish: ::1
2024-07-06 11:26:34 Line: 11, : Request start: ::1
2024-07-06 11:26:34 Line: 95, APISubiektGT\SubiektGT\product->update: Request finish: ::1
2024-07-06 11:26:36 Line: 11, : Request start: ::1
2024-07-06 11:26:36 Line: 95, APISubiektGT\SubiektGT\product->update: Request finish: ::1
2024-07-06 11:26:37 Line: 11, : Request start: ::1
2024-07-06 11:26:37 Line: 95, APISubiektGT\SubiektGT\product->update: Request finish: ::1
2024-07-06 11:26:38 Line: 11, : Request start: ::1
2024-07-06 11:26:38 Line: 95, APISubiektGT\SubiektGT\product->update: Request finish: ::1
2024-07-06 11:26:39 Line: 11, : Request start: ::1
2024-07-06 11:26:39 Line: 95, APISubiektGT\SubiektGT\product->update: Request finish: ::1
2024-07-06 11:26:40 Line: 11, : Request start: ::1
2024-07-06 11:26:40 Line: 95, APISubiektGT\SubiektGT\product->update: Request finish: ::1
2024-07-06 11:26:41 Line: 11, : Request start: ::1
2024-07-06 11:26:41 Line: 95, APISubiektGT\SubiektGT\product->update: Request finish: ::1
2024-07-06 11:26:43 Line: 11, : Request start: ::1
2024-07-06 11:26:43 Line: 95, APISubiektGT\SubiektGT\product->update: Request finish: ::1
2024-07-06 11:26:44 Line: 11, : Request start: ::1
2024-07-06 11:26:44 Line: 95, APISubiektGT\SubiektGT\product->update: Request finish: ::1
2024-07-06 11:26:45 Line: 11, : Request start: ::1
2024-07-06 11:26:45 Line: 95, APISubiektGT\SubiektGT\product->update: Request finish: ::1
2024-07-06 11:26:46 Line: 11, : Request start: ::1
2024-07-06 11:26:46 Line: 95, APISubiektGT\SubiektGT\product->update: Request finish: ::1
2024-07-06 11:27:14 Line: 11, : Request start: ::1
2024-07-06 11:27:14 Line: 95, APISubiektGT\SubiektGT\product->update: Request finish: ::1
2024-07-06 11:27:15 Line: 11, : Request start: ::1
2024-07-06 11:27:15 Line: 95, APISubiektGT\SubiektGT\product->update: Request finish: ::1
2024-07-06 11:27:15 Line: 11, : Request start: ::1
2024-07-06 11:27:15 Line: 95, APISubiektGT\SubiektGT\product->update: Request finish: ::1
2024-07-06 11:27:16 Line: 11, : Request start: ::1
2024-07-06 11:27:16 Line: 95, APISubiektGT\SubiektGT\product->update: Request finish: ::1
2024-07-06 11:27:16 Line: 11, : Request start: ::1
2024-07-06 11:27:16 Line: 95, APISubiektGT\SubiektGT\product->update: Request finish: ::1
2024-07-06 11:27:17 Line: 11, : Request start: ::1
2024-07-06 11:27:17 Line: 95, APISubiektGT\SubiektGT\product->update: Request finish: ::1
2024-07-06 11:27:17 Line: 11, : Request start: ::1
2024-07-06 11:27:17 Line: 95, APISubiektGT\SubiektGT\product->update: Request finish: ::1
